1
702
1 498
607
1 961
1 307
1 332
1 767
1
145
1 409
1 145
1
934
1
459
1 60
1 53
861
264
1 57
771
1
1 490
1 88
233
80
770
203
1 752
319
1
97
1
1
1 939
1
1 257
1
1
1 847
1 924
105
568
1
717
376
1
1
1
1 459
1
1
1 821
742
1
1
1 58
1
1 151
1
1
1
1 178
923
1 601
1 527
473
296
1
1 579
1 7
1
1 533
1
1
1 158
1 852
1 701
1 463
966
1
1 733
1
358
325
1 787
641
1
1
73
1 619
861
324
1 783
1
1
1
1 878
144
1
288
42
1
1
933
530
1
1
1 473
584
1
1 922
1
1 817
1
1 223
1 666
1 162
1 631
839
318
1
881
444
473
8
663
1
1 92
1
1 532
1 620
1 701
1
1 419
404
1
1 596
281
1 714
442
1
1
1 549
1
1 431
1 464
303
1
1
267
888
1 56
1
1
180
686
87
803
1
1 145
638
1 816
1
1 415
656
499
748
1
952
1
1 471
59
1
1
1
1
1 834
812
1
150
72
1 999
2125
717
1
1 505
1 638
1 934
1 844
1 188
1
7
652
1 610
1
311
1
1 529
1
1
610
1 794
1
1
922
1
1 895
1 258
950
63
1
1998
271
727
1
1 597
117
1 499
1
1 993
237
508
1
469
1 283
1 334
1 276
478
1 997
422
1 145
1 331
1
1 261
1
806
1 343
575
387
1
387
820
553
877
1
1
660
1 380
1 557
339
1 95
1
635
555
994
1
1 419
877
1
845
1
1 547
1
1 948
1 356
1
1 588
1
866
1
1
483
1 646
1 258
1
1
951
1 702
1 80
1
1
6472
1 219
1
1 940
1 365
1 516
1 266
1
1
1
1 79
1
1 998
1
21
1
1
1 847
1
1
1
1
1
1 809
1
1 688
1
1 740
733
1
1
1 336
365
630
826
1
1
1 248
328
1
1
1 685
1 345
1
1 826
1 36
1
501
1 283
187
1 224
1
1
948
1
113
1
1
1
1 128
306
344
640
1
1
1
1
1 93
1
1
1 605
1 910
376
1 130
1 968
292
1
1 315
272
1
1 584
560
1
596
1 112
1 869
1
31
1
761
1
1
1
1 900
1
1 927
1 373
1 460
1 427
377
1
1
1 978
1 116
1
1 323
1 639
1 149
960
1 518
1
1 14
677
1 192
462
759
807
1
1
1
1 262
1
1
1 228
736
1
1
345
1 792
1
1101
1
1 764
1 439
1 614
1 798
1 743
1 20
1
458
1 775
1 142
1
1 438
867
1 236
1
621
1 776
385
470
596
1
1 921
1 180
1 983
711
1 65
1
1
1
750
940
983
1 172
1432 1387
1
104
233
959
1 942
340
1
1 835
666
606
958
927
1 708
1 3
269
397
1 170
126
1
833
514
1 865
1 357
1
1
1
947
688
1
286
47
965
1
1 881
1
1 963
1 95
1 113
375
112
1
1
1
1 757
1 970
1 673
753
1 495
1
755
991
1
808
1
982
1 14
1 326
1 858
307
1 897
1
1 205
84
140
44
1
1
582
1 124
1 994
1 599
320
243
1 773
1 522
523
305
1 765
92
69
1000
852
1
1 146
1
1 479
1 847
705
1 544
1
498
968
1
1
1 349
1 59
1
1 811
1 624
423
332
1 993
401
662
1
458
1
197
1
1
666
1 554
1 747
749
159
1 513
886
999
1 170
1
1
1
1 544
1 912
1 507
1121
1 148
624
1
1
1
641
133
1
334
1 365
449
1 584
8047 628
1
1
235
1 455
49
1 575
134
135
1
437
394
1
754
1
1
1 407
1 289
201
1 352
1
42 1793
1
526
1 388
142
673
1 803
1 629
292
427
1
446
7
368
478
945
1 939
1
1 995
1 266
281
1 659
1
1
1 709
401
1
275
1 230
1
129
1 765
1
1 271
1
1
1 466
10264
1
1 340
1
1
872
1
1 345
1 732
774
1 77
1 930
431
1 561
861
1
1
1
18
591
1 435
1 776
1
1 942
1
1 180
783
1 471
1
1 511
6680 694
1 465
1 126
946
1
681
544
1
1
262
1 237
1
1
372
458
1 956
1
1
790
949
1
1 665
647
1
1
1 300
1 657
1
1 175
1
1 882
782
968
1
1 590
1
1
265
186
166
189
1 879
1
657
1 886
1 218
1
1
1
1
1 894
390
1 98
1 683
1 88
354
1
279
696
499
1 873
1
1
251
742
1
1
1
450
208
1
1 462
2064
544
885
722
1
1
1
1
1 668
190
819
1
646
1
1 437
1
595
1 748
1698
1
1 283
148
1 562
1
1 993
1 903
1
59
1 518
501
1 121
1 727
1 342
1 885
296
1
1 389
39
1 616
847
1 165
1 315
619
1 523
664
1 920
1 787
857
1
1
1 156
1 936
304
569
1 83
1
12
1 997
163
509
1
1 398
727
32
949
546
182
1 823
268
818
595
1
1 121
1
55
1
1 617
1 870
1
1
1 235
1
1 172
1
1 105
1 856
1 307
401 188
1 803
1
768
1
1 563
1 81
1
540
855
1
126
315
1
1
307
1 743
1
1 245
1
782
1 74
264
1
1 832
1
1 946
708
1
1 825
1 795
263
1 756
299
1 653
257
1 36
2157 1585
1 156
3882
1 2
1 999
215
926
1 989
1
1 622
837
630
1 302
1 794
595
889
1 224
466
1 568
946
1 781
1
1 585
1
1 594
1
1 325
1
647
1 874
1 800
1
40
1 100
1 771
1 760
1
28
941
1 666
1722
537
179
1 763
1 458
547
1
494
1 101
1
1
359
1 528
1 852
263
192
1
1 244
1
891
190
1 1
1 539
1 508
281
1 555
476
1 653
910
1
444
1
1 510
1 69
1 358
167
559
902
1 208
1 157
1 533
1
1
1 199
1 39
135
1
1
1231
517
8639 915
1 711
1
207
1 440
452
535
164
1
1 666
1
1
1 942
1 353
1
1 434
1 269
1 434
1
1
772
1028
1 273
334
1
44
1 942
1 488
1 165
449
1
1 230
510
791
102
1
1
1 596
1
1
779
1 758
1
1
28
252
858
1
444
1 405
23
1 494
619
1
64
160
1 576
364
621
1 56
1620 1046
558
795
1
856
1 498
1
889
1 463
1
1
289
1 452
1 90
1
467
1
1
1 764
1 294
1
851
1
408
681
1 410
171
1
1 818
1 171
1
1 81
999
365
1 867
1
1
1
1
1
223
37
922
967
1
1
1 962
1 761
1 200
493
1660
1
952
731
1
1 382
1
1
1
921
1
1
1 202
1 697
648
1892 796
1
1 90
1
1 774
594
39
112
795
1 813
1 511
1 719
203
1
139
1
48
1
738
1
55
658
94
1 757
316
1 846
1
1 182
1 796
212
368
1
219
732
44
1 735
940
195
1
1 132
1
1
1
1
951
283
1
1 961
307
1
133
3599
95
1
1 30
190
1 445
961
915
1 471
1 791
970
1 716
874
1 263
1 651
1 647
1 469
1 743
1 377
778
64
1 429
834
1 377
1 960
2937
1 636
773
1 815
1 774
1 60
1 379
1 343
774
1 360
837
782
1
1
1 334
1
1
1 514
1
1
1
1 873
1 360
241
1 52
1
1
1 235
410
8142
395
1
845
464
2808
227
1
1 48
1
1 173
1 268
1
1
324
1
698
534
1
994
1 605
1 639
1 727
408
1
1 632
1
235
1
1
1
635
1
1 601
996
1 522
1
1
1 284
4291
1
835
1 35
1 478
875
622
1 637
1
355
48
1
199
1 956
1
1
1
529
1 968
1 821
163
1 891
228
1 391
1 55
900
1
145 1209
1
822
1 690
1320
1
1 931
1 663
778
1 416
704
1 112
919
369
1 538
968
1
915
1 420
1
1
1 47
1
1
762
958
1 791
1 835
854
1
1
800
762
1 942
794
2172 145
1 502
675
1 348
7490 1818
936
1
1
1 453
1
989
1
1
1 838
1 61
1
214
1
1
143
158
1 632
1 525
1 638
1
1 987
1
1
1 497
784
949
1
1
1 965
1
802
359
1 275
1
742
1
58
3375 1649
1
1125
109
1 604
277
1
1
1
369
404
1 258
1 973
1
1
1
1 480
1
504
1 164
1 620
551
152
1
136
1 199
1 613
1 576
1
1
1
1 984
1 464
1 321
1
1 783
1 713
1
396
970
1 639
1 931
1 46
1
1 615
1 595
1
1
1
167
1
504
1031
893
1
1
1 347
230
2593
433
302
428
84
1
542
1
1 894
1 173
6388
1
1
1
607
1 768
298
1 231
1 219
3810 1146
1 795
1 951
590
1 900
1513
1
567
1 606
1 758
1 458
1
1
7
39
586
489
1 937
1
1 729
1 609
1 725
1
1 136
708
1 168
1 95
173
1211 1642
1 750
153
1
1
1
617
1
1 972
1
1
1
1
1 437
1 895
1 306
1 217
1
948
1 678
1 530
1
1 391
1 344
468
980
1
918 1108
1
1 255
1 807
1 236
1 318
240
1
7414 1489
541
1 537
343
1 395
620
37
1 594
11
1 399
1
4837 1317
508
1 692
1 154
890
265
1
1 600
1
112
1 860
1 236
141
712
217
1
1 965
1 829
1
1 889
304
1
60
1
579
1 681
938
1
537
1
630
893
1559
1
1 378
1 884
580
250
1 822
450
1 655
1 323
1
7546 638
1
679
447
1 36
738 1346
1
1
1 421
908
886
340
439
1
1 123
1 859
413
1 321
80
68
897
1
1
1
237
983
75
1 536
1 591
1
1
1
1 750
1
1 60
1
1
6794 1184
1
5401
1
370
232
403
1 981
229
989
1 510
1 75
1 840
1 304
1 16
1
1 269
667
1
770
1 676
1 88
277
1 346
1 728
334
1
1 999
981
1
621
815
1 275
1
1 113
1337
551
213
1 232
1 530
1 623
1 911
1 997
347
1 917
1
645
692
222
865
861
1565
1 388
1
1686
724
782
1 52
1 401
1 330
653
1
1
1 89
1
1
136
1 96
1 747
1 436
1
1
1 63
1
795
410
1 721
1 196
646
686
1 336
844
657
423
1
1 92
1 851
1
490
1625
677
1 61
667
1
1
892
718
368
1577 809
1
1 553
692
1 240
1 358
1
1
3276
89
1
1 213
1
1 692
369
1
1 452
1
28
1
972
1
1
1 46
1 710
1 27
441
1
623
1
1 336
1
916
1
944
1
1
1
625
591
1 89
96
1 796
1 273
1 496
624
1
1 336
58
236
1
1
602
1 202
1
1852 826
258
1
602
1 723
506
1 974
1
1
671
187
1
1
1
1
1144
691
944
1
44
439
1 8
99
1 282
1
1 523
1
1
1
1
1
844
1 844
315
340
1
1 840
256 1250
1
1 784
748
528
1 203
236
1
943
1
496
1 802
1 304
952
4232
1 716
632
1 296
945
1 941
1 995
1 371
1 511
336
1
130
1
1
1
6472
266
1 766
1 273
1 24
813
1 789
1
1
1585
879
254
1
1
2140
1
739
1
830
1
105
417
1
1 76
777
313
1
610
1
188
167
1 3
645
1 343
127
5642 1481
1 608
1
104
1 724
1
1 798
1 304
1
1
728
1
1 265
1
1 998
1620
1
698
1
1 989
1
241
1111 1370
1
196
1
1
1
1
1
907
1 137
1 556
1 946
1
235
1 326
1
442
730
201
71
191
1 242
184
449
1 136
1 595
1288
1
1
1
736
1
1360
1 22
8544 742
233
690
1
1
326
1 403
1 288
1 373
1 734
1 477
1 955
1
1 546
1 961
1
6262
1
1
637
1 453
915
1 303
1 413
1 338
4002
722
1
799
150
1089
1 547
1
1 989
794
802
1 475
1 527
371
1 273
675
416
1
1141
1030
1
1
1 881
1
524
1 558
293
1
1
615
490
895
1
168
1
1
1 779
1
1 970
1 758
1
4302
438
481
1 390
801
1
1 160
1
1 829
339
1 512
1 811
1 812
1 960
1
1
6245
1 16
1 730
571
1
1
1432
1 352
968
1 249
125
1 290
1 3
1
1
1
915
1
884
1
6229 1141
520
1 101
1 274
1
1 249
1 671
1 587
1
1 601
268
547
1 277
1
1
1 124
1
1 401
922
1 233
863 1066
7770 1300
1
1044
27
624
808
1
1 955
1
1 361
1
996
1
1 494
4291
650
1 241
949
1 360
683
3199 1430
1 395
1 549
1
929
1
1 797
1
1
1 151
1 726
1051
187
409
1 114
1 979
1023
1
1 44
1 413
1 700
1 407
1
1
67
1 498
894
707
1
1
1
114
1
1 203
1 173
1 936
1
1
1 703
1
1344
762
1
1
1
1 576
1
1
371
792
394
1 612
1
1 131
915
908
1 867
1944
951
863 1066
1
5371
8065 1149
1
1 59
1
1 318
1
1449
1 304
1
500
1
4890 1796
1237
162
1
1
957
1
1 749
748
1 738
1 193
509
275
1 135
654
1 464
1
1642
1
1
1 381
1
731
1
691
1
1
1
996
1 328
1
1
466
1 742
1
1 352
1
1
630
637
1 441
819
331
1
1 49
455
1
877
213
1270
1 576
4517 1241
1
1
1
1 656
943
1 763
1 20
1298
287
1
1287
308
116
1 352
1 284
1
100
1 150
1
213
1 674
1
699
387
1 510
96
1395
1
1886
1 784
1 187
1
5503
1121
1 490
1 721
3199
729
1 22
1
962
1
1
841
690 964
954
925
1
1
1 306
975
429
749
4449 2396
1 500
332
1 352
1
1 192
1 892
1 837
1
56
1
291
7837 2419
1 464
2119
580
432
3717 1201
787
113
674
1273
1585
1
1 539
7
929
1 652
1
4849 697
1 819
1
1 665
1 568
1
991
988
6989 1089
8447
593
1
1 341
1
1 264
1 74
6296 1641
1 245
504
935
1 978
731
638
1
1
1
748
1 205
1 512
1
985
1
954
727
1
887
278
1 431
8470 3276
249
1
1
136 630
1
1
1
784
1
1565
650
1 141
1
856
735
1 297
895
737
1 233
3286
1
1
1
1
478
1
554
858
302
328
947
1
40
105
1 540
1 886
4874
556
4781 1272
937
1 78
315 1010
1
4568
1346
1 42
284 805
1 585
1 48
1 513
1
1
1 950
488
439
1 477
652
636
1 209
1
341
675
1
969
1643
51
273
1
1 747
1
758
1619
1
8765 1352
1
1
1
1 536
2335 1015
1
952
599
1333
334
797
1
781
941
237
875
549
1 388
1 212
1
1 667
835
195
210
753
315
8320 607
1
151
201
1
1
1
708
1 609
1
1
472
279
1
88
214
1 324
680
149
1
624
1
1 801
555
1 144
1 354
1
1 165
865
1
1 870
1 181
1 87
342
1 660
1 90
1
1
638
1 187
1
933
701
1
6374
2050 1436
1
270 832
477
1 815
1
216
182
1 917
1 155
393
1 951
1 676
1 30
1
1
1
323
1 648
515
1
1 155
702
1 591
1 619
446
1
1
1298
1 743
863
1
1 913
9144
139 554
1 978
54
1
629
1
610
1121
388
401
6145
1
1 226
1454
1
1 186
9513
1 188
1
4755
1 799
1
9102 1007
189
5750 865
1174
7437 1096
1
1 742
1
349
82
1 586
1
378
63
234
771
349
1 866
894
747
659
282
1 485
97
1 249
1 416
655
7821
1 725
1
140
1 231
69
1
777
401
1
46
1
3270
1
177
1
1
351
968
1
64
1 791
3324 1726
1 101
1
1
1
357
804
1
78
871
1
526
1 32
7765
1
1
8281
1
1
1634
1
1
261
1
1152
482
1073
1
978
1
1 364
4587 357
1 86
1
1630
137
994
895
4781 1136
1559
483
3754
939
1916
967
310
1 292
1220
1
916
1
42
4267 1386
1 798
353
7957 1298
1
128
6324 2209
721
1 161
1
236
1 671
1
2505
1 431
606
1 89
1
7024
1
547
615
75
1
835
1
481
1 700
1 250
79
241
1
524
36
1
143
24
185
610
1 624
1 974
378
952
430
1
1 166
1
1
1 76
1
4446 1342
3082 217
1
888
765
387
1 150
1 102
5083
1 266
1 861
273
1
1 415
1 119
257
334
1 153
1 431
1
1 337
1
1
1
854
1 412
4411
658
1
579
1
1 800
902
1
1
1 156
632
1403
1 430
1 906
1
776
1 212
1
1 288
1
1 16
1
1
20
215
1
1
1 415
1
1
1 106
609
1
1 980
409
143
1
270
12
1 718
1
1 975
1
1
1834
998
1 925
1 555
1
1 816
1
1
1
880
1
1330
959
1
1
416
1 671
1
1 537
3125
1 60
1 267
1 262
1
621
1 373
227
824
1 445
788
900
1 46
952
1
1
6324 2209
1
1 86
16
3966 855
1 2
861
1
7527
1 835
1 124
1 475
1 907
1 776
1 277
1
9
1 252
1 90
1 24
1
1
1 95
1
91
998
422
312 1117
938
1
1
219
1 178
1 17
1 727
152
933
242
1
429
6602 1165
848
1
1
1
933
1
1
1 444
1458 867
1
1
80
1
678
1
1
1 379
359
1
1
965
1
1
3875 821
892
1
1 223
1 571
1 399
1
1 484
922
779
378
1
1 375
1 424
1 643
1
331
1 361
770
1
1
1 998
431
1 408
338
1
896
1
1 515
312 1117
955
1
1
1
1
1 566
1 239
1
2419
753
479
1
818
248 1193
1 705
1 549
237
429
6798
732
551
387
4045
1 397
1 708
1 336
1 323
507
1 670
489
176
1 970
1 441
1 853
8712
1 306
1
1 410
1
1
1 900
101
1
1
6874
396
1
1
4731 522
1
1 860
1
765
1 814
1
1 542
395
1 296
472
315
1
1 181
1
491
874
6164 1065
1
1007
105
1481
1
1
1 732
680
1
1169
405
718
1140
1 382
8705
1 69
1
321
16
1
1 422
1
758
637
4316 1536
796
466
6245
1411 804
430
410
1 189
2684 1478
5972 863
1 180
136
293
1 607
1
1
1497
1
1 537
1 850
834
1 949
1
1 158
1 796
1
1
1 419
6
1110
1 998
1
1 394
7370
1
1107
1
387
1
1 723
690
1
1758
1 770
1 92
847
1 880
105
1
1288
687
1 839
1
948
459
1 37
137
962
1
1
1
1 624
6337 1142
98
1 289
1
1 706
268
590
1383
284
1
1
227
1 416
3687 682
1 415
1
2163
248
46
1
1
19
1
620
1 352
6207
1 391
1 405
1 861
6128 1200
1 868
1
631
1 44
1
129
641
1
75
1
2973
1 546
1 768
1
1 397
1565
248
467
1
1
1
1 444
1
1 862
1
1 485
435
1 216
4371 915
219
277
1 897
1 927
1
433
1 249
341
565
535
808
1 934
1 556
1 478
1
1
54
1
567
1 390
214 1130
6784
777
391
1 525
1 119
1430 1693
1
1 926
1180 1654
1
1
347
1
1 117
1
97
1 156
1 399
1 433
1 701
3865
1
6794 1184
842
1 78
1 569
1
780
1 849
774
1 630
1 438
1
160
1 997
2229 1857
1
1 91
1
1 450
1 46
5167 1298
213
748
1 850
1406
1 766
1 951
1098 983
1 718
337
1 399
845
969
662
1
462
1
1
1
1
255
1
1 643
624
335 965
992
529
1
3232
1
1
965
1
1
1 68
1 763
1 107
973
1 372
1 858
768
1
1
969
666
7813
1
1
3609
242
241
1 428
1
1
977
282
985
1
937
1
184
6602 1165
1 770
644
1
1
1 964
1 894
341
384
971
1
1
456
1 547
5338 1704
1246 887
1
1 882
1
872
947
1
1 703
1 100
1 816
924
1 646
6297
1 757
91
951
820
1
1
1
1
4781 1136
1
1
8970 915
989
1
6
1
1
979
6318 1512
1
1 151
692
850
10089 647
1238
1
1
113
975
1 982
8544 742
410
970
1
1
250
1 72
629
1
1
956
1 56
1 925
704
1 160
381
126
948
912
1
446
123
506
1 902
807
5083
553
486
1
1
1 282
843
98
1
1
89
655
6889 1017
1
1 795
410
1
7834
1
1
1464
437
1 497
1 699
1
1 399
1 137
4302 1296
1
1
1
1 395
1 591
1 274
980
1
1 728
1 400
1
1
1 274
1
1
1
761
1432 1387
98
605
5796 1038
647
1 267
1
1 476
907
1
1 184
179
1 253
167
1
1
86
1
1
1
1 307
161
101
1
352
1
23
585
1 401
3286
1
400
1
24
215
1
614
1 712
1
1
829
1
3130
1
1 321
1 148
1
530
371
1
1
1 506
1 666
1 983
1
1 804
9739 115
10011 224
1
631
1 505
1 801
1
1 873
2820 1506
1 331
1
1 566
1
1
1 839
1 426
1
1
1387
359
630
1
1 702
1
1
1 829
1
1
1 880
1 858
1 804
1
1
1 679
913
4916 1163
729
465
329
1 555
27 1388
1
155
1 150
1 325
586
794
447
15
1 357
8082
70
4750
1
1
3728
1 240
1143
1
822
1 489
1
1
1 233
1 169
1
1
646 1423
1 740
1
4589 1136
1
1
1 696
1
1 908
979
3393
261
974
1 742
438
1 266
585
1
519
1 555
1 19
764
261
336
1
1 156
1 942
784
1
1 67
4253
469
1 243
1
858
7416
1
1
990
951
5566
1
1
1 161
1 877
1
1
1 565
1 732
1 671
1 424
1
1
741
1 90
1
1 143
1
1
1 704
1
1 184
657
2177
1 985
290
375
3761
665
1
1 583
1 878
673
1 207
1 501
6012
8765 1352
1
1 153
1
1
809
1 529
576
560
1
1 385
693 960
1 956
1 676
510
664
1
1174
1 220
7257
7014 841
752
1
2109 427
1 85
1165
1
1 473
1957
229
734
1 154
1 383
1
5369 793
1
1 518
1
794
279
1
1
483
1
682
533
682
603
3108 623
1819
1
1 975
1
1 732
1
370
1
1 593
1604
1
1
1
1 985
1
1
802
8883
1
907
1
1
1572
1821
1
1
1
428
1
105
935
1 109
1
1 456
579
889
203
1185
1
82
3875 821
1
19
784
1
1
1
430
289
622
1
1 7
229
553
1 288
26
1
1 707
237
1 907
1 272
4449
78
1
1 267
656
1 477
1
893
1
1296
1 572
813
1274
1 27
1
1
982
3360 1472
1 454
1 745
1 796
331
891
215
420
398
1
1 3
483
1
1 906
1 588
1 803
1
1 297
1
1 698
641
1
745
5642 1481
1329
99
822
935
1 801
1 56
1 126
1
72
1
1
560
1
1
184
641
659
1 483
306
1 358
906
1 850
1
1
1
1 59
489
1 40
772
599
365
1 70
1
1 530
1 808
2280
1 623
1380
1
42
4035
212
1
1 501
177
3638
1 191
1 641
1
785
1 14
1 97
260
1
1 174
1
1 151
434
1 847
2146
1
2277
1 21
1
1
172
1 394
1143 1042
1
1
1
994
3051
939
1
1 838
632
1 480
1 179
364
67
1
1
7301 1094
1 651
1
4421 990
1
845
1333
826
1 709
1
916
1
923
1 853
700
1
1
1
1
1
1
1
778
181
1
646
100
1 118
2485 895
599
1 121
8706
1
1 214
732
1 174
1
1
395
1 689
1
1 289
1 200
1541
1 135
1
601
1
1
948
1 991
1625
774
1 242
333
1 181
6596 586
1
1 916
1
373
1
1 216
514
1
1 40
1813
986
1
725
807
1
355
1 854
7922
1
1
1 492
471
1
1436
566
1
1
1 993
1 778
1
1
1 315
639 528
1 381
1 692
1 113
1
1
136
1 456
1 925
5816
703
151
1 538
178
1
779
896
1
1
1
802
1
1
1
1 542
1
1
1
1
295
1
1
518
1
307
1
1
803
654
1 601
1 573
1 814
163
1 549
1 308
1
1
7534 2692
939
1
7422
568
915
757
1 51
1 736
723
1 605
998
1 729
1
1 233
1872 367
1
284
1
548
1 672
2131
1 211
1
1 938
3865
1155
1
949
1870
1299
1 65
1 501
1 629
1 105
965
1 962
1
1 860
554
336
2134
1
1
4943 1171
1 476
1 331
841
1 602
1 739
1 80
6794 1184
472
3958 1681
1
1201
1 260
732
1 299
1
4587 357
168
414
1
1
5829 2077
1 508
1 605
5789 1182
1 200
1 424
1
1 777
1 771
1
1
1 679
1 281
1 667
411
1 815
1
1 22
2854
1 42
1 943
1
1 581
1 31
843
1
1079
794
752
1 409
1 673
352
1 325
1
1 56
74
1
255
896
1 45
1424
722
1
7490 1818
737
963
1
1 382
5128 1831
2224
16
1
1633
464
942
964
808
671
694
4302
1
442
362
985
889
795
1 60
507
1 923
1 977
1 853
1 391
1184
3217
591
1 569
1647
1
188
1
1 266
1 420
1 327
1 725
1
1
1
410
1 900
1 77
236
391
729
1 760
1140 618
8483 607
1 732
270
175
1456
6955 1386
627
4
628
1 972
190
1 346
1
11008 1329
4773
1
4520 1671
750
1935 903
1 657
1 777
1
1074
5625
207
7134 1357
584
1 310
1 808
618
8844 470
1
1
1 615
1
1
248
5263
935
1
1
1 574
1 985
48
7315 937
2879
1 458
1 998
1 845
1053
1 961
1 168
1 209
1 665
39
98
1
1 20
1 388
579
67
2070
1610
1 307
714
1 524
953
1
1 391
684
771
384
1
1 225
1 998
942
560
1 810
1
545
6229
329
831
268
1 436
1
7
1 152
1 723
1 426
658
1
2998
627
1 195
1
1194 1448
1
1
1
1
1
1
1 56
4616 1474
1
1
715
1
1
1 469
770
7582
8370
1 966
6043 838
1 703
709
1 741
3405
728
1
1
1801
1
1
1 260
1
2720 1590
614
1 144
3966 855
1
1
1
1
393
1 695
2791
1 772
490
822
529
1
353 801
1 59
766
1937
1
2998
1
1 621
8215 2710
404
181
1 634
689
1
1 422
180
1
476
1
1
8247 731
1 969
1
1 535
1 78
650
1448
1 686
3801
1
907
1658
1
1687
791
1
1 917
1
3035
1 824
1074
1
1
1
1189 1286
1
1 333
1
1 689
1
261
1 752
1 37
1412
1 593
1 558
190
1 727
814
1182
1 840
1237
613
997
1 515
5063 245
9173
334
961
1
993
567
1 195
1 42
1
1069
724 1572
496
57
304
1
1 949
1642
1
1 476
476
1
1
169
55
349
7782 1066
1 936
6181 1218
435
618
672
936
1
1
818
1 74
1
962
1
1 804
874
1
1
199
1
1
1
537
1
4554 747
1
1
1
381 825
1
1
538
137
1476
983
434
1 935
738
1 413
1 9
5401
1 597
976
1 783
1 138
608
74
365
378
1 649
1 213
1 398
1342
903
88
31
396
1 647
2480
7189 525
1
1671
1 826
1 436
1
1
1 656
1 822
887
3186 1264
1 594
533
1
503
740
201
1076
202 340
839
1 718
1756
73
488
989
1 774
1 22
678
1
1
1 197
631
1
1
1
1
1 698
363
714
5784
9403 1397
796
702
1 287
3687 682
372
1
679
3976 341
1 602
1
1 303
416
23
1 996
1
8215 1724
1 378
1
1 518
1 293
1251
192
1 597
1280
1
1
972
1 869
1 976
1
283
757
729
1 428
1 392
808
1 916
1
836
610
1
992
1 903
639
1
1 823
1 174
556
3448 674
1 342
873
950
1 613
1
1
1
1
1 856
384
1
1 231
1849 1813
1278
1 354
5642 1481
895
1
1
1 360
1 760
1 522
857 1567
271
4169
6079 1259
1 375
175
744
1 95
842
8015
1 820
1 136
1 437
3611
1
3101 1383
289
1
1 915
1 641
77
1944 1892
8373 1696
649
2262
1
1 70
2187
1 275
1 86
1 473
1
2692
989
1
1
1
490
1 451
1 841
1 779
1
8535
9033
497
1
8970
45
707 1756
1669
1 490
4183 1046
928
420
1
1
1 20
1
238
1 54
786
1096
1 209
1
2523
1
193
1
1 798
7423 3564
1 938
474
1 611
324
6
1 161
1960 587
1
1
1 351
593
673
1
1
783
1
5729 47
1 62
1
1323
557 177
987
1
1
371
1 170
1 353
1 274
1
277
1 290
1 395
506
447
1
5026 1333
367
1 336
1
1
1
3967 1012
1 661
869
833
1
1 621
1 371
1 221
707
1 358
1
80
1 400
7013
1
585
377
1
1
6462 1121
1 605
6409 1517
541
1453
1
1120
1 622
3638 1076
173
1
1 770
1 773
9407 774
251 621
993
1 486
1 447
1
1
1
1
6
1
1 713
23
230
189
1
1 708
1 431
291
3665
1
1 671
664
1 558
1 155
1 518
1 568
1
1 132
6651
1 979
1 439
1 646
697
1
1
976
986
1843
1
1 207
438
320
1
1 229
489
760
410
2033 1396
1069
238
416
1 885
887
1 907
2710
1
1 174
1
1
884
803
1
1
1
1 343
1 282
565
1852 826
1
936
1
1
683
6441 867
202
1
1 328
1
1 972
654
1 978
1 690
426
1
135
1
164
1
1
206
995
498
1
1 738
542
1 391
1 527
1 288
985
67
6555 2372
1
895
1
1 87
494
1
603
1
1 456
237 797
288
1283
8082
309
1 56
1
1
9823 899
7969
1
1 726
9407 774
1
785
982
318
1 82
1
1 778
8673
791
352
1
1 656
714
9638
1144
1 311
1
1
1 865
598
1
230
2569
2432
328
1610
1 279
4597 1260
1 89
434
1210
367
600
978
1 810
1
2203 709
2927 1262
1 906
1 871
897
6272 1175
529
1 894
587
38
1 821
742
1
1 574
1
1
418
168
1
575
1 711
1255
795
1
354
3904
1
2019 808
2233 1338
266
1009
1 878
1
1 112
27 835
1
1 980
8949 2431
564
734
1 970
695
1454
1 624
1
1
761
1
994
1
377
2971
8470 3276
1 186
7377 988
619
1
1 788
1
194
1844 280
405
1 750
1
1 755
1
1
2070
1
566
1
302
1
9236 650
587
1 967
1
4704 1580
1
1
1 592
1 737
352
970
1
367
820
1 842
952
7733
1 521
1 151
1 487
890
1
969
844
1
4590
1 244
1
1
1
781
251
1 357
8373 1696
113
1 931
1 428
551
1
1
1 920
1
1
1
1 397
1
741
549
143
1 892
4827 462
186
2707 2167
1
5324
1 74
1
1
1
395
40
1 892
1 893
1
1 991
5789
1
593
1 657
7298
1
1 572
403
1655 1655
136 630
950
3262 334
1
1
8082 1477
1
1
1 533
1
4002 507
1
1 470
678
1 127
833
5750 865
1 979
6094 877
1
1638
72
525
1 466
1
1788
1 249
1 524
1
234
613
474
1 115
380
1
1939
1 218
1
1
945
1 95
1 200
1 530
1 632
1 448
1 836
15
1610
108
564
4002
1866
1
1 451
1
1374
627
1209
1
1 313
1 663
1
896
768
1
1
1931
1
1 951
741
1 869
1 25
1 524
945
863
408
1 675
1
1 94
569
1
1 874
1 709
392
1
836 1722
1 590
1 431
3644 1084
1
469
1 528
1
956
1
1
1 169
1 303
1
1 975
1 632
1
327
470
232
1
460
1
1
1
5042 2449
1
192
5034 789
1 4
2575
811
1 607
8883 533
1
1453
415
1
389
792
191
637
441
169
1 707
1
440
381 825
1 799
755
1 297
3073 982
1144
1
461
5816 1656
568
616
5
1
300
9200
1 962
1476
1
978
989
1 405
1
3006
858
1 320
1 565
409
1 304
1 731
38
9543 1153
1
1
4913 945
1
725
1 357
787
996
193
1 596
1
351
1 595
1 555
436
1
1
1 197
1
353
1 396
682
405
1 890
7528
1 914
489
1
1218
1491
1 9
931
1
1 100
1
1
7057 1987
359
3186 1264
1
5829
1
4698 944
181
1 186
1 620
1 622
1
475
1 716
1
114
1448
2698 499
10
1
1
295
7327 2131
1
23
1
1
1 309
1734
1 162
1
292
1 768
4446
324
9403
2642
1
902
566
1 238
3163
1
1 292
667
7041
522
2233 1338
6654 1454
1 464
1
1 536
221
1 937
835
878
1074
1 973
149
2916
1
6589
1
559
746
1 490
757
1
1355
965
4601 1470
5969 714
1 246
1
1 405
53
1 762
578
4452
4478
1 808
1
713
229
181
1
1 788
1 133
637
75
1 160
101
841
1
10775 3185
1
4452
625
1 795
1 777
1 235
1 742
17
1 146
1
65
1045 988
1 537
1 571
440
1 635
1
1 703
1
1
1 544
896
9345
5040 387
67
1 273
1
1053
1 467
842
722
585
1
1 313
8355
1
356
1 96
1
1
1
1
861
1 340
1
3178 609
1 905
3232
115
836 1722
192
1
64
4605 1541
1 840
1 336
590
1280
1
843
1 808
3555
1 581
1 256
1 115
1
8234
187
1 169
1
1 361
1
4771
2400 1346
1
1831 1413
861
1
7526
203
1169
396
2998
1661
1 700
1 851
1 963
433
9102
1
1009 1241
1 853
1 704
261
400
1 724
1
613 400
3545
702
153
394
869
1
419
1
669
1
1211 863
1
1 993
6062 1116
103
1 965
6967
197
1 154
1
1
295 704
1 842
1
1
1378
1 829
10348 470
3766
1 768
1633
1 227
961
930
1
2359 1349
1
1337
1 408
3966 855
2723
1 491
1 279
549
972
1
1
760
1526
965
1435
6272 1175
1 733
338
764
1 325
1
1 795
1 528
847
1 17
1
1
257
97
1
1 283
1 436
2157
1
1
1
6464
1 156
2669 881
220
306
1
5037
1
1 530
1132
191
1
1 73
4003 965
1
175
1 236
1
359
1
1 572
1
1
1 3
1
1 807
1 698
1 633
1 927
1
1
874
1 861
1 647
1 159
157
5499
700
1774
988
1
133
846
1
1669
6374 1412
88
2195
801
936
1 62
253
1 362
52
1
1 58
326
1
851
1 602
1 602
1 77
1 732
322
1 88
1
3810
329
96
1 809
384
621
1
1
1 966
1 494
306
6581
7501
411
84
1 74
990
1 116
1066
1 881
764 1638
4107
1 506
335
1
1
1 123
435
352
1
1
945
1
1
1
1 546
1
1
1149
52
65
2971
681
1 584
1
951
1 946
1 600
722
900
67
1
3126 520
1
5098 1153
1 647
656
1488
1 72
1
823
5579
203
1567
34
620
1 742
1 902
994
1
1
489
621
1 267
1
1 635
747
1844 280
804
1
1
1 605
1
1
1
616
325
1
3317
205
1750
1 607
1198
1 801
999
1
1 551
5485 2167
1
1076
1 556
243
574
1
1
158
390
1
8331 3336
1
1
680
8639
1 929
872
671
290
1 202
450
393
1
837
1
696
1
1 264
1 471
219
7
1 1
1
1 38
264
1
1 676
1
1 150
1
1
1 213
2927
1
1
1
831
303
1 545
435
151
626
1 472
1
1
692
3163
5527
1
1786
2332
44
1836
1 696
9052 373
1 828
1 787
1186
1523
4129 1265
1
8373
947
1 879
1
8971
870
591
1
178
325
1
1 975
142
1 597
1 984
1 761
1 204
152
1 252
3285 1385
29
1
1 457
1
1 991
98
1 430
7197 1559
2064 1687
1 850
6409
621
2864
8536 2300
1 551
6323 2818
639
358
1
1
1 338
1
1
51
1 526
1
560
1 154
250
1
1904
925
531
1 697
1
1
259
1
3627
403
459 873
7081 2725
1
125
2540
1 261
1722 941
1
4416 423
1 693
135
1 785
2944
360
1 42
1 639
504
893
1
492
1 439
4001
3049
4001 1725
125
6505
225
7455 1990
504
469
1970
1
1
5063
1
5816 1656
1 174
4199
952
1 914
1 351
829
7582
7423
207
1
1 259
1
2112
1
558
1 323
825
1376
2729 281
9651 4012
516
804
1333
1
1 718
874
5338 1704
1
3328
1
1
396
847
3125 2726
1 652
1914
553
860
1 65
1457
2094
381
296 467
1
544
1
764
7589 1203
1 466
1
1
1
1
1
6167 2244
6874
4107
617
663
1
729
1 494
1
1077
2076
663
1
1290
1
1201
939 1168
857
1
359
1
9052 373
1402 1489
2044
4862 978
1
1
1 11
7784
1
1
8355
1
451
7692
4412 1850
51
1 778
1 418
4
1
1 972
1
1
4463
552
128
1 192
256
1 746
4414 2836
4676
5566 1333
1883
5128 1831
36
413
1
10348 470
881
208
8176
1 374
584
1 753
1 317
8373 2290
816
3230
1 557
1834
533
586 625
1
1725
1 275
677
1 799
902
1
2025
43
1
391
7208 658
4528
1 510
7502
983
1 396
331
918 1108
1
1 392
1
1
1 699
1
1 461
259
427
1589
2720
1
908
735 874
1 603
1
1
1916
21
1 335
1 1000
1
1 909
7528
1 657
4411 1767
1355
1 381
1
3174 1186
4440
1 214
1
4616 1474
1
942
169
989
1 377
1372
803
4446
246
1 82
1 622
1
6984 852
9098 1120
1
1
109
6825
7501
1 630
1 154
1
1
969
311
665
271
1 275
1
4258 807
1
1 198
2727 1440
1
44
3966
1
9107 2548
1 752
1
1
1 481
1 945
98
1 463
1591
245
1 979
1
7689 3019
181
2768
3913 1460
1286
6272
1
406
419
1 390
1 724
1 988
20
102
929
629
1
1
1 176
1292
1
1
1
8273 1387
1 111
1
1 408
1767
1
375
85
1
1
62
1 537
47
1154
141
1 867
460
7197
1
1767
1 126
1 900
1 374
1 386
1 3
1187
2902 1895
1
5408
1
1 916
1427
809
1 381
1
1 788
1
1
1
41
1
1
9326 1936
2577
1
356
228
8775
64 762
11
268
665
1 174
1
2353
1 645
921 808
1
785
1 478
9102 1007
1853
1 291
787
3686 986
3336
1 507
1 158
3455 1665
1
130
1 638
7755
1 165
1
6775 2356
257
3515
1
1
1 891
1
3160
4723 794
1 628
192
1 510
89
1
1 975
1
2427 1752
1 963
1 36
1
1361
6062
994
1 144
3925 1163
725
421
909
1
4366
1
1
1 952
539
2933 1945
592
1 996
1 664
2259
1 136
886
1
1
4455
1 956
3760
3232
1541
1
2353
5353
9
1
1
1786
1 865
1
1
1
784
407
8247 731
1 724
1 158
1
1 483
496
1 384
1 620
405
1 782
285
1
7175
6164 2644
1
1
3049
302
1 516
3928 1172
2870
869
1 16
8970 915
1
9104
8099 907
1012
1
1 524
2452
1 673
1 602
593
989
9005
1 964
8058 2197
1946
1
1
6326 2870
4524
1 85
2149
1
5038
1 956
631
965
5075
1361
1 469
1 584
5585
3375
1066 1044
1
1
1250
1656
620
282
6
1 798
1
1 871
1 409
475
1 619
1 244
1
1 323
1 370
1 155
1
7770
1 851
1276 1153
8586
87 1283
2452 744
1
389
735
89
7968 1013
1 869
4520
1534
6605 832
1470 1193
1852
742
1
631
9308 311
981
3665
1 961
1
9279 2025
1
3609
1
369
1 901
1 106
142
1 696
1
469
436
2490 1376
1
1
1
1
1177
1191
1 546
378
1 440
1
1 850
1
1
50
1 651
850
1 49
830
2998 710
34
1132
5374
1290
1
4919
1
1 870
1
784
1 740
843
6
2836
1
1
7067 1404
1
1214 492
1 38
1
931
940
1 782
258
3931 1341
1 762
307
176
1177
1 45
1815
333
1 985
2569
861
1 675
1 230
981
1120
1 949
1
6043 1238
1055
383
1
1 798
8180
80
1
209
1
4777
1 637
1
1 282
1
1
1
1
1
8278 3404
5319 556
327
1
942
1
1
1
1
1
1
1
376
2466 1731
6649 1919
1
743
1 346
1 988
1 584
3073 982
1 652
1 682
1
5391 1710
1 84
1476
999
1 277
1392
686
1 510
1 995
1
1 528
860
1
401
1
8372 1669
1 696
2655
341
1
2233
4760 1396
7298 1280
1
1
966
1
437
974
1
1
132
7257
750
1 667
1
1
157
7616 1738
1
1
1 876
1836
688
1343
3838
486
1 470
433
647
8186
1849
1 585
4187 619
802
1045 988
134
735
4585 1236
8558 3392
1
1
538
1644
1 208
2914
999
2287
3397 1348
1 475
4199
1 588
7869 3642
1
626
1 954
1 635
1 345
1 376
1
529
922
327
7337 1188
1 336
233
353
1374 567
209
1 526
2109
4440 1409
291
6162 1193
1 353
1
1
721
1
598
3006
7014 841
613
3161 810
1250
1603
4040
931 506
610
1790
222
1
1 782
1 193
1 696
106
1831
1 632
8848 3077
682
1 553
2386 709
1 707
1 46
318
8352
1767
1
1
1
580
1 108
937
1
1 585
143
1 698
1 469
1 853
579
3276
1088 630
1 989
811
10264 1701
3394 1149
883 774
997
1 96
1 939
784 1218
1 243
874
886
684
1143 1042
1
1
1 732
4040
1
1
2
1 211
1
621
1
928
8355 865
1
1
1
721
101
8568
5264
1 339
854
73
1
440
561
1 326
171
701
1
11
1
4969
1 930
991
6897 1361
1 15
1
1
714
6245 1201
1
792
4601
1 787
266
1 493
3365
1
3230
357
1 22
3154 1423
1052
1722
1231
1 423
732
1 583
883 774
802 772
696
1534
629
233
1 826
320
1 619
457 1053
1342
1
1
1167
569
442
1 534
3221
1
1 496
1
1 895
9279 1510
9183
1 172
647
1
1895
7085
1120
1 489
1
462
705
2597
9242 1834
1 892
9200 1446
93
8078
1947
152
5359
1410
1400
1 465
1 571
1 745
1
1 653
1 660
447 1532
1
732
2518
5957
1
1
1089
1
1 274
433
4463
1 725
702
1
322
10506
1 402
1 820
1 803
606
1 721
563
1 20
1
1
516
7519 1765
1 446
1174
277
1 119
1 327
1
1672
1
106
8454 1786
1993
3621
42
1
439
1
1 290
622
1
1 988
1
1
2066
978
604
1
746
1
458
1 834
1
1
1
1
567
1 551
503
1 809
6040 470
1 624
3336
998
545
1 610
1470
1310 270
1873 676
1 151
781
3365
2836
981
1152
1
1576
1975 1877
1918
919
724
937
692
1
744
2288
914
1
1 779
359
1
1
9628
1
1 168
1
925
9504
1 657
801
1 447
1843
1 969
195
73
1158 229
1
9279
3066 331
1590 476
1
456
1
1 478
2684
1397
1 40
46
767
635
1
172
1056
361
1849 1813
5503 948
1
1
4191 1266
7619
550
1
65
9005
1
3286 1465
1064
875
3331
4719 489
1 640
1 117
1 535
1 671
1 873
1 895
2575
882
1 108
6168
1333
958
1 705
1
3082
1 722
856
129
548
1
163
515
1 475
556
5499
1 175
651
1
196
83
128
920
1 244
1 978
1 411
909
10434
1
1
1
1468
449
6202
1279
1
625
396
1
1
1719
1
673
1
992
1 829
248
203
1 48
3104
697
5293 626
405
7174
9628
1 245
1132
9719 2275
4252 1148
904
53
932
320
1 761
1858
1
817
1467
7820 2369
1 677
1 672
3661
8
1
946
8621 2978
196
1
2727
559
913
4771
1 165
10506
8896 1328
1
6167 3118
1
408
1 192
6195 1436
1 208
1 646
794
8738 1235
8483
1
1 489
1
1
1 531
1 222
936
1358 968
76
1
1 367
1 528
1134
1
6324 2209
1
1221
1 861
1
964
1
4861 2451
1
1
151
1 409
787
1134
715
650
144
295
1145
1
1089
368 792
1
2
5572 754
1 707
1 375
1
1
1278
3185
1
1
1 230
6989 1089
1 704
7528
330
1
1 454
484
1 590
7406 866
1
1
941
651
1
1
3545
1
1
1
108
106
1 771
579
9775
1
427
4590
850
441
1907
1 752
1120
805
1
1203
156
550
423
934
1
1 401
1 445
854
1
1
7243
1 375
1
690
224
1 495
2683 1158
1 64
1 257
1
2325
449
686
1 477
1113
1 714
1 98
657
724 1572
1
5908 899
1 736
331
1
165
3495
8352
1
332
3801 695
343 589
245
1736
3428 906
1 803
521
1 249
1 223
5253
207
1
1 145
462
1 599
1
7617
1
1
708
2566
1172
10058
1
1 995
640
1445
948
646 1423
870
678
1 590
3852 927
600
10264
1 241
1 761
1
3977
1 357
507
1
1 748
1215 225
3397
1
8775
1221
1
1 969
1
316
1 877
2208 1068
559
1
891
5711
1
1
877
1 772
1707
360 1100
764
1 450
4904
49
1
1
1
1513
1
9429 1244
589
6194 1391
1
562
9599
1 700
1 493
7739
1 244
1
1 675
1
1
672
1
80
91
1 212
1 157
998
621
1
1
7689
446
137
7955 1109
1
1 263
1 818
1
1
1
1 726
1
1 1000
1 344
1
1
1 381
675
8536
1 884
335
781
9112
1 26
800
1707
1 986
1883 1055
1 692
1 798
1 576
1 315
1
1
477
1
1
1
54
496
1
783
678
1
1 732
880
444
8883 533
885
1
1 804
1
103
1 431
3966 1584
1
8698 795
1 354
1 791
320
1278
315
1 14
2207 1205
4517
1
477
1
1 282
1
1
1088 630
3003 989
1483 295
307
1 629
1
3309 768
4755 1731
1 39
1
1
498
182
1 467
1
1
1
9561 561
1 989
1151
1 928
3686
9354 1361
4001 1725
53
1896 828
1 460
1 727
1 934
6464 2838
752
1 34
1587
1
95
677
516
394
621
1
1 619
1
53
194
1114 1273
1
1 935
1 693
1
691
7616 2299
1 686
9140 2406
845
2049 1630
1
3448 1106
1 160
1 89
1285
155
1 337
199
3230
1
889
637
5499 1231
8535 3068
1 571
668
1 445
982
718
590
6997
1 149
2242 1461
1
1
1
1 898
2136
1
908
648
1
1 846
1 146
1457
1 435
349
1 636
491
1 749
595
3328 1206
350
3101 1383
1 858
870
1 291
225
1 651
1
1
902
138
1826
128
1
1 887
892
490
1
8586 2048
1
697
1
3801 695
326
1 478
794
1
3111 1040
1307
1
710
450
1 223
8215
1
595
1773
1 359
1 705
1
4076
1172
9163
1 813
1021
1
1 289
1 794
9651
1
7524
5471 1051
919
1
1349
902
7534 3577
1
9390
1 605
1
1420
1 407
1896
1
1 255
1 199
1
1
1
1 634
1 517
1187
1 274
1 514
1
1 698
115
424
1
7029 1383
1
1 251
1 599
1 172
802
1
1 653
1187
2407
1
1 661
1 908
1
10119 903
3309
2391 909
1
1 533
295
668
430
1 519
725
391
2427
1
311
1 877
4077 1907
1070
1 335
5369
1448
1
697
543
685
1
1
10639
1 824
246
1409
3088
323
1 726
6312 1583
1
1416
1 861
9006 1764
796
1192
1
1
551
2916
302
1 95
248
9817 4009
107
1 909
1
1409
2195
1 949
1 420
1 341
752
724
621
409
1
5950
4478 1764
1 268
1
87 1283
4289
1 10
1 638
502
1 972
1
5366 1274
641
1
1
8352 3051
1
6164 2644
2803 850
1
1518
902
5264
1
1 293
1853
4801 1576
4587 357
770
5541
530
1 74
45
3686 986
3066
1
1789
3709 1458
3577
1 876
1 431
1
5167
3104 1055
8298 1541
1 175
679
10955 3529
576
1
1
1
10576 3122
1
724
430
636
1
727
1
1 587
1 602
1
820
1728
1
1 836
1 31
353
1 255
1
1 693
1 685
9360 1300
1523
740
836
259
768
86
1 273
1613
152
699
283
2772
1
874
732
3717
1 62
7651
1
1 591
1 582
1
1 253
361
3066
64
860
1
4858
1 909
1 189
1
5162 1274
904
7315 937
903
7492 769
979
4319 1538
449
708
1 693
733
1
1387
4240
3854 1790
1
1 528
723
278
1187
1
1
1
1
1 949
1 636
1
7541
1
1 178
1
356
4978
1 763
720
1 736
798
1 715
1 235
1 287
1
4760
2569
1
8607
1 339
590
1 290
1
1 284
1
1211
1
1
1832
869
520 571
1 796
1
1
1
978
1 80
1055
1 4
1 282
1
2155
1
321
1 689
7337
2985
1 926
84
1 692
1
998
1555
682
6266 2225
14
241
141
1 77
1
1 886
3611
9144 2786
1 91
133
1
1 270
2372
1
3844 631
4610
1
861
1
8470 3276
1 466
5792
1
303
619
414
1 788
1345
3264 1827
1
1 808
429
312
903
1
3454
1
1
6842 1962
945
1
1290
460
1
1 429
2944 1187
959
3927
412
2971
861
608
696
1575 1365
6312 1583
2370
1926
1
590
3073
810
1 217
1
1
1
802
1
677
1
1
1 631
1
1145
827 1197
392
1731
1
1
1 948
5566
10576 3122
993
123
1 463
1
585
567
1 679
7528 2218
4291 894
1
1
317
9651
1 601
865
10955 3529
678
1 918
7651
603
6164 2644
2730
836
70
5075 737
1
1 157
3945
639 528
896 1208
1 124
963
1
70
1509
1023
2359
1
3126
202
1402 1489
853
2005
1
1
1897
2140
2462
194
2050 1436
6510
1 356
3264
4432
2971 1373
1
1
1 1
2423
1 931
1
1
5417 3251
1
1
6326
322
551
1
1 426
3125
1836
55
8083 1486
1 734
1
1386
1 867
6413 1496
1 429
36
424
3077
419
1
3077
1 136
1
2791
2287 2109
1 849
7502 1654
1 350
1486
1290
1
1
1
747
1 100
1
3178 609
1
4020
1
586
1003
1 500
608 1033
295 704
1
7739
2300
4585
1 248
1
1
2368
766
517
1 838
1
189
6489 1107
45
8573 3950
1 887
6770
1 299
961
1 63
307
1
1
1 793
1
1 393
740
257
1437
867
199
1
80
1 991
6798 974
4252 1148
615
920
1
7616 2299
1 680
169
1 409
559
970
486
1 727
1104 1786
483
1 1000
1 274
6734
1 248
5366
58
5720 943
1756 1200
2808 1576
902
8573
502
1 584
4817 2405
446
508
3665 1144
1 5
1120
87
209
1 7
1268
5934 1358
1
1
3329
1
320 183
1
457 576
692
6252
657
3101
1 737
952
1
5159 1647
6442
1
1
1
884
550
138
61
1
1
255
9126 508
1
645
1 494
2059
1 552
5266
1
1 253
3543 350
1
6128
2066
431
1 167
427
1 618
567
1 379
1
3365
301
1 426
4816
418
2127
1 588
603
1
8239 2633
571
945
613
8686
592
2214
1 483
1
2112
5503
739
4001 1725
1577
3767
1
885
1300
457
8346 4317
1 641
687
6003 1068
1435
1 229
1245
933
1200
3976 907
590
1
1
1 107
533 1370
1
843
738
1
1 705
1
8288 1971
451
2998
1
882
1
1
518
1 771
1
1
484 977
1
1
679
142
1975
1
8970
1
516
833
1 710
854
2422 891
105
598
292
1 63
8454 1786
7346
1 152
1 740
1
1 269
372
15
6009 1933
10434
1303 404
762
118
1
913
874
100
7273 372
870
1 915
1
7853 814
1029
1094
1078
859
4924 1627
652
8452 3322
1
637
1
1 449
1 664
447
4126 1591
1 419
1
3950
1862
10015
9628
695
1
1170
318
53
550
2985
3890 1121
8673
429
1
1 947
4919 1862
428
413 718
1 605
1
1
2422
10537 6181
1463
1
1 71
1110
1
860
1
150
1 489
1870
1
3221
1 740
1 165
1 404
1 422
9403
190
2236
9337 2792
1098 983
1 844
358
1 62
73
1030 1357
4817
522
1
710
2372
1 770
9046
1
1104
988
640
253
935
1 492
3576
802
7041
4297
1
284
1
184
1 785
1
1 16
1
4556 1134
1 696
59
1
1 949
1416
1 483
6277
1 356
1 308
1821
1284
1 686
1 982
736
719
1
6299
676 1154
5264
10506
838
509
1224
2962 785
7527 818
642
1 219
915
1
1730
1 744
1
70
1 761
1 364
1 385
1 593
1209
4107 939
403
459
539
1
9795
1784
1
178
976
1467
1
1 806
2119
1597
1009 1166
7528
1
1 694
1 497
1247
6988
901 1597
2144
1
3056
87
225
1 461
4590
1 80
1 989
2875
1
1 136
613
2971
9809
1
1 315
1 955
1 208
6669
109
1
1 80
1110
303
6989
9651
1 304
1
1
1 26
570
1 788
5256 1958
1
1345
5042
1 435
524
211
1 719
8454 1786
7387 2796
1
1318 411
1
808
1
783
1613
7035
9817 5017
315 1010
1
1310
1
1
1158
1 194
1
1056
4213 517
1
1510
685
1
542
1 616
1438
994
1
1 797
1342
1 712
4981 1062
832
1 418
1
696
1 788
1 37
1
5753 1091
4202 1467
916
1
5535
1597
8008
1
1 544
1 332
5459
1 149
764
5434 2371
1
5579
5925 588
194
3882 1565
1707
424
5614
1 885
1
1 979
7878
1
1768
9960
97
1
1 409
1 260
1 70
7922
1 309
1
1 936
72
1
1 935
1
1
1
1
248
1 651
6519 441
6137
151
3013
9628 1613
395
1
448
1 862
1655
1 289
1
1445 961
106
1
445
1290
799
1358
1630
942
6332 1532
1 703
1
1
913
470
264
1340 988
568
1
690
1
1 12
1
1
1561
362
519
53
4117
52
1
1
1
741
481
1
1
513
1784
5376
4995
6003
1586
1 386
1 261
1327 1229
854
1 994
1
5465
7123 768
1
8558 3392
9403 1397
1 268
1 508
596
1
1
3230 1853
5360 1084
1
1
457
4191
1
6793 1454
9542
1 290
584
762
1247
1807
8827 2197
80
3999 1029
1
1 408
6880 2116
1
1 349
3935
1
4101 2379
1 819
1
760
8821 958
682
5352
7589 2526
1 424
1
590
3387
1
3306
1
652
1 743
1 686
1
4434
4466 984
1334 1982
1132
1
918
5167
1 394
993
1
2730 1587
1 80
157
7059
4828
1
1 380
86
1
822
215 1266
272
1
1 952
1202
1532
1
1
1 170
789
1 496
2371
1 210
1348
502
506
1570
358
1
1 100
1 603
1 36
1
1
1
1
2516
9867 3005
1
1933
227
1051
10434 11616
1
7024
93
1
207
1 17
1
1
604
6733 1725
2132
4730 358
4
3435
435
1 3
1 252
2110
1 661
4090
1 123
4995
531
1
1265
1230
1202
1
736
1541
1
3665
1
1
2864
710
1
5255 2974
5214 2176
1 742
9755
1
1
4689
1
10955
926
2224
6734 2667
103
1393
1
501
1
1
1
1
1 90
2300
1 541
4292 860
1 131
1 326
5417 3251
1
1 942
1 439
726
1331
3554
755
1
1244
1
1 985
1
783
983
822
423
1 851
968
450
7273 372
131
5740
983
1 870
783
816
1 873
1
1100 718
2447
8239 2633
945
1 155
1 978
1
3343
1
1 461
1
1 287
4480 1506
1
1100
1526
1 868
978
313
1 616
1
1
1
588
1 110
1
8765
9504 3073
1
892
752
5240 1478
1
1
9242 1834
19
1 202
646
4731
8368 1637
3515
1 271
950
1517
1
1098 983
1
986
1166
6460 1146
1 794
1
214 1130
1
1863
216
1 544
1 201
42
1 971
4816 543
6035
1146
1 880
18
1167 929
1 99
1 254
8393 4084
1 963
430
1 194
1
1844
1
2968
1087 640
8827 2197
3913 1460
6734
2792
1454
485
2670
1411
1
877
959
2781 1117
1
67
660
8246
4517
4533
1
1
2880
1947 1373
1 886
216
1 968
1
1 570
8705 1375
1353
1 841
6168
945
2275
412
1 575
1 365
961
1
1
1
1895
4415 1459
1 860
714
183
8280
1 91
10434
1 41
311
5417 3251
926
4466
892
4215 3006
1 453
45
4537 1774
3354
1127
10089
1
1
1
3635
6229 1141
1
579
1
1
2569 1570
1
1342
1
797
1
1784
1
1
9046
1536
1 282
267
3375 1213
97
680
1 585
1
4023
1 561
287
1 779
1 59
1
343
7308 2259
6903 720
7059
9817 5017
275
1851
882
1 100
1 688
1396
9628 1613
1
726
59
371
1346
1
1 913
877
29
952
1
1 988
1
16
7755 2867
1
1
235
22
1220
1 672
8164 1826
1 907
1 653
5371
588
1235 1145
9809
1 815
1
1
1
1
3435 1977
655
1
1869
1 117
2
6116
1 700
936
228
887
2998 710
1 230
9719
1
8844 470
1
935
603
614
1 973
621
1
1
1 16
972
1 700
86
1 48
1594
2037
1255
9791
2471
5916 1244
1
1 495
1
455
1235
320
1 173
9236
1779
1
1 403
381 1548
1
8190
73
510
271
637
59
565
1
1985
2867
450
4760
221
824
1
6777
1
854
357
26
1
1
2570
339
1730
1936
98
1
1 700
5314 1893
1 708
1565
7327 2131
744
1 648
1573
1 981
7578
239
7971 1313
1790
1 341
413
1 567
726
10434
666
941
428
9817
1 209
1
7301 1094
3480 741
1 282
10537
91
1630
5476
1717
1320
1
1
1720 1300
1
1 316
915
1
1 876
1 328
1
6269 3085
494
1
1 129
584
59
1 414
1
3577
252
1
1 756
1 857
6992 2569
1
1 381
6887 1728
1373
727
7483 4648
1
1
4001
3073 1299
9795
3428
318
1
1183
499
6887
1 311
1
384
2217
317
1 708
784
5314
6674 3841
832
1 779
131
1 174
1
1 84
1
1
10011
9163 2332
1
350
4512 822
105
1
1 835
164
6004
1
1
2177 1776
819
1
1
7308
274
1 548
1
1 7
1 240
3714
9177 2463
4537 1774
1
4610 2028
4446 1342
1305
977
1
641
1 742
356
5776
142
2758
1 739
1
548
2707 2167
1195 1393
616
408
7619 1255
1 245
1204 1271
1
7531 51
1774
1 36
1
1 958
989
1
2574
1 807
1
1
119
859
4689
1
1
1 94
6914 578
1
1 939
5006 769
1 2
2287 2109
321
1187
1
478
454
1
836
1
1425
1727
6186
399
4945
803
1731
697
998
10537
1
8215
244
6148
2539
1
230
1 835
1074
10341 2135
1 856
1513
1132
7337 1280
1 915
1
10112 1263
335
1808
351
3230 892
496
1 989
408
10084
6817
1 780
6817
1 920
1
6269
1 704
1 146
1 194
1 183
6770 2372
1
1052
1
1413
3940
1
1 794
439
3445
1 807
1
1535 1743
1 655
993
1
1
4800 423
1
1 235
278
1
1
4538 560
1
6734 2667
1127
1 803
8454
1 77
1
2864 844
1 636
3760
1 111
20
9071
1 26
1
116
2973
675
1
983
67 1633
1834 1543
1
1 173
1 353
1 531
7422
811
1553
185
6973
1498 627
2949
1
1 796
9542 2274
1 866
5
1
6471 1337
763
5058 940
7519
1
1
4265
1 776
1 720
1671
1
739
4169
1
1 378
1310
548
1 117
1 314
1969
1641
607 997
3118
2406
6251
917
98
1 766
1 130
1373
1
3978 1038
1 575
1
4631 1353
9151 3338
1476
1 150
1
233
1 203
1 638
1 938
754
5476
110
7236
1
917
731
3529
155
5297
1 384
1
489
1
1
7891
6665 2432
7378 761
1056
1 116
7896
5559 1836
226
55
1 153
1
1 300
1
2454 1570
1 972
5820
345
1 762
1652
197
1707
6351 1599
892
1 816
9177
10417
1986
791
1
1 21
5206
9552 3118
1 358
3694 1125
8741
1392
1960
1
7490
168
762
1 558
2454
1
4289 840
7419
1 60
107 1021
1 815
4446 1342
1 604
929
4252
1
3508
1 132
1
1 643
394
2785
1 96
938
9119
7523
45
1
1061
941
1
571
1 294
3286
638
1 974
6495
10765
1 532
83
1 975
8686 1505
3698
7010
6009 1933
6842 2747
20
859
1 294
9121 3308
1 228
1315
1 311
729
1
1
763
1 102
1
1
394
1356
215
440
497
1
1 642
1
1604
1 978
79
5905 1100
1 747
1 926
412
1
3937
1 250
1 537
213
1 821
1764
666
915
6978 4552
967
1 970
1833
1351
1
1
1 635
300
721
1
602
313
1 901
660
12
1
1
2048
4978
2813
1 763
5559 1836
961
4864 2776
10401
542
1
1
239
847
6195
8302 2235
139
727
3215
1
1676
776
505
226
1
1
1613
836 1722
1
1 428
5801
9121 3308
800
1066 1044
782
8146 956
871
1
477
2454 1570
837
1274
1
1
9071
174
798
1 988
1
399
8454 1786
1 473
1
1576 1024
281
1 176
1
1226
637
1 226
1
1
7652
866
1
8080
1
1 281
1
1 739
1 271
859
1044
2115
1 815
8503 2630
10701
514
8936
1641
1 343
5632 1219
704
1
1
854
1725
1066
1 756
2
1 105
10955
6486 570
1
11616
6789
1
3714
465
6550 3042
477
5344 611
1 22
771
1
1 455
1 860
744
1
430
1
1
1
1
6733 1725
626
1
7091
807
353
1 141
79
1 731
1
550
1
1 159
1727
432
680
1 801
407
1338
7408 1942
269
1
9403 1397
1195 1393
1 618
832
1
1
1
510
8083 1486
4751
731
9052 1158
1274
783
376
3354
296
1 552
2058
689
270
1 420
1
595
9287
3262
919
1 792
2191
69
3852
7544
1
5568
1 970
5957 1833
1
1 435
1 450
1
1 56
651
5844 2210
1552
1
1
4480
1 596
5
521
9561 561
738
5332 1316
1 188
7891
1147
1
382
1
4554
1 963
1
1245
4077
1 168
1 659
1517 1166
1
1
754
8373
205
1
1 818
827
1
1308
1
862
4459 2937
5968
4459
1
1
1853
100
820
1 175
1
1 633
563
9200
45
3935
4517 1241
1 145
3694 1125
7519
1
4440
1 353
7617 1061
1 571
1
315
375
1 701
1423
1
10015
1 150
829
1
394
1 902
7327
817
1
890
1
27
1
1
1870
718
1
5471 1051
8765
1528
1 405
269
1
1
1
1 984
1 670
382
1
2372
1
622
6551
794
9071
1 314
816
7035
13
1 78
1
1
1
747
8369 3056
1 113
3068
1 541
3913
2717
6949
863 1066
1
746
4937
3411 794
1 776
1792
1 745
1 27
1
1
10701
3130
1799
600
4278
8586 2048
5429
901
1
387
214
735
8673
1
10384
1826
1
1 293
8590
2140 1255
248
295 704
1
128
1
9543 2121
520
1
994
3068
9090
1 720
943
7461
1
297
7004
25
1 508
1
1
1088
1423
689
6674 3841
863
1
1
1 748
1
2218
1
688
1
6101
1 252
1
6195
156
4710 220
703
8806 3013
8203
8971 2025
252
1 391
9604
3230
536
1132
889
983
3599 1550
207
4751
563
1651
1 91
1 806
7649
8765
2829
1
1 808
626
7351 1173
4816 1728
9867 3005
628
732
1397
4587
1
1
10011 224
1 985
4703
1291
10753
1 564
1 813
1 815
535
2235
270
1 96
1 732
639
1 596
1
533
3230 1853
1
5968
3697
1
1960 587
4698
7419 3177
4924
7119
1 167
1 962
1
1 334
450
6460 1146
1 710
5237
9755
913
863 1066
1 876
1 996
9755
1
1 203
617
4485
284
1 787
1862
489
5614 867
1 591
1 872
1 288
249
844
17
1078
227
1
1
970
915
568
8621
1262
1
75
86
1756
760
2423
1805
9960
920
8138 3221
1
1372
51
9798 1556
4969 522
653
1205
500
1 446
5272 949
4665 1230
1
1
1
1722
1 418
1 564
1
7501
1
820
1 968
1
1 614
3028
1 116
1 454
1 192
989
1 36
1
1 9
1
424
1 265
860
3849
1510
1 227
1490
656
4858 579
1
1577
1
1
2621
8128 1151
6105 1406
1 324
1 144
1 418
887
2774
2973 2119
1
1 542
1 763
414
6013 1785
5930 747
10426
705
1
1
1 377
1
420
10434 11616
429
1
188
1 829
1
432
986
10231
6525 4389
1
1
1
7240
1 176
433
1 97
1
9552
1 945
10214 4347
357
549
1 888
4706
7578 1236
439
9339 3669
1 653
1 34
1 547
1
1 836
941
1
1477
8738
2956
1231
1031
1
1 647
1
1 156
1 91
1 727
1
42
7200 837
1 507
1 75
1 419
1 306
1 254
800
569
1 806
1531
3890
1736
66
407
1
1 219
1
1
1
797
248
1 353
8573
9755 7904
1
1
1
1454
4754
2359
7155
3745 1367
1 777
1
232
1276 1153
1
6252 1691
1 541
1
1 687
279
249
1 648
10499
5034
603 1343
982
8277 1755
978
12
1
1
901
912
5192
806
1
1 905
785
4665 1230
3414
123
8534 1131
1 48
569 532
1
1
1
1505
1 380
332
1
4754
1
6116
1991 1124
1
1630
9561
1 631
5
1
5799 1354
808
830
1
5465 1914
577
1
1
44
1
1460
1
509
259
6740 823
682
1 537
789
1
1
5535
1 563
1
1
4874
716
806
3028
1
1 935
7132 1329
1
692
5754 594
9220
1214
4594 3369
1
1
2234
1 53
8827
1456 1289
724 1572
1 97
1 448
1 40
6079 1259
1
1153 1509
9326
1 750
1
1
1 743
8481 4863
314
9333 2136
3241 1566
1 731
1
1 616
1 552
6256 1768
1
4610
507
1299
1 630
1 909
1 927
836
3976
1 241
7408 1942
243
10434
1 872
7922 1100
1738
1290
1
9552
1 908
1
1 860
1362 782
287
1 991
2274
1265
896
1175 246
1 778
4398
1451
1
1 854
1 923
320 183
7059
6009 1933
1438
1 189
128
1
236
3286
1 121
668
257
571
743
1091 988
357
892
1439
1 105
3177
1
1042
727
1
742
243
1 306
159
1117
1
1960
3694
3900
1 975
324
466
1
1 17
701
1 450
156 1215
1
1 33
9326 2061
9739
1
5272 949
1
1
4547 1662
1
324
1 116
2490 1376
1 590
956
757
8368 1637
6331 1438
9470
6181 1218
9287 3329
4340
73
632
902
172
705
595
1 82
124
1195 1393
941
1
4779 172
5
2091
117
1 489
1 367
1 902
1688
86
1
8002
919
1
3003 989
5291
2061
1
1488
9798
1758 1832
595
1 862
1194
1 857
1048
199
7197 2369
1
10015 3760
430 741
879
961
1 84
8246 1846
339
1
1 249
56
351
7515 3981
1625
190
1 297
1353
148
3576 1651
1 835
5673
8698
1
1
1326
1 965
1834
188
3635 2864
607
6669
5128
8728 2013
1557
1 206
448
1136
8158 1907
1
1
9037
4297 2299
703
2413
2669 1491
7528
1942
7351
1
1 583
937
813
1474
1 778
1
1 119
838
1
1
8286
1 847
52
1907
8686
1
726
31
4267 1386
4371 915
7132 2191
9163 2332
8036
1
1
9391
1
1 246
1
100
996
42
129
1
544
985
1309
1 994
1
1498
245
1 103
1
1719 739
298
569 532
1
1
1 709
5968 3054
5
2472
3104 1055
1 872
421
2589 900
3630
673
1467
970
1535
1 415
685
6495 857
6351 1599
10231
6392 1182
1 48
796
10434 12187
1 962
1150 1052
470
8779 1153
1
580
5972
11058
7870
246
7867 1818
6413
10753 8379
1
257
1265
9954 3180
1
1
940
682
415
10698
2136
5647
197
3454
322
1
2870
8555 537
489
8036
7898
1
5316
1 748
1420
1
1 721
876
1
2368 1660
1
1
1
267
6392 1182
5650
1399 841
721
1834
159
1
1
1 730
10084 2903
6512 2387
1 727
1 645
1
56
700
1 427
1
456
1278
820
6158
675
126
1
1 100
3405 1222
1453
1
7968 1892
1
63
6355
1
6652 1290
1
1
1 311
2474
1678
1 155
228
1 18
584
1 371
1291
925
5326
19
260
1 388
1
135
864
373
1758 1832
1
1 655
10753 8379
10884 6789
10898 5173
1851
1 270
1 258
634
4278
6137 1871
1
413
1 856
944
1 385
36
535
2262
1 277
6266 2225
8574
3648
793
1605
5048 1198
1 912
1
1 338
9674
2432
1 821
765
1 616
701
95
1 730
1 305
7893 5566
522
8939 2362
984
1
5801
48
224
1 106
4660 909
284
242
1
142
15
3324
1 230
1 423
6674 3841
8092
1
1
6674 3841
6857
306
8277
3340
115
6324 2785
567 1064
1006
5036 2455
541
334
9650
5795
1
6094 2488
809
9638 2457
8092
1
8939 2362
7651
5256
4554
1 654
6935 1235
1 717
1 643
169
1374
9104 2262
420
618
216
6009
772 697
430
6728
6984
1
1 795
1 287
1
1
3445
1 711
9060
296
586
1755
1 101
7390
3549
2907
10561 4080
10537 6181
6674
10774 8092
5844 2210
1193
1
1 385
203
1113
3686
1
1 189
10561
1 697
14
10341
677
1 726
1
820
399
8447
4760 1396
143 1283
1
1
1
1434
4480
7749 2067
300
6859
1507
5391
1
743
9287
6168
399
1 25
1528
1
156
1
1 654
9220
8574
560
895
903
428
1151
902
748
889
148
3850
1246
1
625
1195 1111
1
2218
4432
1 497
666
435
5328 392
1
815
5934 1358
1
9513
8092
6254
376
2900
725
1722
867
1
338
3714 1019
10527
830
868
8939 2362
10015
376
1 263
6229
1
469
782
106
1 401
736
1
732
4108
1
1
1
9119
1849
3908 2342
1
6486 570
1 420
3179 1582
320
69
333 1556
680
8427 5315
10576
546
1
1
788
3465 811
226
3816 2274
1449
1
546
1 894
1
507
1392
1285
1 645
1305
1
10214
1
1209
1 482
7
1
1
6949
1041
8586
5374
1 496
1 659
1 572
1 994
1
1 373
2359
9419 833
343
545
659
8107 6817
3637 660
1
7853 814
1
915
1
997
1
6603
1 696
1
2218
759
1977
1
799
803
1
780
3142
4665 1230
456
1 309
10452 3188
1 910
184
9723 2510
7481 3173
1 125
333 1556
1 415
1
1 320
1 696
139
1 719
805
11
7110
411
6334
1
1 53
34
1
362
1
1
1 464
1
