195
1
176
1
1
1
1 344
1
1 801
1
664
725
1
1
37
78
387
1
1 366
1 586
1
1
346
962
1 527
1 756
1 314
1 115
1
1
902
407
1
1 180
1 928
842
809
1
968
1 901
1 12
886
1
1
570
1
1
1 286
1
1 726
1 461
212
1
857
1
1 235
377
1 927
464
1
1 183
1
1 386
1 705
1
1 836
1
1 441
464
1 108
41
393
243
501
1 118
170
1
1
1 76
1 229
1 978
1 850
1 854
1 282
1
1
56
1
1
56
1 695
1 20
1 987
1
66
587
348
1 104
1
918
1 442
1 283
1 29
1 285
1
308
1
1
1
1 506
1
1
1
1 463
141
1
1
522
1 963
367
1
1 750
1
1 578
1 415
1 529
1
1 709
1
53
1
54
1 702
877
1
1
1 93
1 291
432
1
1
1 833
1
1
543
1 336
362
1 560
1
631
1
1 747
247
1 991
1 895
137
699
1
1 695
682
1 14
1 850
1 92
509
1
1 670
1
1 533
801
937
209
642
1 654
435
1
1 394
1 313
1 809
179
1 894
182
948
256
232
1
788
1
614
1
1
1 934
1 182
1 613
131
1
1
149
1
1
1 559
1
72
117
1 269
471
1
1 545
331
800
1
1
1
1 646
953
1
1 199
1
1 40
1 303
231
1
605
1 272
1 824
3427 1173
638
1 410
885
1 760
1 472
1 847
1
1 400
1
1 729
599
846
1 889
1 482
1
24
1 366
436
1 805
1
1 360
1
1
1
1
1 906
1
170
610
1 609
1 899
1
1
212
498
211
607
1 595
1 717
1
1
1
43
1 917
1 461
1 869
1 9
1
269
810
1
1
1 332
220
1 287
1
1
1 859
1 99
1 578
1
1
1
1
1
429
837
1
1 957
1 343
1 521
624
1 192
1 559
1
1 772
1 670
1
1
539
1
1 226
502
1 123
420
1 429
1 142
1
1 433
1 166
1 714
1 793
9613 831
353
1 600
1
786
1
102
1 627
1
1 93
1 468
276
766
368
272
1 681
1
1
1
1 702
1 254
784
1 816
1 545
57
348
1
68
490
1
1
1 934
1 386
648
1 633
1
28
571
1 99
534
1 861
205
1 498
117
854
1
1 456
1 664
1
1
181
1
1
1 72
535
269
878
112
495
1 142
1 642
22
1 796
353
915
1 405
1
1
826
1
1
1
627
1 466
865
926
1 158
1
494
1 557
484
1
1
121
1
57
1 87
1 17
1 937
1
1 302
1 147
1
1
1
1 833
492
1
1
1 337
1
1
1 717
42
5
603
805
356
1
1 895
51
1 558
1
1
1
1
109
40
1 732
1 344
1 5
1 367
1
485
115
1
1
1 878
837
1
1 985
1
1 702
1 98
1
938
247
1 366
1 356
928
1 417
510
1
152
557
1 266
687
1 73
1 321
740
1 556
850
1 734
1
1
1
16
1
79
112
1
1 50
1 779
1
1
527
567
797
550
1
1 375
1 245
1 107
650
1
1
1
627
244
1 606
1
1
1
729
1
1 598
1 965
1 325
1 634
1 721
163
1 790
928
1
1 467
500
188
1
1
455
1
1
499
1 172
1 965
226
1
673
527
1
539
1 930
1
1
1 844
1 256
1
1
1
790
602
1 203
56
122
915
1 295
101
206
685
1 991
636
864
1 546
682
1
1
900
61
18
1
331
281
1 223
1 427
1 720
1
800
86
1196
1
1
1
1 867
206
1
783
1
1
1 1000
1 127
1 155
1 418
837
1 775
389
1 570
1
1
21
551
1
492
1
1 340
764
71
918
1 282
1
911
217
1
1 593
294
336
1 249
28
1
1 323
1 265
1
1 312
1
807
870
1
840
765
1 778
310
185
1 261
1 213
857
1
260
770
1 391
1 825
1 460
776
374
854
238
326
118
1 485
1
1
976
491
977
1 85
1
1 967
676
518
1 347
1
507
262
599
1
1
1 716
1 25
1 745
492
1
474
1
235
1
1 86
386
1 151
1 337
674
688
376
344
1 461
1
1 797
1 982
1 2
456
1 800
427
1
1
1 568
1 584
374
1 175
401
1 528
1 15
1
1
1 835
1
1
1 184
1
1 921
1 876
1 761
1 124
809
1
1
1 276
1
172
91
705
1 496
736
1 791
411
1
227
1
1
1 757
152
547
1
651
1 684
1 92
1 938
1
1 410
1 543
1 410
1 220
1
1
1 800
536
1
1 292
1
310
1
1
379
1 41
1 321
1
1 569
1
912
1 717
1196 1214
16
1
1 961
698
1
69
1 985
818
1
1 24
1 665
1 3
1 759
601
896
809
1
306
522
841
1 802
845
1 552
1
1 473
37
1 884
1 431
1 626
1 196
599
714
1 914
4583
1
834
1
1 456
1
1 77
90
1
555
1 733
1
1
1 42
107
887
1 415
196
1
150
1
772
503
1 496
918
1 130
1
1 866
384
119
1
1
1
1 319
782
938
1 305
1
1
1 211
1
1 1
1 662
1 720
1 463
1 154
800
1
499
1
1
779
640
242
1
1
374
1 390
390
1 997
1
1
677
283
1
1
1
1 907
1
14370
1 901
1 961
1 696
1
988
178
1
1 509
14
1 356
1 639
651
1
1
1
1 958
1 321
1 978
1 149
1 250
1
1 768
435
1
1
1 217
346
983
1 507
914
1 408
1
1
1
1 872
1 853
1 994
1 316
1
1
1
81
5075
1
951
1 882
1
1 675
540
102
1
1 672
1
1
1
973
420
465
1
321
263
1 461
1
1
1 221
796
358
1 193
1 237
1
1
1
107
1
1 364
587
1 155
209
1
1 860
1 77
964
1 797
1 239
1
1
1
405
1
1
1
580
985
927
582
933
1 558
1
1
487
1 856
1 95
859
578
341
1
699
101
1
968
1 46
1 439
1
116
1 514
485
1 133
1
1 562
1 56
355
1
559
1
1 173
1 356
1 55
1
960
1 475
1
1
646
1 157
1
9613 831
736
1 352
1 607
221
1 732
838
1 150
1
695
132
1 973
1 533
1
1 863
1 38
1
1 820
1 200
519
1
983
836
493
900
1
1
1
700
1
1 64
1
1
1 168
684
1 306
1
1
1
1
1
1 944
977
652
1 454
434
1 404
12
1
1 677
477
1
356
23
1 429
962
635
531
1 878
784
438
1
490
1 723
1 660
1 569
1 672
1 721
1 389
1
1 704
1 56
1
1 946
1 663
757
292
882
97
1 989
516
1
1 813
136
153
1 827
1 555
1
376
1
4012 692
635
1
1
1
642
1
702
751
1
1 810
1
1 893
1
1
1000
300
1
1
378
1
1225
1 835
1
157
1 83
95
1
1550
332
1
1
1
1 519
1
1
108
935
1
1
1
1
1 528
1 940
1 754
1
553
1
1
1 508
485
1 318
1
681
160
1
1
1 629
1
1
692
1
766
1 252
1 958
1
1
1
1
1 706
1
1 439
135
1 811
857
1 773
1 405
1
898
720
1
1 33
235
610
963
428
1
841
1
1 475
9613 831
831
15
1
988
1
1
1
1
415
1
1 343
1
1 119
9952 610
1
1
1
1 667
445
331
86
1
1 80
126
1
1
1 868
932
247
862
1 173
1
1
1 497
90
1
1 766
283
1
1
178
1 69
330
1 742
758
739
1
1
212
6107 336
1 607
1 491
866
697
953
64
431
1
1 463
1
1 979
1 956
1
1 944
1 271
1 294
552
1 552
1 475
1
1 604
721
1
851
1 326
1 823
1
1 785
1 407
773
1
1 55
1
1
1
878
138
414
1 937
1
1
1
1 339
1 362
1 1000
1 437
1
1
1
7
1 275
998
1 29
43
446
842
1
811
1
1
768
1
1 742
1
7216 903
1 732
641
1 160
1 937
1
1 456
3876
4583
513
1 709
677
1
1
505
1 944
1
1 534
1 135
1
806
1
8
1
763
1 482
1 101
440
944
1 136
1
1320
632
1 124
1 262
1 984
1 961
1 708
1 370
1 623
238
12910
455
373
1
211
698
537
1
1
472
1 714
112
1 995
198
1 811
1
698
859
1
1
6636
212
1
1
1
268
1
1000
23
1
1 4
831
1 538
1
699
546
902
413
437
1
346
1
1
1
1
68
1
1 59
1
250
1
1 277
1
10168 1362
1
155
1507
768
1
827
1 454
199
1 504
323
85
1 150
1 158
500
830
1
1
1
1
1 92
1
1
600
1
1
1 225
135
1 397
298
1000
1 705
1 666
687
1 330
1
215
321
1 827
1
1 242
240
1 587
1 509
89
1
1 118
723
1 739
419
1 801
715
1
1
293
1
1 132
1 574
755
558
1 765
1 250
8231
1
687
1 895
188
529
898
1
1 813
1 67
211
1 15
1
1
1 830
671
327
1
583
1664
1
938
860
1
1 510
1
3121 650
1 705
1 131
1
1 581
1
1 423
1
1
566
1
162
1 570
494
1 3
136
1 67
152
65
1
1 105
444
1
1
467
1 867
1 712
1
1 880
1
1 473
530
1 3
140
1 581
1 872
321
748
1 973
954
831
794
1 241
1
1
6530
1 78
1
1 339
934
14533 844
810
10595
1
680
1
1 541
1
1 898
1 818
305
3945
409
1
742
756
304
1 115
178
1
1
1
1
961
1
1
1 622
1
541
192
7
402
1 264
4012
184
1
1
1 295
1
1
1 491
923
22
1
923
1
1
1
158
937
1 560
1 534
1 622
275
1 680
1
1
1 526
388
951
1 624
275
316
46
1 444
87
224
194
1 93
1 743
1 39
1 837
1
1
1 593
1 538
1
1
934
1
1 65
540
76
63
856
1 591
792
1 575
788
1
1 796
968
1 671
1 77
1 194
1
1 29
1 83
1 247
759
1
1
913
1
160
1 721
521
887
681
1
803
1 558
1
1
342
849
1
1 584
1
1 724
262
289
502
1
1
1 21
1
1 721
890
1 325
1
1 380
1 18
1
1 36
1
1 868
1 229
1
478
1 821
1794 867
994
1
1 779
829
1 627
1
136
1 881
1
1 918
1 420
1
1
1 428
1
1 744
1 819
1
1 955
811
1937
395
885
1
1
1
921
1 346
753
1
1
54
1 650
667
1
1
898
1
1
290
644
691
1
1 213
897
1
1 431
1
1
791
5808 887
1 110
1 827
1
14274
1
738
560
996
1
1 890
867
1
965
1 439
1 619
1
1 517
1 941
282
7191
1 405
440
1
763
1 151
3239
426
1
1 853
338
581
1
1 495
1 405
1 756
700
1
1
1
608
748
784
1 178
392
1
1
118
1
8775 963
1 31
128
692
101
922
388
1
847
1
77
224
5949 766
1 282
219
479
539
1
1 256
433
1 685
1
578
236
348
1 977
1 439
1
1
1
1 187
424
1
463
1
1 774
880
255
1 270
1 898
937
524
541
47
1
329
1 486
20
3979 1309
622
53
1
1
160
1
1 275
994
1 812
1 446
819
434
1
1 532
1
1 555
1
1 86
1
1
1
304
1 872
1 972
995
1
847
1 905
1 328
1 828
1 299
5672 1445
1
1
1 559
801
900
1
242
1 968
273
1 730
1 221
406
1
1
1 173
1
14347
903
1 499
1 819
5521 1010
1 472
387
1 974
1 941
1 705
1
573
1
1
116
1285
1084
1 555
914
1
1
1 253
1
383
1
1 173
1
297
1
731
940
284
1 278
1 360
1
389
1 735
546
611
739
1 641
1
1
601
175
1 973
1
1
1
1
116
882
1
2123
1
1 154
1
516
1
1 797
1
1
1 905
830
1
1 731
1
1 382
1
173
1 221
994
1 657
1 265
1 696
2563 126
262
269
26
569
44
289
1
302
1
403
151
976
219
1
1 326
1
1 441
1 199
1 431
1 535
1 190
1517 144
1 747
1
1
1
772
516
11163
1
1 405
1 525
263
9635
1
264
1 802
1 34
742
1
3779 399
1
129
790
1
2728 480
1
458
1 936
619
1
1
292
1
111
509
712
1
1967 1259
1 82
1 447
1
1 448
1 368
1 217
1 213
1 74
15060
1
1 629
569
1
1
1 362
1
1 925
8775 1867
203
1
568
733
1 570
83
1
972
186
1
237
232
484
1
1
1 203
1
1
950
1
1 178
1 197
598
1 473
177
354
782
1 532
1 501
1 21
1
1
1
1 453
1
1 176
172
8038
1 325
699
300
860
1
5023
1
1
751
1
599 1138
1 821
355
1 256
1
1
1 7
1 342
232
1 25
1 166
1
1 79
1
625
1
1 69
1 795
1 479
860
1 378
1
1 125
953
1506
925
1
1 993
1
1
654
786
1
1
800
160
1 759
1
1 520
1 190
1
806
1
254
320
1 310
351
965
131
787
532
1 289
1 330
1 929
332
1 502
396
395
939
691
20
1 398
1 945
1
1
305
1
1
1 803
1 837
1 148
24
1 534
399
1166
1 744
1
1 921
1
867
989
5717 854
1
364
1
1 585
1
1
1 337
285
1 414
1 178
137
1
1
1 765
621
188
1
593
1 253
189
1
339
1 478
1 918
1
1 929
1
721
1 57
768
576
1
1
1
1888
1
706
1
234
1
1 934
843
1 50
1 68
1
1 106
114
847
1 93
1
1
12582
1
632
1
1
955
1
9649
331
64
1 78
329
912
1
1 941
1
1 193
1
4604
11368
1 795
328
1
1 864
838
1370
459
1 836
1 677
1 440
8859 1127
1 55
1
1
980
1
873
1 282
1
1 275
1
1 531
1
968
1
406
630
1 590
5458 3053
1
56
6800 1291
1 590
111
1 297
1
1 169
227
1 266
1 578
1 41
98
1
1 529
1
1
1 498
3438
1 197
304
1 140
435
1010
544
1 844
1 815
1 249
1
564
1 516
1 572
1 250
140
1 45
55
1
1 44
1 968
1
732
1 651
1 398
681
21
1
451
833
1 195
1
1
1 30
1 126
1
1 910
586
264
235
1 716
1
257
1 751
5755
1
1
1 611
1
1 566
1 566
1 255
1
653
1
523
1
1
1 311
416
304
1
381
1
1
1 792
436
366
1 781
1
1 335
1 946
1 439
196
1 82
1
1 690
383
1
194
1
1
5398
654
1
622
1
434
515
1 931
1
1
1
321
1
484
607
8494 1823
1 795
1 734
1
1
1 458
1
424
1 832
381
1
809
1 581
638
1 842
1289
1
1
1
1 470
1 305
227
1 714
1
943
28
1
931
1 441
1
1
511
1
1 955
8
1 692
816
3923
551
1
1 690
1
1 335
1 629
1
2156
413
1
547
531
1 881
830
273
788
1
1 570
1
885
593
1
1 842
1 342
13900 1624
1 315
1
1 71
1 815
900
1
182
4908
1 956
433
1 289
277
1
139
743
1 678
1
1 974
1 163
1 730
7505
1
1
1 140
1252
1
19
1
862
1
1
1 56
1
1 986
1 537
1 580
1 843
9257 939
1
1
4020
414
934
1 507
264
841
614
705
1
455
1 40
1 658
627
1
1
1
1 571
1
108
1
76
463
967
415
1 733
248
1 62
1
511
3710 1041
1
264
1 296
1 380
1
1 969
1 160
1
192
808
4062
636
1
884
1 703
1
2603
1 86
361
1
290
772
1
1
1
9411
1
455
1 997
1 573
811
1
1
1 482
1
1720
1 744
1 799
1 313
321
1
1
1
1444
51
1 398
478
1 70
422
7690 777
373
1 122
1
1 593
1760
1 37
345
1 731
745
1 909
1
1 342
330
252
1
923
790
1
1 298
1 875
45
1 529
135
1 857
260
1 168
1 361
1
765
1
1 28
1
1
1 9
94
92
427
913
1
1 679
1 689
167
297
399
1
450
131
1 628
1 875
8607
1 653
276
1
470
219
1
718
508
974
1 749
300
1346
1
1 307
1
1
182
1
1
1 57
408
472
1 145
1 995
1 49
1
1
1 809
1
881
1 460
1 174
702
1
1
1
304
1 786
1 939
686
883
1
1
1 554
1 571
1
785
1 787
1
520
9517
1 142
1 333
27
1 830
569
1
1 690
2566
1
1 165
1 691
1166
330
1
1 684
1 347
1 205
634
2156
1 140
1
1
1
1 94
877
1
212
920
1
1 535
1
993
1
1 765
886
23
1
1 116
1000
976
1
1 684
1 841
1
1 201
2728 480
673
1
1 15
555
350
1
1 910
1 227
1 213
1
75
1 422
10739 1578
83
1
226
449
502
952
1
1
1
1 381
889
587
1466
152
1
1
614
1
1
1 940
1
1
1
1
1
1
1 370
1 705
737
1
1 955
1 691
916
1
1
355
275
449
14078 1904
1
1
146
1
632
1
1 726
728
1 585
1
94
1
1497
14533
1
1
926
319
1 436
1 952
1 391
1 69
1
763
1313
1 915
1
1
987
1
1
1 181
39
1
1 853
1
1 701
224
858
1
838
915
1
868
1
1
640
751
789
1 836
1 142
11361
546
603
1 754
1
1
677
1
441
446
1
5949
136
1 114
1 973
1
1 737
166
9611
1 280
1
164
1
275
600
967
105
432
1 746
1986
1
544
1772
1 967
5700 1232
516
1
1 217
165
1 439
388
1 763
148
1
1 209
8547 1475
922
1 331
1
1
1 666
458
1
1
1
870
1
884
1 573
1
938
1 59
1 671
1
1
1
907
991
1
1 201
1
1 148
1584 1015
1
1 763
1 521
865
1
1
1
436
41
9527 435
136
1
546
1
1 178
441
1 462
1 418
1 528
1 631
1
1
239
565
1
810
1 172
157
1
1
1
1
477
678
1 184
1 858
1 764
142
1
100
1
1 203
137
695
1
914
1
1 100
1
20
467
1
6333 1832
1 121
953
1
1
1
1 792
1016
1
1
1 961
1 577
1
1
1
1
1444 704
930
4327 1129
228
1 107
1 108
1
1
1 362
2819 711
519
4049 1105
250
1
1 755
1 678
1
1
1
1 317
237
1
706
1 273
722
1 146
1
1
1 620
1 873
1
533
10887
657
1
966
1
1 625
1
61
1
78
1
1
1 907
877
1 585
988
1
1
1
461
1
1 572
1 857
1 181
866
234
7
798
741
1 454
1 375
504
6950
1
1
189
336
25
1
1 544
1
695
1
1 634
1 629
1
1
357
1
2781 969
361
1 170
1 62
930
1 572
569
854
306
1 880
8722 1007
1 359
115
1 582
337
1 495
656
1 751
125
1 721
1 970
1 748
948
1
8768
850
436
58
1 977
1171
1 269
738
727
1 431
716
1
1 253
1
302
1
1
984
1 33
832
1
12
1
1
658
5147
1
3866 1134
1 671
1 980
253
1
1 164
1 424
1 259
1 436
458
368
1 694
1
9451 899
6847
165
1 484
626
1
1
111
1
534
1
1 179
608
549
1 675
1
1
1 165
1
5571
583
792
890
11481
16350 1008
1
1
2196
1 417
959
5147
1
1
1 951
1
1 482
1 168
1
274
752
14533 844
1 397
1
415
1 860
1
1 552
1
1 701
1
1 374
352
1 907
524
856
1 806
374
784
486
1 901
1
4994 823
1
902
1
1
1 55
1 56
699
1
1 269
1
1
8718 1509
1
1776
1 525
1
1
1 353
1
1 105
1
9173
1 722
1 335
904
1 19
16977
1 370
1
1
54
1
1 368
1
1 264
1 925
1
272
1 972
1 446
2386
1 55
1 742
1
365
1
1 478
1
1 69
1 871
1
1
922
1 294
1
1
1
1 932
869
900
84
1
693
1
1 267
327
1
1 312
1 820
1
1 251
1 11
1 574
1 796
1 644
835
530
1 559
1 765
1 730
636
790
1053
9340
1
1986 927
1 237
1623
409
69
1
1
1 176
1 561
1 285
1
1 238
1
1 298
1
1 153
1
1 909
1 571
1 416
1 561
818
1 244
1 972
1 125
1
12950 1575
1
1 930
1
898
1
656
1 666
1 302
1 116
929
1
1301
1 365
431
355
1 803
1 290
1 286
378
567
1 985
1 479
1 960
179
831
1 624
1 464
897
1
556
3841 654
1006
1
1
1 922
323
275
8174
1 21
884
1 109
1 72
1 874
102
1
985
2191
6075 922
920
1
879
1
2642
2975 1397
1560
642
1 254
163
1 827
1
1
1
1
472
226
1 662
765
1
96
1 190
1
1
263
1
9
93
577
1 473
1
1
408
1 489
767
1 22
2317 1425
1
466
1924 582
1 246
1
764
1 282
1
189
1 955
1 621
1 817
313
751
1
2624 1209
1
190
3096
1 734
359
1
1 671
858
1
1 913
1 155
898
1
1
225
233
1 140
1
463
1
567
1
10441
635
1 223
118
1
513
868
630
695
1
1 390
789
1 595
1 614
1 729
1 93
11263
970
604
50
6508
1085
1 645
1
10880
1
1
2842
1
1
842
1 343
1
421
1
2897 737
1
1 145
1
934
1
2159
1 570
366
1 492
1
1128
1
1
1
1 192
59
1 766
1 895
1
1 854
1
960
1 760
1 224
1
1
243
1
39
600
1
937
1
1
438
1
1 553
16977 1533
1 276
1 633
425
934
1
1
1
1 390
294
773
1 149
1 197
1
488
1 348
547
1
212
1
33
932
1 419
1 367
1
1
1
1 379
1
384
924
315
1
54
1
915
1 653
370
1
212
540
1
1
1
1
1 519
1547
1
888
1 286
223
1 898
3618
391
1 930
1
1
1
1 854
1
1 87
2511 1469
475
1 669
1
1
1 593
1 221
467
1 516
1 389
127
1 776
1 408
1 838
337
1 727
1
936
1
756
6444
173
1 749
1
1
844
933
1
1
1 459
1
1
1
1 690
1
673
1
978
615
1
9014
181
1
1
943
1566
1 808
1 970
2098 1192
1 698
10
1
1 53
1 69
1 557
1
972
1 903
1
1
1
588
946
1 228
737
1 82
568
1
109
1 904
357
1516 972
370
614
1 425
884
882
6847
1
1 297
628
9952
1
1
1 260
373
1 460
1
222
1 297
1
876
62
1
1
264
1
1 572
179
1 513
14692 1199
1
1
1 107
1
1
554
1 820
1
531
428
1
1
1
4
329
1
242
83
1 508
1
914
12
3309
119
697
314
1
1 439
2538
1 889
459
641
680
1 143
1
1 256
284
855
12165 1564
1 541
6304 714
1 659
1
1071
1
1 570
1 138
10309 1904
1 569
1
1 858
1 744
595
1
659
931
590
1 722
7626 1623
1410
1
1
1
7037
549
1 96
157
1 564
1
15138 1307
1
1 195
1 564
1 396
554
1 509
1 485
1 527
163
1
1 520
1 521
654
1
841
1 776
1
1 896
788
1
463
792
67 1335
1 249
1
1
934
916
3431
1
37
1
739
433
1
1
1207
1 348
714
1
329 1037
1 763
678
561
1 677
1 512
1
1
3
1
422
1234 1018
410
1 424
2745 849
1 221
905
1 176
1 526
1
1
6
1 305
1 27
503
80
842
1
1 556
4908 649
1 140
1
1
1019
1 416
1 209
578
1 593
617
1
154
644
1
1
1
1334 1284
127
791
1 153
392
1348
1 759
1 723
1 256
1
1 324
1 415
385
1
1967
1 957
898
306
7722 515
1 568
1 988
934
897
1 210
1 242
186
50
975
702
1 963
1
1
40
1 344
775
6047
457
1 781
1
178
398
507
1
1
1 354
1 807
1 959
726
1
938
1 248
1 567
224
1 79
1489
1
1 635
1 977
879
1 447
257
1
1 211
10357
1 14
1
1
1 967
976
685
1
846
46
290
807 1046
1201
1 815
1
1
493
12591
1 320
411
1
1
1
1
977
266
165
1 164
1 299
1 99
1
1
1
10447
1 403
1 876
1 133
795
1
391
1 972
923
1
1 753
5887
1
579
1
1 969
1117
961
247
10168
1
244
1 773
919
593
8866 898
1
1 146
1 823
1
1 529
1 483
1
1 865
1 371
754
470
1
1 14
1578
132
1449
1
1
3883
279
1 249
1
1 155
1 140
1 532
1 587
536
7422
243
1 825
2045
1
199
974
1
1 366
1 92
1
1 853
215
1
242
1
1
1
51
9613
1 765
1
1
816
1
1 815
1 551
1495
1505
1
1 51
1 157
4733
1 217
853
26
170
1
469
1 304
835
1
1
779
1 227
984
491
1 844
1
770
1189
516
1
1 858
50
1
821 377
590
1
1 404
3097 1084
97
3754
5600 2526
860
1 665
717
1
238
1 141
531
644
1 43
1 558
1 249
675
9408 996
995
1
1
1
1
1632
1 699
769
1
915
1
929
984
1 682
1 800
1 460
1 442
1
1
1 103
1 515
1 869
1
1
1 145
1 43
1
1
10320 1106
1 917
1
1 389
1 309
1
233
432
671
1 282
817
1
1 869
1 709
1
14962 236
438
1
1
1
519
10447
1 675
1
1
521
1
187
1
89
1 778
778
1 343
1 336
1
1
1 557
1
1 583
1 958
1 869
1664
15169
5887
78
1 256
408
300
359
1
1 93
264
1 696
1 951
313
324
446
1
1
1
1 286
1 495
1223
631
866
1 407
1 897
1 727
5485 1821
7093 723
459
1
6832 1359
1 136
13919
1
1
1
1 362
1
1 805
1
505
933
1
1
1173
1
1
1 72
1
2159
1
1 791
646
1
11481 743
1 627
626
457
1
1 756
1 15
1 239
1
6632
340
257
1
860
1 338
835
2311
1
25
787
1 114
889
7966
2208 1223
1
1
402
1 696
673
1
8529
580
1 221
1
567
814
1
2842
444
1 861
1 874
1
1 549
955
1084
13982 885
192
1 614
1
1
1
602
1 888
1 345
1 816
299
1 249
1
1 292
591
1
1 726
658
824
766
1
1
845
654
1
1 156
809
422
228
1 660
458
616
397
1 567
1170 958
936
33
796
1 945
1 818
1
1 524
1
62 684
1 424
1
136
1
2460
1
1 26
1517
12919
337
1 370
1
469
1
1
1
1910
40
15060 1277
1
1 347
793
8535
256
161
1 886
1
1 858
1 287
943
690
964
608
1 943
1 224
2588 603
1
608
1089
968
1 257
1
1
90
1
1
1 706
1 728
459
1 268
950
1 542
1 195
421
263
1
1
1 329
441
61
8513 1432
1
1 71
1
560
1
648
1 132
1
654
1 83
1
16350
2975 1397
1 842
1
1 456
1
1 608
1 510
860 723
1693
1
52
1 428
1
1
661 1399
1
9386
1
441
402
1 249
1 559
1 818
9583
1 631
1 35
1 728
1
1 546
1 24
1 534
893
10879
1
676
1 111
1566
810
502
449
1
1
56
1 367
6820
1
1 71
954
45 512
1
1
976
1
1 771
858
883
89
1639
159
1 571
1 534
254
1 687
1
1 428
12709
1
1
791
1
1 674
1
1 877
288
1
131
660
13919
1
1
590
659
332
1 61
12920
887
1
1 865
1
1 454
1
1 469
1
1 456
1
1 325
1 807
1 581
1 180
367
8564
50
377
4898
12920 1012
466
4054 891
707
1 142
155
1 207
1166
973
186
1 391
365
1 810
1 302
1
1 692
1 778
13
1
1
885
562
538
1171
961
181
1 305
1
1 146
1 897
1 632
1
1 737
1
1 916
245
1
681
110
1 656
959
1027
1
1
1 95
1 667
1560 1639
175 746
1 805
1 270
531
557
1
778
1
1 748
691
1 195
13451
1
831
1 653
1 818
846
1
1 114
948
6047 1665
1 842
1
493
1 83
1
1
1 962
1
844
1
182
621
1 975
872
1
295
1 352
1 177
5672
891
2484
1
1 266
1 489
1 337
1 4
658
1 81
1 111
5571
163
1
928
1
50
636
114
270
503
847
1
1 533
1 962
1 945
1 357
487
1 75
1 145
1
1
340
1
1
1 142
1 988
381
1 178
1 18
1
1
1 38
924
728
406
1
1
1 202
510
926
1
1106
1
1719
1
1
217
1
904
1 409
1
535
543
1 85
395
472
9
1 104
826
1 954
1 921
1 68
1 256
615
1
536
1
1 842
1289
173
1 419
1
1 705
1 385
1 325
1
1
823
663
10962
1
137
875
498
364
1
1 207
269
1
1 853
1 890
1
1
1 681
764
1
163
1
1560 1639
363
1
1
1
1
1209
1 506
14814 433
1
731
1
1 615
901
870
1
385
1023
953
474
1
1
329
1
13
1 985
1
1 378
1 475
799
935
1 776
1 140
1291
548
1
1 979
1
883
7990 3314
977
1
1
589
115
1 790
1 209
1 691
482
1 14
912
1
624
285
159
344
883
433
1
1
1 378
1
526
2484
1
1
1033
8122
421
1 100
1 434
1 40
1 893
1
1
1173
1
1 854
181
1
1
1
817
671
792
1 596
2491 69
11
1
131
1
4020
1 238
1 572
1 791
1 46
562
1 805
725
1
1 188
1
221
299
1 765
1
1 217
251
1
1
122
1 739
775
144
744
1 774
634
1 653
1 16
848
1 377
1
813
1274
316
1
630
979
95
101
1 381
1
1
1
1
1
1 101
724
5728 1282
1 474
1
1 123
785
1 265
1
1 59
1 343
1 485
476
1
519
1 789
807
1 135
1 687
716
375
467
366
1
1 516
1 124
246
1291
392
70
1 810
1
722
1995
1 718
1
621
1 748
1 698
1 759
11700 871
1
3496 640
1
749
1 764
243
1
1
58
287
1 10
1 297
6992 1237
1 71
1 21
1021 1283
580
1
1
1 651
989
8134
1 652
1832 1277
479
944
9429
1 150
1 471
1
13429 1454
1
1 682
1
9587
790
6
1
1 548
640
1
1
1 395
1 765
515
1515
1
1 805
1 868
146
803
907
1 957
849
1 841
2805
12741
739
1
1
1
4108
1 237
126
1
244
1 56
1 451
1
1
1
1 220
24
1
1
1 394
601
447
1
1
1 963
324
1 200
1 740
1 836
1 498
140
1
801
1
1
9789
1 608
4554
1
675
423
428
1 920
326
1
1
1
351
588
397
479
1
788
1
1 796
1 20
1
4775 956
1
186
1 474
1 495
11482
353
1
786
1 601
1 118
989
531
1263
1 833
1 107
76
513
1
403
1 210
1 40
8365
1
3239 846
1
1 372
258
1
888
761
1 407
162
1 624
1
1
246
50
5934 1768
601
586
1 92
519
1
814
1 833
726
1
11700 871
1 274
1
1
3876 823
1 714
193
1 700
120
1 471
242
958
1 527
1
1 685
343
861
7718
1
930
1
951
1 454
11288
1
1
96
664
1
4853
811
1 332
949
1
1 474
462
1
1 806
66
201
1
3171
1 840
688
1 966
10793
1
629
845
970
544
763
1
46
1
1 470
5442
1
940
564
1 391
1
1
414
1 349
217
716
448
840
1
1 331
1
1
1 764
1 27
1 986
1
1
1
1
1
1 575
64
2842
734
974
3025 1355
1
1
1 50
3378
698
1 857
1 57
1 493
575
22
1
841
192
479
3930
934
1303
1 210
1
68
777
1
1
1
1 848
1
803
1
1
374
1
7620 1440
227
1 159
1
1 926
99
1008
1
10144
534
1 139
1515
406
7804 1320
1 336
7526 577
1
1
1
1
695
899
1
1 873
1207
1 242
9805 891
223
1
1
1 48
1
628
1291
613
1
993
1538
1 986
1
1
6548
1 893
2002
1 336
1346
1 442
2391
1 420
1
1
795
1 606
1
533
1
1 758
1 779
1 377
1 357
6751
1 943
1 57
1
1
8590 286
26
1 30
1
16
1
1
436
1 24
1
1
1 893
1 600
115
7951 507
1
1
915
1
1 575
15169 1338
515
32
936
1 423
1
11820 1206
12910
1073
58
258
1 127
1
4743
1
419
250
1
168
1 962
1 300
1
246
1 915
1
1
7
262
1 928
661
152 636
418
1
6796 1572
105
1
1 194
1 941
1
1166
981
524
1
1 262
1
1
1 830
1
1 145
1
1 137
3025
1
1 692
1 822
1
1
1
1 706
3122 896
207
1 576
1
1
1
1
5725 1739
108
1 544
1125
1
1
1
1 274
1
1 367
728
1 21
732
1 294
1
142
297
1
1
1 458
913
573
941
860
1 577
1 941
1 288
1
1
1 713
129
750
1 130
1 759
82
5255 1099
1
1
524 957
806
1 745
426
1 427
1
1
95
709
763
887
1 492
1566
10584 3197
1 381
84
1
1
1320
1 768
254
899
1 128
1 627
6333
8794 2442
217
1
1 684
1 662
103
656
557
10808
1
2197 367
1
4935
197
1
3795 496
683
1 329
1 805
1106
83
1 826
1
6159
1 591
37
1
1
1 72
1 321
9640
437
387
93
1
1 729
1
7183
6020 1570
1
1
1 593
273
1 651
1
767
1
1 754
1 157
518 1466
414
699
119
11325 1937
1 126
1 625
932
5767
590
5808
1
1 35
1
1 201
1
1 11
132
830
289
391
417
88
3479
1
2472
717
1
1 869
1
1 878
1
1 589
1 101
3493
1
242
1
925
1 228
1 92
1
1
1
1319
1 480
468
1765
1
1 989
1
1 516
362
1 888
1
755
1
1 37
656
1
1 95
58
1 661
6913
204
170
60
1 19
923
1 841
1 355
305
11831 907
1 408
1 406
837
1
489
1 387
1
1
1
729
1 20
1
134
1 617
202
1 463
1 608
238
134
1611
1
1 952
197
2493 973
1
136
1 972
105
1
2439
1
1015
1 938
374
14353
1
1 400
20
7736 1312
1
1 759
8000 717
605
690
1
779
1 706
1 722
1 903
1
12522
629
505
282
1 288
15
1
1
12881 2066
1 875
1
1
1 159
1 265
1
1 383
1
972
4583
1
742
892
1 71
1 487
1
1 450
1484
1
873
1
1
498
1190
763
1 621
1067
1
1 602
1 812
1 467
1 50
1 350
1 577
1
50
1570
1
364
211
11123 752
1 265
1 209
60
95
1 832
1
1 91
299
4237
1
1
1 572
329
7
761
4129 922
1
680
1 910
1 836
1 577
777
436
1 240
3866
1 493
814
1 489
51
1 907
200
969
1
1 158
1
494
1 243
3378 1320
3321
1
660
12616 794
1 544
1
1 494
1
1 355
1 420
1 968
1 663
1 382
1 804
1 66
1
1
1 907
1
1 159
95
1 582
125
5527
407
1 763
583
1 354
1 905
1 540
1
720
1 96
638
2070
1 374
1
1 72
1
526
956
997
1
1 369
1
1169 1005
1 357
1
1 873
373
1
281
859
57
1
1 714
1 193
1 419
1
384
1 250
1 760
1
1 377
1
232
1
1 142
461
1
1
1
1
1 837
163
1 969
1
1 765
1 547
2806
1 2
1 134
1 873
49
1 388
1 781
716
1 552
1 775
1 403
747
68
1
119
5269
15005 1339
1 372
886
1
1 471
615
714
326
1
1 866
1 517
853
1 218
132
1
1
377
280
8599 2922
790
1
1 721
728
1
2347 1342
483
671
271
212
1 721
1 966
511
1
1 999
634
1
125
799
887
240
1
726
1
1639
1
8942 796
143
1
1 393
994
1 634
608
78
1 261
1320
1 748
462
1 286
1 833
1 241
1
1
1
137
928
1151
746
149
1
1
3122 896
655
1
326
1 219
1 10
469
346
722
999
1 588
1 411
344
9426
128
1
1
1
1
9236 1005
4600
592
1
11957
1084
380
1 23
39
1
1 488
654
1
708
1 76
309
10441
1 717
1030
1 700
182
1 347
45
176
1
9770
1 872
197
557
954
1 824
1 186
996
1 806
1312 1888
1
1 275
1 513
1
753
1 11
1
1200
1289
1 62
1
1
524 346
1 329
1
1 732
1 420
8609
1
79
1
669
515
1
709
1 83
1
208
1 754
1 529
984
768
1
1 101
4885
1
1
1
1
581
1
1
1223
1227
868
1
9165
484
10584 3760
1
130
1
1 566
1 854
1 78
1 608
920
1
1963
6505 1025
62
1 768
1
1693
1
8445
3314
1 761
157
6167 1291
255
1 567
1 268
55
846
1
1 817
1
1
1 927
657
1
760
1667
1550
1 463
945
6950 597
562
1
1
198
1 146
5255 1099
1 397
1
1 242
1 388
1 249
3535
2259
1
21
1
74
1
1
1676
1 192
763
1 598
1
1 664
1
1
1
610
343
1 761
1
1
710
12582
1 483
1 882
1 759
1
7416 1239
477
4695 2138
6385
1 86
1
3733 2199
795
142
586
1
1043
1
1
1
1 677
1
1 974
126
298
1 678
1
473
1 494
1715
1
601
1 779
1325
1 723
1
1 118
1
244
1
683
1 866
1 137
686
509
1 654
1
1
1
871
1
1130
936
124
10733 1064
1 369
1 22
1
128
662
1
1
1888
1 44
1
1
1
1334
1
663
1 789
954
9394 792
3012 1592
6294 2655
1 149
748
1
83
67 1335
1 799
11001 1232
1
1
904
1
1 991
1 175
1
1 912
1
572
559
1
1
363
1
1
1 925
1 438
1
1
1 832
1 810
1 299
1
1
9773
1
1 238
1 961
660
1
1
3985
1 395
1
753
695
11935
556
4116 325
644
1 585
8152 766
1 563
1 352
919
2534
2558
740
1
1
300
1 560
498
1 616
764
1 834
1
330
811
1 161
1 238
1
89
1 428
1 223
3318
1 631
1 647
1 503
1 19
1
763
1 837
1
11831
1571
1 241
108
8475
1
1 716
1
241
1 140
9942
1
1 254
14609
4097
1 234
1
1
1 873
974
1 145
692
1 731
1 384
712
238
3241 943
1 335
400
1549
1
1
764
608
1 816
1
1
1623
1
993
554
1 624
687
1 570
1
843
743
1
1 558
1 357
1
1 344
1
1 856
1 486
1 569
409
1 881
2191
1
1 541
793
969
10144
1 254
1
543
1 597
1 620
1 313
419
1 933
1
1 345
3923
1
1
79
1
468
1
1 192
1
1 194
941
428
507
5007
1
1
11
1
1 873
991
1
1 971
760
1
490
14409
907
1 851
1 441
1
443
92
1 611
1
1
1 383
1 449
722
1 949
321
1 980
3671
269
42
1130
2897 737
1 449
1 345
1 986
77
375
1 855
8276
583
401
656
1
414
1
949
1431
1189
1
1
760
1
401
942
1 219
1
991
1
1720
2245 1013
838
6689 1545
1 273
960
660
969
1 540
5728 1282
1 803
725
1 655
725
1
1 357
1
1
1 47
1
1
1 653
1
1 726
1
1 956
603
544
1
156
1
1
1
1 629
1 792
1 445
993
1
742
305
694
1
973
1866
807
1 640
124
1
1 608
1 112
612
5402
1 738
1 356
1
1 128
1 444
1
1 87
237
1 586
414 1110
1 761
1 467
362
657
1101
1 156
1664
1 380
187
1 907
526
1
1
1722 1380
1
1
2654
823
2645
1
1 134
1 844
3250
1 763
172
5925 768
1
220
1
1 298
1
2257
1
1 145
13
1
1
207
1 124
1
661
90
8787 362
698
620
2345
1
1 298
758
1 562
124
846
1 261
1
6
14919 665
575
367
9773
1 614
1
1
959
663
298
4123
600
976
1
1
978 1015
75
875
514 947
1 719
1
1 510
1 561
257
4755 1550
1
344 711
173
5708 1827
1
1
586
1 554
1
1
3378
1 498
836
1172
1
13121 697
586
1 741
1 203
10840
11845 1282
596
316
1
875
227
560
277
71
1 387
1464 1843
8525
1001
1
993
1 484
1
1 236
1
1 435
1 662
997
1010
1 614
1 99
50
3488
1
1
1 223
963
1
1
1
387
446
1708
132
1 166
1 647
1 288
1 774
1
1
1
1199
1 446
1
1 980
650
1 313
283
6689 1545
1 989
1 25
1 644
1
348
376
1 154
125
746
1
4406 1277
996
118
577
2
1 890
1
3790
838
1
1 971
1
1
1
1
364
42
1 930
15138
306
1 991
1 703
567
1
1 339
1
6677 1373
1
259
1411 1497
1 348
13930 1466
747
15025 133
268
1 166
309
1
7216 903
701
677
1 922
1271
1 856
1
1 688
1
1 419
1 367
1
1 313
1
1 242
1 494
1
976
7578
517
310
414
1 449
1
1
1 787
1 981
262
8867 926
312
527
1 353
1
39
1 430
1
1
322
1 972
11486 1173
1
1 229
1 201
1
15275
1
1647
1 809
1
1
1 631
1 879
114
1784
96
895
982
1 933
970
3259
8231
10824
1
918
1 514
12616 794
1
1
190
1
1 261
1 962
1
223
1
1647 1556
12890
1
1
1
626
1 100
16427 1472
1
1
1
1 832
1 917
1 959
586
974
793
1318
1 659
1 460
87
1 473
1
760
935
5465
3019
11338
1
1899
694
929
1 835
707
1 912
640
1
1551
1 700
27
35
1
1 429
1
1 708
5412
1
1 531
125
733
1 329
1 877
1 663
1 565
1 476
1
1
1147
389
3378
1 571
96
113
1171
1
1
1
7167 1024
1 928
3465
2286
1
1 459
1 309
481
8547
1106
1
118
1
982
1 38
690
1 991
1
9692 894
1399
12462
1 681
569
1
1
880
27
1 959
935 603
1 174
1 814
1 716
1
607
1 107
185
1 892
1
1 738
1 999
1
1
1 53
857
14549
1
1
1737
84
1 790
548
1
562
1
1
1
1 80
1 128
1
1768
1
1 150
1 823
1
1 20
1
1 15
132
1
4620
1
27
1
1 410
1 206
1
792
1 784
13464 987
958
1 739
291
521
878
1
1
1
396
1
1 38
499
1
334
1734
121
326
9173
1 336
1 38
820
1
339
1 8
1
1 411
768
178
145
8115 463
853
1
768
1
1 639
12154 1511
1 723
98
1 66
743
728
635
7341
9623 1734
1 610
1 952
1 684
1
3182 2078
1 311
10309 2342
884
8339 531
788
1
1 200
2025
1 207
88
1 935
515
4512 428
821
1
1
744
1 407
1036
1 6
663
1
1 201
1
10613 1072
719
5257 1888
5742 1223
1 682
1
1 860
33
1 863
575
1
1
1
1
241
45
5742
7119 984
964
544
924
1 233
1668
1
1
1
1 763
5615
1
1
6887 1650
5153
1
633
1 334
1 737
1
1 209
1
344
1 7
863
657
1
309
12116 1464
6045 1393
611
4902
1
1
774
1 831
152
1268
4516 1381
5877 946
1
7358
878
1
6665 657
1 53
5040 1185
1
1 31
1
1 217
12729 2285
873
1 150
1
1
278
67
1
1773
1
529
1 30
398
4512 1013
1
1
8064
1
1
15271
15005
1 318
494
1 389
281
953
540
1 125
142
1177
1
1
1
1
1
1
1 129
1 488
405
1
1
1 989
1
1
1 146
139
1 995
1
411 1587
1
1
1 833
1 460
1 72
152
1
2138
1
1 723
373
4638
1
1
482
1
10080
1
5645 214
470
1
1
76
747
919 953
1274
389
213
1
1
7986
1 662
285
1 618
1 854
1 445
503
4496 1540
1
146
2002
1
545
1
1
1 847
1
1 495
727
1 363
258
1
71
329
1 332
600
586
1396 1166
1 432
10944
1
486
1
1
1203
1 673
1
1 248
7731
1
503
1 458
1
43
728
1
1 461
1
1 450
1
941
1
10733
1 756
289
3637 1097
592
487
1064
71
1 498
1 376
1
1 145
1
887
1519
1
1 291
1
1373
1
59
445
1 423
8599
11267
1 148
723
8295
1
430
2842
1 717
1
1 632
885
9613 1077
1
1 567
904
1
864
13777
10447 767
1 665
838
4651
14880
615
160
3369 995
1
1
1348 906
274
1
1 256
1 594
1
1 661
928
1 824
62
24
770
24
1259
852
9381 739
272
670
1174
109
1 312
1 235
819
968
1 864
897
1 139
1
254
8600 308
1
1 786
1 948
433
569
788
1 701
1
351
687
1
76
5866
621
843
8716
1
225
491
595
1 836
11922 2728
1 383
1 990
126
615
1
1
6105
1
1 747
1 935
1 983
1 897
1
1 120
1 433
1
1
633
1
1
1 543
620
1195
4325
1
2805
367
1
1 319
1
1 110
1 285
2558 1138
1 260
1 40
1080
1
413
1 584
68
1
1 562
1
708
1
12732 2771
1 964
1543
964
5266
1 95
1508
559
1
1
1456
611
1 502
7160 1842
974
10880 1678
1
167
427 452
1 665
690
700
561
521
1144 1101
981
1 525
1736 828
283
4954
366
1 866
1
583
1 316
1 404
1
539
322
16517
567
1 265
1000
1 885
1
1 413
1 818
1595
120
6795 664
1 861
1
1 842
1 171
55
11445
1 451
1650 825
1 993
10986 1569
1
250
1 108
9408 996
705
485
1 83
1 509
1 299
1 316
1
1
1 399
1
431
1
1772
224
1 380
1 484
84
1
15208 1813
426
1
8865
12
1
235
1
1
1955
2361
89
1
5
1
1
1 327
1
729
1256
394
13774
1 552
1
603
1
482
1 617
474
1
576 814
1
9117
3627 340
132
1 353
2388 1408
479
1
1 781
1471
479
960
7566 720
687
1 529
1
3420
1 963
1
605
1 759
1
1 193
1 396
1
1 620
10268 1189
876
1
1365
829
1278
867
365
1
12903 1010
1 295
723
1
1 260
1 188
2361 575
1
1 580
1
153
1 951
1
438
1
276
1
321
791
2401 1771
1 394
78
205
779
1 114
747
1
1
1
1 214
515
157
1
1 290
1 335
1
1 810
128
389
14912
1
1
4107 1407
793
4723 2196
373
407
1 256
1 709
1
1
1
165
1 466
714
1 990
373
504
1
1
13455
1 81
1937
13386 1808
1
1 299
10508 1829
1 138
292
26
1 14
2680 1782
153
8665
642
1
760
1
1961
909
1
1 292
12636
1
1
753
1 854
1
1 695
1
1
3127
1
1 634
1 688
1 333
689
982
12582
1
1915
1 972
1 232
677
1170
525
167
1
1 679
512
270
36
302
1
429
417
1
1
663
10106
10519 538
1
1 342
1 217
1 428
1 206
1
14613 999
1
1
427
563
589
1 321
1 838
1 398
605
1
1
1 440
984
829
13908 942
1
726
924
80
5741
1
1 491
5995
8982 815
1
1
1 289
1
938
1 217
267
772
5036 1750
347
1
1
1425
901
1
11405 1985
1170
1
2214 1025
857
725
12462 522
1
795
1 504
1
1
561
158
1
1 711
16928 1524
1
560
1 158
2491 913
186
1
1 893
786
10313 652
640
1 318
1 809
460
8221 1963
49
3568 838
1
1 131
1 204
9613 1077
546
1
1
1534
1 283
1702
8665
1373
1
790
1
1
2001
1
903
374
12950 1575
1 560
1 399
1 304
1 785
12278 1897
10966
1
787
1667
541
58
6161
1
1
1722
829
639
1 586
1 130
1 606
1
4743
248
1
1 501
1 502
1
1
727
1 527
1 305
1
1
754
1
1454
1
10584
1
372
1
1282
606
837
1 813
1 646
1
5273 1063
1 289
1 874
2321
244
354
833
6986
1 951
303
3986 1099
936
1
2461
1 972
1
601
1 850
1159
216
1
390
1
1
348
1
206
844
1211
576
151
1
679
1
1 272
600
1
1 100
1
1456
1 684
4902
1
1
864
973
2251
2549
403
88
1 592
1
16958 846
1344
1 392
1 57
1
1
799
67
1
480
1 917
936
1
989
342
12992
1
1 935
207
10533
1
1 1000
1
846
1 926
1 215
1 477
997
1
1 462
233
1
1
2342 1420
1894
617
1 931
1
428
1876
1
1 69
9173 671
1
1 423
489
4463
1 963
682
1 658
1 176
1 857
1
263
10491
938
1 659
89
1073
1
1
511
1620
1
6555 1532
1 493
1
1 556
1
1069
858
1
9422 2063
1
1
1
1 989
655
1 256
1 776
888
203
1722
1
159
1 850
1 647
1 942
69
1
349
1 457
1
1
1 71
1
1 533
1 959
1
1
14374
1124
1 325
1
1
455
1 380
245
7694 2275
1
536
7526
7997
1
1
1
1
780
441
108
937
946
245
1
274
1
1
818
1 550
1794 867
518
1
1 976
1 35
671
1 318
415
66
1
1451 1208
1
1
1
1 776
1
278
1477
4195 819
21
1
1 509
1022
626
1
991
1
1 663
855
1
1
1 400
842
1
1 374
1066
5307 1427
1
1 915
888
10367
1
1
10157
1
1
179
243
9647 1200
813
1 260
80
418
1 538
1
1 264
4724 1245
489
964
1 904
553
7298 753
6807
1
1
556
1 236
1
1938
1 750
637
2511 1125
516
1
1 698
1597
1
1
1
1 686
918
880
616
493
1
1 14
1 857
688
356
1
365
673
313
352
1 512
355
1 371
351
10879 1056
1
117
1
1
1
1
1170
3579 742
1
1
1 253
1
2102
1 834
653
1
482
1 584
1 306
1 256
543
1 615
1082
1 329
426
2543 1169
1 332
1
1
1
510
1952 1008
1
825
1 641
1
1919
1 716
1 548
1 140
957
1
1 686
1899
1
12358 1456
1 898
1
1
1
1
683
224
491
1 393
1
1 491
623
147
1
842
1 574
1024
1
2242
1207
1
1
682
1
1 799
1 434
915
1 154
1
331
813
1 20
15060 1277
11700 871
9411 1285
1 963
1
1
1 837
1
1
1 693
795
1 952
633
14919
11621 1626
531
1 653
43
313
808
543
9053 791
1 109
1250 801
1
269
648
1 212
659
33
316
1 965
658
274
1
1 250
1 132
1
136
1
1 206
3295 2155
10584 3760
154 335
1 29
122
1 686
1 927
1 822
1
1 986
233
10661 190
953
1
1 42
953
854
1 389
8837 1223
1
2081 1646
1
446
15169 1338
1 587
1 494
1 805
1
310
4799
1
841
1 393
1
4675 1070
1
1 76
1
1876
1 793
19
744
1
1
512
1
222
1 95
1
10611 2114
5273 1063
1 970
1
759
1 476
516
1 595
1 981
1
652
1
1 949
740
1 988
274
1
3790
212
797
407
1 905
1
1 346
150
1994
10049 1358
1 406
1
1171 1286
1
1
1
1 188
1
4530
1 348
1 469
1
1 289
34
1
108
275
1 670
1 768
1
1 422
694
1
242
1 790
283
559
1
1 341
1 283
1
1 491
1
1
1 325
1044
1
1 115
732
726
673
1
1
643
1 39
7436
1
595
1
2248
1 384
5527
2240 1102
1
1
492
6633
115
1064
1010
1
16605
156
1
807
1
1301
1284
1
986
1 122
9795
1
1 898
1250
1
1
1 266
765
1
1
1 299
10260 2719
1 469
214
1332
1 26
478
1 844
215
1 405
1 629
1
1 734
5755
583
1 727
1 733
825
243
117
1
1
230
5402
1 443
1
14275 2639
1 827
1 49
825
103
1 622
1
1
706
884
765
1231
1480
1 811
1 266
857
1 915
1
1
1 414
1808
430
587
448
809
1 187
7876 1305
1 275
1 227
11179
655
1 46
1 127
2992
15060
348
542
1 740
1
1
8607
1170
1
13386
895
1 962
1
142
1 769
1
1
274
1
1
1
142
1 753
10508 1829
449
1
1 612
818
12987 1380
64
1
65
7485
1
1919
1
12848 5369
1
7919
2042 1031
37
1526
1 886
1456
1750
1
1 182
1
1 291
1 947
880
859
1 737
529
10290 980
4400 1664
350
1 54
1
1 703
1
1170 958
7919
594
356
1
689
1
99
1 49
567
5090
1 483
1
1
376
1 938
1
1 452
130
1
12020 1375
1
1 287
1 240
62
8491 669
1
1 768
754
1 177
342
1 873
792
8571
1 203
166
1 530
1 278
1
1
1 128
578
15238 3015
1
1
13386 1808
854
1 230
1781
13064
1 217
1105
1558
1 278
1
1 248
1
1
1
1
1
661
1 24
1
956
105
744
1
13067
563
1
1 406
2926
1
1 270
1
123
2526
1087
2730
1
6828 1393
14347 1418
2267
5866
8837
1
1 761
1073
1020 1190
4459 609
2033
1413
155
12
35
1
1
8052
1 797
1 555
596
750
1869
152 636
1 854
167
1
793
5322 1139
1
66
702
1 847
1
7921 417
968
729
11976
10388 844
1 500
7578
883
780
1
9378 865
244
7578
466
2231
1
587 774
1 542
1
2642 1060
1
660
690
1
1
1
1
15192
39
1 478
460
3907 1994
2829 1921
583
1 54
1105
1 848
1
1 357
266
996
937
1397
880
689
970
972
4326
10777
726
1 467
614
1179
832
4733 1591
640
512
958
1
2791
13471 2426
13517 1877
470
234
1 877
6809 1506
1 830
1 526
1
585
14275 2639
6820
9770
5672
14046
1 76
1
1 70
1
1 73
3507 1288
1
1
1 874
1 81
1 1
3258
5
993
1
1
1
2415 1174
198
869
6263 1375
1348 906
978
54
1
1 119
11721 1566
16351
1 918
1
644
1 385
1
6751 1183
1
1
181
963
1
16638
1 932
1 71
1
405
1
1591
9583 934
362
1 377
1237
1 981
746
13443 3074
302
143
1517 144
822
1 805
1
1 576
802
1
1
1
1 236
1185
1 229
1
1 598
1 748
1 399
1 640
56
1
1
1
3437 1155
701
1
1598
912
1
130
1 715
343
1
1
582
1
1
1
1
1
599
1 288
642
1 862
39
705
1
1 306
1663 1119
1
340
1 832
1
6807
151
1 857
1 968
427 624
1
911
1 282
1
3163
1 835
9566
1 680
9066 695
1
2237
658
1
1 30
274
1
972
1 107
607
1
14609
593
1 159
1176 1166
1 429
2477
865
10519 538
7686 2422
39
1
223
720
1 102
1
729
1 275
523
8224 751
1
643
1
1
1
1
734
1 798
8917 666
609
1 115
1 308
836
566
1 140
3269
1
1 368
1
1 692
144
727
527
1 159
1 734
1 21
258
1
1
179
1843
831
13936 369
8009 823
1 400
1 43
1 482
1924 582
1
9460 810
1 165
532
1 516
1 454
1 561
4789 445
559
7
581 732
1
46
3285
827
137 1058
1 305
534
1 792
15097
1454
1
1
395
1
99
1
11797 1386
2254 1123
566
9451 899
1
1
1 786
882
330
57
154 335
1
842
1 853
534
63
245
808
1 699
1394
261
1
1
1 232
9
109
7191 4182
16928
243
1 817
131
7486
803
1
1
13598
1 698
1
1 945
1
1
1
687
649 1005
1 713
12249 1503
1
699
1 915
1
461
14074
170
355
11005 1876
12814 223
1
1
1 197
186
11112
1 571
1568
1 488
1
753
202
419
645
1 27
856
1 214
1
1130
1
56
1 932
1 765
4576 673
2513 1372
1
1
512
1 818
6147
4926 1736
1
1 620
1
1 680
662
1 536
1
837
1 389
1 611
3314
1 625
1 509
12597 2248
1
1 567
1 516
1 615
500
397
1
1029
3951 1089
1
1
1 492
1
811
1 446
10233
1 507
918
1396 1166
655
1
1
1
970
1
1 4
1
16605 835
526
387
7690
12709 2057
1 986
5210 1527
739
888
420
1 237
1
1 805
1 694
3103 672
1
1245
1679
3733 2199
437
3907 2678
1
595
5728 1282
319
1
1
1
1 221
447
28
1
1
1
1 33
14370 281
1 233
14165 658
593
1258
1
117
407
9073
1
1
705
176
1
1
822
1 38
1 928
1 443
369
787
1 244
662
1 742
13012
1 954
1 538
1
15377 1653
1030 1476
14437
1 738
13314 1497
963
1
1 348
5458
704
660
12901
907
1
773
39
1277
1 504
1
5339 1033
767
1
1 142
1 427
1 866
220
11853 2001
1
258
1 197
439
1 678
1 717
1124
1 17
1
1 580
1
1 135
1 151
12390 1610
1
4107
1 686
1456
179
2257
750
1 782
170
718
330
1869
1 796
7595 1456
1 720
14692 1199
526
1
62
13991 1333
2361
38
61 894
12184
946
1 467
9942 436
652
1 532
1
840
522
564
1
90
1 539
2894 1464
1
1
1
671
455
460
1
1
581
1 164
1 674
346
255
1878
1 128
2176 930
98
1 152
1 395
241
233
74
1 554
247
1 455
589
2311 1912
1
1 149
521
1 630
1 617
9429
9592
1 238
6560 1820
1
1 526
1 459
340
12950
1 206
11267 815
1
1 742
659
750
1
1 898
1 287
1
9
1
1862
1410
11797 1386
1 348
17
1506
615
1 14
1 942
1 906
1 102
1
1 841
839
3093
1969
8064
2422
1282
9600
433
6172
1 45
1
1
965
1
787
3196 1039
1
1397
1
1 49
11361 1854
988
179
4527 1024
1 726
1 795
1
861
1 634
1
713
1 475
10919 2154
1
1
65
1 173
801
1
1
1
3427 1173
8019 1365
1
3122 1624
1 732
1
1 857
684
1 902
1 989
1 88
227
1
1
1
2094 1120
1
1 4
793
1 344
933
760
1
1
1 715
920
874
1 879
1 410
1
4686
434
5028
4449
115
3195
1
11638 3091
4539 1879
194
1165
7386
894
1 917
7928 1174
1
1 290
1
10233
1 510
1091
1 132
1 64
492
1 115
1
1
564
1
1 426
787
424
1
891
308
895
1 9
7394 1212
1 455
1 8
14804 3045
3860
925
1
1
544
5355
484
14020 689
1
12124
2858
1972
1
8152
1 67
1
1
6555
1
145
1 375
921
1
203
14692
1 358
175
191
1687
100
1 454
2336
1 387
6979 357
6156
137
1
202
588
2635
2223 1271
347
1
937
1
1
1
1 578
847
1
1043
1 910
1
288
3673
1 292
8524
1
9429 2789
747
1 229
1
893
1
1
1
1 973
1
1
1
1 634
1 580
1
1 409
1
1
1 452
1
1
8019
1
400
1
1
609
1 582
1 819
953
1
1
6746
1 655
1
1454
1 909
1
67
1
1348 906
498
1 491
515
503
1871
5746 773
13677 1131
397
66
2894
1
1000
614
458
931
1
1 211
1 531
1
1 971
1 119
6410
1 898
1
138
496
461
901
1
1
1 284
11368 765
1
8942 796
1 645
1
2415
1
1 44
1 668
949
128
11621
727
752
1
835
11610
472
839
1
1
1 82
1
903
1
60
10717
1 679
2325 468
1
1 781
1
674
745
537
2789
1
1 971
449
4516
1
803
1 882
854
1
1
1
12
1210
664
16086 1857
1
1
1
1 749
12196
1 354
743
513
516
1 996
1
798
1 180
1 659
1
1 552
1 941
175 746
1 125
1
1
181
817
4600 1923
14308 2156
1
1 775
1
1
4761 1172
4858
339
6900
29
1736 828
1 26
1
1
10661 190
1
1 427
1 854
29
1
1459 379
1 242
8623 749
1
506
204
1
1 81
11771 293
812
1 397
11361 1854
1049
617
1 952
2286 408
7926 2166
1
1035
1
854
914
1
1 727
10168 1362
1
1 315
1 829
6746 1102
1 431
448
4994
1 414
5949 1152
1
1080
1 979
849
1
1
1 385
157
1
909
7301
12596 739
1
1
8463 923
967
352
1757
1 410
3790 1225
1 797
988
1 936
79
12570 2419
9757
1
12582 3318
1 217
1 417
556
863
1 222
191
644
1 663
1 892
14651
663
1
1 39
605
661
748
7301 1607
391
119
1
485
1
1 735
695
5
489
1
3146
1 243
968
1
1 16
3795
1 150
1 542
930
2645
1 545
12354
956
1 320
1
362
531
519
937
332
1 326
669
1 431
699
1 791
1
1
1
1 713
2798 534
355
1
1
1
1
1 991
1 195
1
1 221
1
1
844
1
1
1 67
1 925
1 394
1
619
980
1650
596
10633 1869
231
6379
1 880
1
693
12637 2290
1 870
1 880
1
1
22
3702
1 106
1
1
1 149
1
1 495
322
6101 1274
178
1917
783
379
1
10557
1 313
1 98
1 288
664
1
1 969
1 145
713
1
1088
1
1 577
150
1
180
1 541
14633
431
2558 1822
1 790
1
1837
15624
1076
759
669
1
1
8224
398
1 155
1145
10394 882
1
1
1 857
6985
599
1 804
11033
1 494
11632 818
1971
30
843
1574
2654
1734
1 793
1
1 313
1
1
1
906
242
1
661
1 869
1 428
1
235
131
963
1
1
1 29
1893
1 399
2234
1
505
1459 379
1
4743
1 817
1 809
610
1 970
1
1382
1
2077
9695
1 692
1
528
181
3345 616
11763
1036
8994 702
1
1
3762 1170
3779 216
4116
1
1
598
1 992
607
667
8088
1 842
8367 552
1
5717 854
1 863
1 326
1
682
12347 2321
255
1
1 922
860
1624
86
580
1 932
1 610
1 727
1661 821
703
1
1
11033
588
271
1 158
1 357
2194
3360
1 595
1 79
737
1065
1 111
6394 808
1 881
1
1 506
323
1 930
6279
1
1 98
1
1075
1 605
1208
657
1 138
1 292
1
239
444
1 810
14347
1695
410
575
1
1
1
1516 972
1645
281
127
12354 1144
1 707
1 376
1 266
344 1383
1
2279 588
1
13656
349
1 460
1
12881
532
8088
507
206
1 486
5354 739
1
2300
1 490
836
1
1
70
1 448
1 779
1
834
1
1
2123
10739
14896 1333
13064 2696
323
1 498
1 40
1
13418 905
203
1 546
1 911
2899
1
120
627
1150
1917
1 587
1
471
974
782
713
1 411
1
1 14
13020 2208
1 795
1
1
3245
1
1
12920 1012
839
473
11014
1260
6730 230
1
1
1
11619 3138
3559 1125
1
33
2395
1 770
4
1 253
1 917
4070
1 664
3789
1 765
3318
15249 270
1 295
796
1 324
11271 1770
11853
1 262
1739 1049
1
5949
1
1
1
15825
1 54
1 972
620
1 764
170
465
1000
1
2100
1
12902
1
157
7990 3314
757
1 706
1
125
1
8942 796
4
1
1 339
1 961
3245 1323
274
727
853
4639 999
1 544
1 147
8960 766
10127 836
785
1 540
1 367
11957
15379 2593
1
1
1
555
4591
1 541
13207
750
1
1
1
685
1
325
5808 887
403
15379
996 1286
782
3465 1125
525
213
857
1
1 371
1
1 384
8272
786
177
1
406
4325
799
157
1811
1
6292 2096
1
1
1694
1
1 382
822
8587
1 496
1
6237
111
587
1 426
4264 642
1
1197
1 492
584
14880
634
12271 2548
998
1
999
1
1 394
959
1
892
1
2274 696
236
1984
328
1 162
687
1972
1
1875
1 20
3404
10910 1130
419
216
879
860
1 164
1 378
6570
625
1 766
1 769
1 629
16517
12634
1 525
1007
1 341
3730 570
322
1 355
165
1 600
1 971
1 721
1
2167
41
1 123
1 352
1 177
1
165
13443
1393
1
768
4540
1 85
1 10
16974
13017 5497
1
1 995
1
491
11263
16531
1 34
974
1389
1 776
1 690
323
1 339
965
14179 1211
1
1
245
1 43
1 514
1 268
1 322
1
2327
1
13169 5252
9257
11615 1319
1 698
8812
1 383
8596 1715
10729 3414
1921
12941
1
2109
1 197
10733
2295
1399
799
1
1 699
1
316
16531 3678
1 355
1
1 765
1741
1
927
310
972
691
433
891
1 746
1 20
473
1
682
2016 598
1
1 244
1
177
1 337
2583
877
1945
373
1 274
784
1
1585
553
1 314
1 335
1
1 525
902
839
1
486
663
11911 959
1
1444
677
1
579
9838
911
1005
1 872
1 716
1 398
258
15146
1483
423
1105
1 541
1 245
1 531
8972 952
371 1328
683
1 1000
155
7356
1
4894 1687
449
1
1
14237 2174
539
964
1 608
260
1 791
16517 3092
1
2547
1
931
1
1
1
1
1
6730 230
2291 436
771
1 674
1
600
1
3803
1 277
1
1 703
8798
1
15425 1320
1
264
1 774
4085
1
1
773
1
1
961
7
2836
540
591
1 26
13083 1257
15859 1996
10005 1548
131
1
1392
1
1
1
1
1 728
1 838
3905 1396
1 501
1
1 739
1 637
8475 3209
216
483
1
1
11267
1159
1 486
1 99
661
1 540
1
2513
1 667
805
180
911
3752
6986 909
1
613
1
579
1
3752
659
1
7785
1 349
14495
13114 311
2602
4264
891
1
1 890
680
887
1 391
280
284
1
1
568
11820 1514
1 509
1
878
1
1 961
1 802
3245
634 1342
1 847
513
1 786
1
636
1
4755 1550
1
249
1 230
1
488
1
907
1889
370
1 884
1
1 570
1688 213
742
1
1
720
1164 794
1 862
1 668
1 538
1 885
6219
117
18
14070 1806
1 757
1 223
1808
10837 1662
1740
1
11375
1
4547
1 686
1
1
1
1 349
4582 167
613 160
12319
536
445
803
1 35
10291 1291
19
1395
1 475
659
1
806
675
708
13418
901
1
285
13677 1131
1
1
6516 929
1
1 606
1
927
901
1
14308
1 888
12766 1597
12732
1 958
1
11838 609
803
1
527
1
1 459
1
991
1
12903 1694
1
1
1
1
290
272
8475
42
1
1 941
880
1
3288
1
1 716
594
838
1
2825
10609
904
1 472
1 853
1 255
1 914
176
818
1
989
326
1 766
989
1 276
1
14523 1236
1
1
616
1 725
1
1
114
1
9
6746
45
1
3345 616
6333
1
16800
232
14919 665
1 291
8194 1201
2560
13386
1322
838
1
484
1528 1715
1 868
3702 1064
13686
1 281
201
14277 1484
578
582
1
566
1 157
6372 773
9822
1
482
1 845
1
1
1 529
343
1 584
727
10286
1
2643
1 327
569
1
285
1 416
7970 1778
760
8787
1174
1 357
145
1
5803 1405
794
1 69
1
449
1
822
1
1
733
1
10370 1445
475
600
4996
1 819
1 204
4516
1 906
1
800
1 249
1 62
1 119
1475 1566
8002
308
1
39
918
1060
1 788
1 385
1 594
2604
1770
6664
6900 1676
1
1
807
1
1
2130 1166
3222
1
3515
1 546
254
1
874
978
1
1576
1 97
1 483
1
1
2951 1095
10541 1692
1 615
1
2196
1 526
1 191
50
1
319
10541
1
13443 3074
9770
2043
453
1 600
1 763
12412 1819
1 877
1
801
1
1
1 313
1
1
957
1 924
991
1 573
1857
4043
9609
13319 2342
1
7497 658
1 882
16585
6648 1192
1 46
1 975
1 816
6964 537
937
5053
1 747
1 433
6488 807
1
1
608
1967
734
13479
1 908
475
1
1624
1057
399
1 834
2894 1464
1 703
1 852
368
1 793
2674 622
1
822
339
980
148
1 590
30
775
1
1 670
845
11876
1
1 71
1 131
1
532
14513 2849
1 387
1
10156 752
1319
55
1444
319
47
489
327
5252
757
1 548
4662
2291
1 184
16231 2924
6936 2880
1
502
1 749
893
998
1
1 640
1
12579
13080 170
14348
10049 1319
1
1069
6022
42
978
1 720
1
227
1372
1 109
1397
1 125
1414
1 742
1472
267
1
1
453
15271
1 373
1 975
1
821
943
8
1 646
577 900
1
64
1 940
1
1
1 370
1 939
15322
1
1682
64
1
118
1 528
12054
1
1
594
1
5505 946
1 576
1
8224 751
1 682
1 409
1
1246
1 824
2558
1 413
561
1
1
13550 2017
579
1
1 292
1 702
1308
7012 1752
1 584
522
628
9640 1435
1 170
1 402
1 37
934
1776
5354
13373 2035
807
1 54
8
459
1
3863 1719
8637 1871
765
980
661
1 978
1
212
4554 694
1
1
831
1 410
1 138
744 1055
12378 1469
10584 3760
524
1385
1
10049
1 141
751
11610
1
