959
1
1 211
926
1
337
46
1 38
1 510
1
1 529
1 457
89
1 741
501
1 446
249
961
1 606
1 201
1 10
1
1 354
1 975
520
1 399
176
195
565
103
1
808
1
957
265
966
222
1 907
103
1
1
829
1 190
1 539
1
1
1
1 221
1 924
1 381
1
1
1 277
395
455
1
1 995
1 386
1
141
813
504
1
999
899
494
1 676
974
512
488
1
1 698
1
160
751
1
802
1
419
1
409
607
1
1
1
570
963
1
1
340
567
953
1 637
1
137
374
416
1
624
1
1 652
1
620
605
89
1 722
185
129
1
768
1 730
675
1
383
458
599
231
1
1 607
143
1
76
1 336
864
1 207
1
342
1
1 662
1 323
1 636
1 437
116
1
1 919
1
54
364
705
1
342
91
1 935
696
938
1
433
1 772
860
1 97
1 594
1 73
152
6
1 574
1
1 52
1
841
737
1
1 347
1
1
1
1
1 789
1 201
1
1 873
1 692
1
1 757
854
1
363
1
1 801
1 495
1 80
39
1 758
1
1 619
1 767
1
292
434
898
1
100
1 455
1
1 951
1
1 458
261
574
1 611
1 383
1 724
969
1 742
1 603
1
951
1
1
1
1 199
891
1 529
156
1
1 319
307
405
1 183
1 514
1 725
1 889
1
669
405
1 630
1 678
1
8621 2638
419
649
900
1
152
600
1 565
1
957
1
15
1
1
1
1 614
1
1
294
1 608
1 133
8
1 36
1 598
384
1
473
1
1
828
256
1
1 388
106
867
1
893
501
385
1
1 168
1 134
1 312
618
1 256
1 875
1 531
1 906
1 108
1
106
313
150
41
1 583
770
94
1
259
931
1
1
477
668
532
998
432
1 284
681
1 573
1
217
342
1 248
110
453
422
1
1
1
1 562
75
683
1
1
1 144
1 900
1
152
135
725
1
1 767
1
1 750
1 549
1 536
53
1 222
270
1 296
1
1 26
1
1 925
167
465
1 286
1 314
1
1
1 945
1 920
1
621
763
226
1
1 463
1
1
1 555
1 382
287
1 904
1 570
1
1 301
1 507
438
1
1
1
1 688
394
715
1
736
694
1 951
1
1 894
1 181
750
1 244
1 472
453
1 720
862
255
906
970
699
1
343
1 434
748
1 429
541
292
1 105
547
1
1 543
2329 1554
337
434
1
75
913
1
1
1 892
1 316
1
623
1
111
1 720
619
1
402
1
842
1 839
1
1
136
1 754
1 907
1
1 791
1 19
1 561
882
641
1
206
1
1 250
1
1
53
1 744
1 908
1 72
348
632
1
1
350
917
488
1 171
801
1 663
523
1 605
1
1
738
1 783
1
1
1
872
30
1
1 195
1 458
1 79
525
1 562
1 492
1
702
592
1 725
1
108
1
1
1
520
1
1
1
386
251
758
87
1 475
1
1 434
656
23
1
1 909
1
1
1312
206
1
1 600
481
1 321
1
1
1
177
802
1
355
534
378
1
1 833
1
1 765
978
1 272
1 461
1
1
206
1 291
686
1
1
94
1
1
1 933
1
1
1
1
53
280
864
186
1
1
1 516
1 806
1 443
630
1 35
916
973
1
6
935
903
1
1
1 851
1 278
663
1 60
296
1 3
120
1 130
1
1
124
480
1 979
1 70
887
254
1
1
1
1071
568
1
1
877
1
1
1
1
1
1
8621
1
1 422
1 857
1 586
1 932
1
1 590
802
199
1
1 777
1 740
246
1
1 746
503
1
1 346
1 69
858
1
1
577
1
698
1 726
1 901
84
1
268
1
1
1 54
1
1
264
1
1 262
366
323
422
128
1 265
1
1
1 264
373
1
1
1 233
1
1 319
456
1
1
1 44
1 279
1000
1 1
285
1 19
646
1 453
1 995
1 735
1
130
51
1 957
1 891
795
1
1 591
1
1
1
508
1
1
325
1 930
1 586
1 532
1
1 222
543
1 308
1
646
1 134
1 544
1 970
87
1 368
1
1
1 205
1196 1268
90
1 54
1
1
1 727
132
164
466
1037
1 666
1
181
1
1
1 719
1 667
1
1 327
974
404
1
1
1
1
353
685
1 773
1 797
229
1
1
1
1 514
61
1
1 504
213
1 906
971
1 792
1 751
1 447
1 913
1
1 100
1 372
1
832
1
703
387
1
264
1
723
1 23
735
1 908
1
58
1 972
1
61
1 694
1 625
256
1 2
1
433
329
1
1
1 769
1
342
591
1
1
1 723
1
1772
5624
1 131
1
422
1
1
1
1
15
812
1
1
1 391
954
1
1
1 797
5
1 100
743
781
1 608
382
1
1
1 393
1
1 283
994
349
402
1
87
614
510
1
1
748
497
591
880
694
1
671
52
1 862
1
1 140
1
994
916
1
618
805
610
1
286
1
1 452
1 636
1 726
742
1
1 317
1
844
1
1 975
1
4
1
1 662
1
186
1 325
1 588
447
480
1 630
921
1
653
1
1 955
165
959
1
1
1
1
1
1
1 767
334
654
1
1 13
1
159
198
577
1 819
1
1 991
1 638
1 17
1 910
180
1 831
1
187
1 979
221
141
1
1 551
744
243
1
1
1 272
1
1 70
582
719
1 498
1 227
173
1 478
1 374
1477
1
1
751
1
1 851
554
1 540
1
670
619
1
1
93
1
333
1 121
1
1 983
231
519
1 253
1
710
724
1
30
1
425
570
92
1 320
1 537
1
1 39
1
1 255
1
959
1 56
731
1 420
1 754
1
1
405
870
1 50
1
352
1
1 26
964
1 994
488
1
47
1 324
1 760
666
1
1 461
1 649
1
1 261
1 408
843
530
1
1 135
1
487
77
1
599
1
1
1
1 778
1
309
6626
719
748
1
807
1 497
142
854
1
1
1 941
129
134
1 592
1
1
744
670
1 956
1
805
490
1
569
1
1 189
1
438
1 772
1
1
1
1 312
1
1 346
592
1 425
1
856
544
1
1 967
233
346
512
324
1 2
214
1 321
953
1
1 144
1
1 889
896
781
1
1 267
1 720
252
1
330
1 270
1 956
1 328
1
1
1 724
510
1
692
1
1 788
4533
1 801
703
912
463
1 188
510
1 577
1
1 963
1 269
1 699
1
1 95
1
1
1
40
1
1
1
1 657
11286 702
1 969
365
1
1
1
4447
1 993
1
1 777
1
1 447
1 437
876
1
1 729
1
336
481
1
1 119
1 874
1
415
554
1
1 362
1
680
389
1 142
1000
1 498
217
986
1
1
341
322
721
99
527
1 794
1
1 592
765
1 75
1
347
1 56
1 111
1
460
1
1
15019 1608
415
757
1
625
1
1
612
456
813
5389 1249
607
655
4437 695
1 78
1
566
1
1 832
1
532
1 342
1 710
1 430
1
449
1 207
1 751
1
1 569
764
685
39
1 899
1
560
1
1
1
123
1 54
648
1 7
843
660
946
1
2058
327
1 242
1
1
1
11286 702
1
1 366
1 876
1
1
1 18
236
931
1 887
1 78
1
76
1
1 482
11262 1134
1
1 194
812
1
1 88
1 150
1 308
1
1
176
373
1 957
1
546
1
1
11312 777
1
73
1
1
157
1 360
268
1 259
1
1
1 251
1 793
1
76
1
1 335
1 402
263
677
1
1
790
1 346
60
1 636
1
650
1
1
742
1 252
1 432
1 721
1 52
961
1
23
1
1 261
1
1 485
1
1 532
178
401
964
491
322
783
1
1 521
408
353
1
1 148
631
3666
1
143
8759
1 528
739
1 670
8
432
1 877
1 962
1
810
1 52
460
1
245
999
1
517
1553 1415
7642 856
492
1 257
1
1 166
1
1 723
387
612
1
308
1 256
1 822
875
1 826
1 666
1
1
341
1
460
466
916
1 408
1
1
296
12176 952
1
1
1 397
1
896
1
1
1 396
654
1
1
245
836
1 58
760
1 811
1
5392 1046
1
1
1
518
1
1 891
801
1
745
3137 1034
49
1
791
574
1 226
474
1 856
1
880
601
634
1 203
818
1 625
1 408
1
856
1
1
1 822
1
1 100
1
185
1
560
1
171
216
1 299
1 949
1
1 160
1 51
272
1
884
1
1
561
1
1
1
1 526
33
121
1 717
1 98
1
6911
887
45
1
1
1 193
1
1
801
1 834
975
1 756
1
934
413
1 267
335
1 935
793
1
1
942
1
1 268
1
738
378
1 410
1 520
1
883
1
1 268
1
1
1
1 862
1 196
672
1
1
1 90
985
678
379
559
950
1
1
1 64
889
731
622
457
1
785
1
283
1279
1
1 969
1
1
1
694
710
1
530
1 125
1
716
1
11707
1
1 995
552
1 691
1
29
771
488
1 351
621
1
1
1
858
1
1 549
1 844
345
1
1
1
1 336
193
441
1
1
573
1
986
1
416
3934 1698
1 462
1 681
441
802
1
1 646
1
382
435
1
313
1
1 644
1
412
1
568
132
545
630
1 949
235
1 521
1
1
1 530
1
186
1 572
1
1 118
288
969
355
1 444
1
7643
294
1 969
1
1
1 275
1
49
9
1
1 850
1 644
243
1
1
1 281
1 466
1
1 596
15763 1685
1
1 530
1 812
1 835
1
306
1 851
1 98
402
731
1 181
351
463
344
1
1
1
90
895
6230
1 428
6994
1
1 852
1
259
1 736
1 484
360
1
1
861
1
1
1
287
983
1 219
945
1
167
1 560
726
652
121
1
581
441
1 784
1
1 218
1
1 403
1
1 546
470
6214
1 60
1
1
1
1 53
1 581
1 595
1
1 739
1 333
1 100
1
547
1
24
1 829
99
614
1 627
675
1
1
211
1 648
1 521
1 745
2016
1 255
1
1
200
963
996
1 713
1
1 548
1
1 962
959
1 694
639
1
1
1 18
913
4222 1390
719
221
855
1 707
1 258
1
1 295
1
778
1 813
1 743
626
847
408
5445 1698
1 399
1
1 904
1
1 538
88
1 602
1 892
634
1
1 115
1 314
6996
1
980
1 727
1 474
1
1 959
1 474
1
809
919
7554
1
1037
1
462
216
1 801
1
72
1
1
706
889
1
1 496
1 384
12957 1002
167
1
1
1 547
1
4718
1 494
1 68
1
1
1
1 427
1 351
1 174
676
1
1
1 738
1
1
1 935
93
1 108
1 40
783
1
217
1 102
1 622
1
1
1
1 135
1
1 128
1
592
1
692
471
1
1 841
1
1
105
1 456
1 796
1 57
1578
1 974
1
1 878
1
1 659
1
1
1
1 90
1
1 706
1
1
1 499
1
185
652
347
1 51
1
1 422
1
1
1
1
13832 1528
1 90
1
1 107
998
1 208
1 512
796
700
14873 999
1
1 231
1 238
1 154
1 754
372
1
967
430
1 529
573
1
714
480
1
1
67
1
1 918
1
659
1
118
1
1 341
733
1 591
1 486
921
639
1
1 720
1 298
1 292
1 633
1
480
1 409
123
1
1
1
1
1
1
9422
1
1 983
1 592
1
4346 1778
1 123
525
683
1 414
1
1 343
798
1 18
997 1288
1 531
1 780
1
1
1
983
285
1
1
864
622
1 772
1 540
74
1275 839
528
406
1 630
1 110
915
3818 280
1 938
456
9293 587
1
1
1 447
1
1 466
1
1 493
541
1
142
1 908
1 371
602
882
1 990
1 712
1
1
1 508
194
1
1
11009 844
1
1
1524
1 496
292
1 814
665
1
4143 1506
1
19
1
1 285
1
1 979
322
221
1
1
1
1 213
828
1
1
1 782
1 687
1
1 598
1 207
229
515
69
1
3939 737
1
1 78
1
1 812
1 650
1
528
1
1 410
1
527
1
41
1 798
1
1
1
402
715
897
1
1 664
635
1 670
868
48
1
679
1 1000
516
5842
1494
1
1
525
144
88
1635
1 869
1
523
1
1 44
1
241
1
1
554
694
1 904
1 319
730
1
645
1 627
1 46
1478
1 272
1
1
1 167
1 257
1 916
883
1 571
414
1 850
1 416
1 77
1
789
1 719
1 869
918
1 65
11089 1181
1
8237 401
1 23
1 444
1051
7553 1686
442
65
737
1 695
1 751
297
1 184
592
158
532
195
1
1
198
951
1 783
1
1
920
1
11922
553
1
1
120
161
1 1
1 271
1 448
1
6912 1224
132
1
1173
1
1
1
1 743
1013 641
476
1
1
1
1
43
1
271
1
1 146
242
109 210
1
1
225
697
1 832
855
1 608
528
1 511
1
1 900
1 388
1
184
1 37
1 115
241
1 108
122
1
426
1
1 218
1
579
1
1
1 5
1
1
1
1 900
925
1
1
1
1
1
194
841
1
512
1019
63
1 919
1 64
1 51
5087 728
464
1
1 131
1
1 143
1
1 695
1
1 801
1
1 57
1
1 173
1
525
1
1 145
1 505
1142
504
259
1 403
1 463
1
1 50
123
1
1 511
1 106
1
1
1
1 977
1
1
1 407
432
1268
402
1
1
1 229
617
1 135
336
109 210
1 687
1 523
1
1 759
1
1
1
1 12
1 850
1 48
1
304
111
419
1
1 541
1 104
1 513
522
1 397
1 983
1
1 315
1
1
772
3394 2576
825
162
1 75
872
1
1 441
1 395
1
1
569
1
1
1 617
1
465
1
498
1
1
478
1 365
1
1 217
1 417
567
1 78
1
1
763
377
508
417
1 100
365
1 760
1
643
531
1 46
1
608
1
632
206
6806 820
1
471
1
1 494
1 20
1
1 203
1
1
2155
181
1 828
460
1
29
1
1
1 773
1
1
1
129
1
1 899
1 198
592
1 606
1 174
1
8258 234
859
844
1
352
14
1 561
1 18
1
686
1 142
1
1 927
1 543
1
595
376
167
819
406
1
1
1 331
205
472
1 90
1
216
1
1
1
1 478
960
8
534
789
829
1 789
1 346
886
1
791
1
1 56
952
1186
1 582
936
1 14
337
1 80
157
1 231
856
633
810
1
374
7643 1371
1 782
1 615
1 170
1
1 340
1
10118
961
695
1 192
1 505
1272
1
935
4629 1037
768
15260 1231
1
198
10247 960
1 304
474
1
744
1
1
1 606
1 108
1 529
1
673
228
1
245
932
1
1 942
373
1
1 904
544
221
191
1 376
237
1
844
1
1 689
1 181
1 294
1 328
223
6360
1
1
1
1
513
1
1 764
1
1
949
1
1
1 743
629
1 704
1 343
1 525
1 989
1
1 169
1
67
462
1
1
1
1
1
1
1 367
1
1 488
1
724
1 487
1 329
1 594
924
1 930
507
1547
1
778
1 323
1 118
1 640
1
510
451
1
1 91
1 890
1
1 443
1
1 398
1
1 884
873
1 623
1 639
1 430
771
778
448
1
1
162
1
1 378
856
53
1 392
1286
1
1 347
1
751
830
644
1 479
1 950
1 453
859
1
1
274
115
1 90
1
1 156
212
13895
197
1109
1 206
1 835
665
324
1 182
659
718
1
124
19
1
1 481
918
1
1 108
903
549
683
1
1
40
1
490
1 376
1
284
1
1
1 49
1 565
7412 648
1
607
1
1 219
1
1 782
906
928
1
258
810
1 421
722
3094 714
968
1 966
1
1
9884
1 643
742
361
1 44
508
520
1 829
1
1 574
1
1
1
292
1 723
1
4217 1368
819
1422 1006
1 94
1 592
431
41
1
1
1 211
258
9333
1 541
1
1
507
1
1 141
993
1 670
1
1
1
1
1
1 605
6243 794
1
1
935
1
1 701
1108
23
5624 373
1 526
66
424
667
82
877
1
1
399
1 43
1 908
1 814
1
11510 265
1 616
391
1
739
184
401
901
877
1
347
1
382
1
1
1
1
1
1274 177
1 549
1
1 543
1 186
3394
1
1 173
1
1 55
296
1 343
1 355
406
1 521
39
219
1
1 734
1
48
4785
1
720
1
973
1 920
5814 1242
1
1
1 164
1
241
442
1
867
1 758
1 659
1 112
1
620
1 971
659
1 395
597
131
867
1 540
778
379
1
1 526
1
6341 1401
1 431
1 635
1 439
1 688
503
1
691
1
1 837
1 7
97
343
4006 67
763
1
1
795
1 562
1
1 627
771
1
624 808
2040 348
1 170
65
1
1
407
631
1
1
7793 1619
447
1
8759 1663
1 693
547
1 445
1 746
1 831
952
12013
532
1 549
1 133
1
1
146
1 731
1 18
1
1 254
1
1
1 192
1
1 488
903
1 543
1
1 39
1
1
3355 506
2458 973
909
553
1 664
271
1
1 681
1 106
1 318
1 368
1
1 780
474
1 7
676
1 448
1
511
490
1
1 728
313
5721
1
1 206
1 793
1
996
1 673
299
9730 1637
1
2016
1 733
452
1
1 977
395
1
1 212
1920 856
463
1
1
963
1 348
1 760
3369 1641
276
331
841
132
9978
1 57
441
1
1 167
9875
828
1 246
1286
1 404
1 560
1 950
10
1 681
872
1397 1106
1 737
43
1
1 450
943
1 720
1 141
1
1 854
1
1
895
1 641
344
1 148
276
1
804
215
1
1
1 590
669
1
1
1 500
1
1 918
1
901
732
1 314
1 637
10853
927
10355
670
1
1
1 661
1 884
423
127
500
1 499
1 710
534
284
1
822
1
903
253
1 665
1 968
1
98
234
1
542
1 816
1 67
690
782
1 304
1 901
1 294
893
1
1 363
6341
1
1
1 220
300
1 82
1
1 257
1
1
1 11
1
1
1
7514
974
487
201
166
217
105
1
1 487
1
19
1
861
1 804
1
1
1
1 648
1
707
1
1 163
1
119
1
1
1
1
1
49
1658
729
1 856
355
1 836
1
106
1 350
1 959
1 863
840
1
1
130
800
1 181
1
1
1 251
703
1 615
1 621
1
1 767
1
1 913
1
839 1508
1
935
570
1 732
1 164
80
1 534
989
1 215
293
255
1
1 442
1 509
779
1 756
1
925
1
1 205
8054
1 760
1148
1 936
1
1 500
1
1
1 786
1
1
1 920
295
1
1 967
775
1
1
109 210
1 837
950
862
1 931
868
1 990
7601
1 508
1
782
520
336
1
1 677
289
1
1 596
385
1
150
1 270
1 506
1
1 645
307
132
448
1
1 384
1 572
1 663
1
687
1
1 682
1 660
1
893 1068
1 648
1 980
1
1 622
235
1 374
1
579
775
1 579
1
1
961
1278
1
1
120
179
1
1056
1
510
2309
1
1 970
3182 1063
615
1210
1
1 954
1
1 277
1
674
1
767
1140
1 880
11819
1
1
122
1
1100
458
1 815
1 349
1
779
1 376
1 880
1
1
180
657
979
1
1 442
42
1 453
1 293
936
143
1
457
1
454
146
601
1 591
1 227
1 744
541
1332
1 796
1 588
11970
1
1
625 1596
922
1
1
1202
1 664
1 303
1044
424
36
1 913
1
1
1 285
11
319
1 776
698
272
720
1
1 967
1
1
167 1205
1 241
708
575
14873
247
1
1
312
1
1 224
845
969
1
988
450
1
392
1 103
627
803
5130
1
1 28
907
901
1
1 956
1 668
1
678
1 414
1 882
1
1
3514
107
1 799
1
125
1 205
1
1
1
1
1 664
1 802
75
1 981
226
1
1
880
1 736
1
1 26
1 568
567
1 895
1 724
1
775 510
1
565
738
7210 952
386
914
1
331
864
10565 901
1
1 605
2540 796
1 432
293
949
1
1 808
1
133
2309
789
199 1505
8306 910
1
175
65
5519
1181
1 859
335
1
841
1
1 28
225
1
1 733
1
1 861
1
1 2
895
1 814
567
1 800
42
728
1 687
152
681
1 740
7
13453 1299
1390
1 73
1 963
1 501
973
1 187
263
770
1 939
1 427
526
1
927
1
1147
715
234
1 333
1
1 814
1
195
682
1 129
1
24
1660 781
298
367
1450
1 908
946
1 428
1181
1 274
1
998
1 89
1 573
1
513
1
11939
758
920
1224
1 469
1
387
1
1
40
448
1 634
1 253
778
1 710
1
1 453
1 744
172
1
476
7553
1 87
295
322
816
1
1
316
1 385
1 21
1 533
1 182
110
469
1
1
1450
858
1
8089 696
1
1 9
774
1
73
1 627
1 34
1 306
886
498
666
1
1
244
1
1 715
287
5007 1356
5389 1249
510
12484
1 992
1 792
1
1 265
525
1 340
1 523
1 260
1
1 857
1
1
1 211
1 745
1
467
442
77
617
7090 827
1
550
140
137
1 4
1
400
1 978
1
1 536
172
1
1
1010
594
78
560
1
1 221
1 48
3226 1488
591
990
1 216
1001
748
1 476
706
9030
1
1
309
1
882
1 95
1 328
1 379
920
508
1
1 348
493
10120
1
1 641
1 305
536
269
1 683
1
1
745
8075 3753
9774
989
1 605
1 214
6207
782
794
1
228
1 748
1 505
1 649
1 107
1
1
908
1
210
1
292
19
7879
518
1 434
1
398
1 398
1
1
272
1
1
3014 1096
1 116
781
570
1 998
1 592
712
1
1
475
1
1 404
1 942
1 872
189
511
1 90
257
13805 1385
1 674
508
1
1
1746
1
514
1 954
1 401
6616 1522
1418
3514
2584
1
1
1
3033 1626
1994
1685 2419
1278
10262 1455
2860 1598
1
1
1989 1370
789
1
1
9976 466
8621
1
1
799
497
967
863
1 377
1
1 487
437
1
1
1
1 632
589
949
1 426
989
1
560
1
1 100
206
1
1 324
886
1
1 335
612
1 374
679
1
1 693
1
1
1
1
861
1
1
396
1
89
1
599
1 781
3592
455
887
1
140
1
1 172
641
8855 439
849
132
1 87
1 949
1 590
731
1
1
1 849
1808 1126
5668
860
9333 1288
1 843
1
56
406
1 815
418
1
1
1 271
517 340
1 589
1
1
1 136
1
595
1 928
1461
1
557
1
1
1
1 480
13813
667
1
1 246
1 988
576
709
1
265 1229
1
1 126
1 134
966
1 650
1
761
1
650
1
919
1 588
5652
277
4764
1
657
110
1
290
49
1 812
15843 2058
1
1 784
869
1 814
407
1
1
1
1 298
1
1 589
1
508
1 326
1 529
1 823
356
1
1466
1 556
8909
1
1 859
924
53
1
1
1
1
3752 698
1673 906
1
1
695
1 502
1 658
810
1
561
2823 2309
1
751
363
1 966
1 961
1
865
155
1
1 122
1 800
949
1 969
747
1219
488
77
942
1287
1
596
1 471
1
1
54
1
275
608
1
1 114
1
886
1
389
1 529
914
1
1 338
635
1 726
1 845
1 132
907
1 504
1
510
9839
500
1
924
801
5286 1106
6207 748
1
1
1
1
1 456
1
1 823
813
882
654
843
1
250
634
177
79
544
1
48
41
274
1
908
1
165
1
90
7514
323
1
1 742
190
1639
1 591
832
1
1 789
1
131
11863 1072
1 100
1 277
1
742
705
1 712
381
1 239
314
10261 119
1
228
870
1
1 816
1 1000
1 437
1
1 550
1
1 268
1 181
696
1 440
1
1363
1
485
1536
835
1
78
1
610
1 720
1
1
1 788
9375
3961
1 745
1
1 264
1
4933
1 154
1
1 884
93
480
1
1 602
1 668
1 935
1
1
1
1
998
1
1 216
875
1 73
1
1 599
114
1
4341 939
1 600
1
1
1097
217
1
1
1
361
1 650
1
309
1 994
1
1 103
1
1
616
1
1 181
99
1
14348
402
1
9351
818
82
240
1
843
442
44
1 861
290
1 995
1
554
810
893
1
760
2359 1800
1
1
1
226
998
1
1
1
12846 739
1
1
1
1 117
557
1 396
1202
1
1
1 441
514
1173
1 581
1 667
1
573
1 621
1 561
413
1
1660 781
983
1 146
1
1
721
1 391
1
6256 2285
1548
1 320
1
1 21
200
1 737
935
1 11
518
1
1
1 379
4891
1 938
1 564
1 645
1 726
4637 1016
1
378
312
582
1
962
1
237
192
432
5926 1095
134
1 794
1 138
886
1 913
334
1 632
641
1 593
562
1
259
28
1 98
805
248
15273
505
1 309
1 472
1 910
207
799
3095
1
1
954
773
172
375
1 271
277
1 826
467
1 726
1 432
595 223
1 214
160
1 312
212
210
365
1 56
1
1013 641
1
33
52
1 583
1
1
1
1
1 463
195 820
4619 1523
1
1
8375
8191
8444 1746
695
170
7406 1726
1 573
1
755
641
1 385
1 990
667
744
1 832
1
626
686
1
377
1 784
1
803
1 296
1
2862 1057
1689
1
1 391
1 567
1
1
9333
1 141
1
1 818
742
1 752
858
1
38
106
1 971
1
1 560
1 824
696
1 104
1
443
1 791
1 677
12311 1869
1 86
14
1
1
297
1 437
988
1390
155
1
1 910
799
50
972
9497
1
10316
1007 1223
1
1 711
7194 1147
1
7090
1 364
1
847
1 719
1 398
408
225
1166
1 728
84
1
470
6256
848
1 896
229
1 397
1 800
1
1
1 619
1
1 608
1
8909 1009
1 806
1 758
713
1
1 572
1 170
1 967
1
1 964
1 797
934
308
1 249
1
1
2168 1150
29
707
1
1 440
485
1 490
177 634
1 248
1 246
1 530
1
6207 748
1
1 200
1 558
1 238
203
723
139
1 185
1 487
1862 463
1
6154
231
35
1 492
1 911
191
1
1 57
487
551
1
1 983
1
1
161
1 936
1 851
10810 507
117
1 361
1
1
1 178
705
1 767
618
1 713
1
55
1 5
1
210
14922
1 515
1 665
1
1 59
10296
1 680
1
1
1
1
1
862
1
378
479
1
522
795
193
13167
1 197
1 849
736
1
120
1 744
5797 823
1 40
447
267
1
630
1108
1
1
272
1 960
6027 1461
1 490
549
782
1
1 619
1 218
7390 125
1 957
1169
1 782
1
1 58
703
6306
1 408
306
888
851
1
1
8305
1
826
1615
1 601
268
363
870
106
1
1
1 120
1
13075
319
1 533
10258
1
1
1
1
1251
1 140
469
1223
6349 1224
604
819
2471
1 426
1 835
1 188
1
802
1 881
4521
230
1
911
1
1
1 779
1 300
981
696
1162
1 406
332
8621
12043 799
668
1338
1 167
1172
370
332
1
8526 1238
1
1
1 233
522
1 605
1
1 699
820
1
1 839
889
2314
9833
1
1037
3362 1257
1 3
372
5421 992
1 897
1635
1 412
3167
727
1
1
704
1 694
683
1
1 535
1
801
1
1 501
1 212
1 54
1 358
1
772
1 161
1 251
1 712
778
5401 1704
697
1
930
1
1 254
13455 738
5537 1657
307
286
896
1444
520 1157
1
1 78
675
9060 433
221
1 843
138
1432
722
1
245
1
586
9593
991
6548
13396
1 739
1
1
1
1 340
6996 1602
10262 1455
1 979
1 423
1 451
1
14427
1
1
1
512
1 246
172
1 869
1 533
1 428
1 693
1 79
1 651
1186
1
1 178
1 414
929
1
1 265
11960
1
306
567
1
1
1 597
1 469
834
830
1
1
1 37
1 534
1
1
523
1514
319
1
1
1
12871
1
1 384
618
381
1
541
9774
1198
1 613
1
460
392
14808 1549
1 37
1 567
879
116
1 998
1 521
1
1
1 994
826
1
1 801
924
13011 1240
176
211
1 618
1
1
883
1 727
1 601
1299
1 521
1 57
8488 1297
1
1 699
1
1 826
103
953
1 555
691
1
1 994
1 309
1
1 231
1
1
1 83
376
1
1
1 331
867
6222
1 374
765
1
1357
3094
29
693
1
1 267
5814
1 733
1 205
856
1 381
1
4938 414
926
1
231
1
89
1 564
1 365
901
1 170
1 258
393
1 901
539
1 643
2476
224
1
1219
925
435
14922
1 903
997
819
1
1 671
373
418
548
1
2883 2082
642
1
1 901
615
294
1 478
439
1
1 3
967
1 600
1 310
1
343
1
1
1
469
819
1 311
1 829
1
8908 1128
1 922
1 43
988
1 939
834
1 238
1
201
1 441
2144
234
788
13296
794
398
1 657
3071
1 767
1 570
130
1 289
1 203
3341
1
617
1 658
1
417
6466 313
1 837
1 970
1
7210 952
1 416
990
1
671
542
1 481
1 178
1
1 902
318
1
1
1
1
988
1
1
208
1
738
1 520
1
1 771
14095
932 1246
1
1707
7168 1524
1 898
1 541
1 847
4533 1100
1
505
1 454
717
33
1 954
1
1 954
1 51
885
1 650
592
163
1
3397
1 42
2812 384
1 513
946
1 616
1
738
1 949
982
1 226
1 826
5178
1 351
1 551
1
1 88
258
1
239
1
587
1 108
1 187
1 431
1 597
1 538
1
184
189
1 387
1525
986
1 55
1
1 876
1 248
1 716
1
1 198
1 366
1 517
1
988
946
1
1 628
1
296 194
1 751
507
973
1
1 138
1 618
1 98
1
456
821
799
1
1 31
1
1
482
754
1 453
565
1
1
725
1
784
1
1
1
669
1155
892
3268
3167 760
719
106
1 127
1 75
30
6137 3194
1
1 698
172
1
1 719
9390 845
374
725
202
1 606
206
31
1 644
1
1
1
1
1
1
1
1
5389 1249
1 808
1
1 531
1 81
1
1
1 770
1 229
1 100
1
1 815
2365 1283
947
1 601
1
1 391
1
1
9593
1
1 455
1
11396 3272
263
603
3094 714
1 82
1 955
1 374
1 852
1 579
183
868
1 608
1 971
1 44
281
1196 1745
1 419
1
219
600
1073
1755
1
1 348
705
478
769
1 714
658
57
1 948
4688 1299
1
1
1
1
541
1
1
1
550
533
389
1 963
967
1 418
1
1 547
1
1 971
235
1
648
555
1
1 276
10700
1
12998 1466
1
1
1
1 784
1265 1727
1 59
1481
1
865
1
1 364
627
1
976
9384 1361
1
1 54
1 462
1 141
1
483
821
281
412
725
7601
8507 941
212
1827
87
1475
150
1
1 866
1 340
6500 413
64
587
8812 2392
167
1 917
1
1 448
261
1
1
5402
1 207
1 524
1 838
1 516
1
1 416
1 614
100
1
2057
1 900
1
1726
1
1 308
2285
1
290
241
1 267
1
1
1 133
1 378
1
352
1 282
8
1 852
1
863
1 291
413
1 97
384
258
325
1 930
1
541
1
997
3797
943
825
1 384
10254
11841
1 422
544
1
1 907
6082
646
173
12171 1104
1
916
1
1
256
688
1 652
54
1 980
1 189
1382 1326
923
1
1
1 265
1 426
1
13234
1 896
1 833
1 956
944
2638
1 867
1 401
1
1 639
1
1 140
1 709
1 165
111
600
798
1 457
1 327
1 767
1 697
660
716
1 12
4006 67
1 731
1
1
426
526
935
703
4474
1
213
1
1
1 376
506
1489
1 762
1
1
1
1
1 33
9886 1219
1
6419
829
1
1 324
1
1 302
4775 1997
1
284
855
246
1 160
1 780
1
1
1 894
1 890
1 747
99
780
1 1
1 267
818
1 51
1
1
1 304
9094 1040
1 655
7494
47 1222
1
10849 1084
959
186
3404 591
1189
1 621
397
349
5388
1 318
795
1
291
1 362
956
950
901
1
1223
452
848
348
568
1390
425
950
1
1
1 107
1
1 362
1 944
966
1 304
1
210
1
1 521
1
8239 1607
1 39
446
1 615
1532
1
1 197
723
5088
385
1 635
1
16460 925
1
630
706
1
1
10073
4525 795
152
44
952
8777
1
64
63
715
1 926
100
1
1
1
1
1 795
9357 2011
8239 1607
1
1 636
1 258
231
1 411
15384 1208
1 164
1
1215
1 979
1
1
1 474
1
425
1
1
1 65
463
1
1951
1 596
1
1
1 661
1
830
1459
16247
186
1 840
1 781
1
1 151
1
1 665
1 708
7199 1202
958
1 745
1 309
283
903
1
1
1 797
183
1 258
1
1
531
708
1
1
1
681
1 396
923
1
1 92
1 141
1
905
1
1 418
635
97
1
1 759
121
853
650
991
457
631
10162 1476
250
1564
4330
1 348
1
1 813
531
1 561
162
1
131
1
969
1
793
3078 1210
1046
1685
145
9091 2040
362
918
1 518
1 572
1
1
18
81
1 100
296
1 701
1
844
511
1 402
427
1 300
5513
639
1 2
623
1
845
6023
411
318
68 1283
1 339
1 726
1 215
991
1 524
1
1
1
1
1290 1074
5929
441
1
832
1 889
161
1
1
1
1
1478
1
1397 1106
1
1 715
1 675
1 456
1
1 581
1
1 897
1
1 328
319
1676
531
788
2155
878
1
1 362
314
6547 910
464
44
10343
1
1 210
818
719
6687 585
551
1 191
1
706 454
693
1 711
5229
5
856
1102
1
1 328
222
1 156
5087 728
1 904
987
1 643
99
1 884
1 115
1
1127 550
1
577
343
11532 2544
276
2315
559
1215
901
419
1 191
1 248
667
2055
293
627
62
479
1 904
43
1
362
1 826
775
1
1 132
1 589
1416 409
1
1 644
1
10073
782
1069
1
1 243
659
1
1 39
1
438
35
1 393
1 301
607
188
340
803
1
1
10506
1 395
167
10355 2163
492
1 814
39
1 25
1 54
1
1
395
422
52
728
1
529
1
442
444
1
3378 1639
1
1
936
1
1
1 196
1
10669
1
1 637
383
1246
1
1
1
1 576
1
105
1
141
1
1
854
226
1
1
661
325
1 862
1864
1 993
1 218
1 659
287
1 772
1
1 268
434
1 709
1
1 835
1 627
1
5509 1050
643
1 913
1
14508
1 84
1825 925
1
577
767
1
1
1 859
90
1 187
694
8677
1 490
976
1 999
1 645
599
1
3272
1
1 212
601
723
15552 66
8054
1
4593 1568
1
7919
1
840
2627 316
1 206
1 412
8812 2392
1 336
1
1 714
520
1
1
1
1
766
23
990
1 376
1
3545 1416
813
8921
1597
1509
1
884
895
1
1
1 147
1 713
1 308
1
6741 864
237
840
1 133
1
1168
14873
1
745
222
789
1 694
1
1 630
1382
1 637
606
1 218
1260
1
1 400
1
1
1 431
1 960
1
1643
1
1001
366
1 604
1 622
1 676
4688
1 606
1 580
1
1 655
329
10245 5214
7472 931
1
1 2
1 12
1 481
1 632
1196 1745
1 41
84
1 771
712
1 958
1251
1
731
8812
1
29
588
1 44
658
1 256
1
821
1 469
435
1 810
1
99
86
833
1 797
135
1119
1 410
1 760
1 526
275
645
1 97
958
187
418
287
8812 2392
249
1
1 180
1
1
1
1 772
433
838
1
1 570
1 743
246
1 607
480
570
1 393
1
987
1 187
1 809
946
1
2623 1248
3362
378
664
1945 1714
1
11359 2155
928
6500 413
1 434
1 738
461
1
787
1 697
1
1 512
7730 612
10874
1
1
1
729
98
1 557
1 222
1
6376 2208
257
551
1
1 362
272
1 290
46
767
4297 548
1
12160
1
559
206
710
627
1 206
1 633
1 825
1376 472
1
1 487
252
341
1 962
10066
567
1
1 468
1190
1464
1461
1
1
1 287
107
1
1 458
324
1283
1 120
70
724
1643
1
2950 259
1434
295
5642 942
737
603
2287
644
183
1 438
1
1 88
957
1 419
1
784
1
908
1
10343 458
1 205
426
1
1
734
329
6560
1
1 613
1 223
1 650
1 865
1 728
5402
1
195 880
703
1 839
335
662
2155
1 611
1 372
28
5302
31
5574 801
1
1
512
1 520
1
1
1 743
618
11863
1
442
1
1
1 330
1
1 355
297
1 429
678
1 504
373
1
997
291
1 818
4194
1 687
323
1 860
1 804
1
1 532
470
1823
34
1 116
8689
172
1 906
1
1 366
1
1 486
1
1
1 774
38
1 879
1
1
1 686
464
256
1 365
1
981
1 274
1 835
1
8054 2750
62
343
983
189 270
773
1
12977 1423
1 487
2506 1063
111
470
1
117
1
228
236
1
1
8087
791
1674
1 436
1 259
760
1120
738
1 441
1 168
376
1
7250 374
805
1 165
1 443
1
1
10871 554
1
670
1 107
6339
272
381
4472
252
1
1
1
482
1
15554
1
1 734
5517
1 217
673
13224
825
1 511
1
1 191
1875
1 209
1 711
1 760
637
1 630
5388 1059
11359
641
1 438
1
1
1659
167
278
1
1 556
527
3542 916
1
1
1
1 798
1 667
1
1
14753 1461
7797
220
5721
9288
1
1 607
1
1 527
1
2586
1 149
712
1 409
301
8237
1 382
1
6260 2935
1 987
302
1 253
682
1 520
1 572
1
1
1
938
801
991
1 609
1 756
1
1 563
1 250
6612 1824
643
1
142
1 961
1 900
1 288
1 620
1
1 801
760
1
921
1
1 800
1
1 443
3309
825
1 826
550
911
1 32
1 185
600
1
1
2471
1
1
1 435
848
1
922
218
634
5130 1573
510
843
1
1 785
687
657
1 726
1
1
1 963
64
1
1
1 288
1
1 805
1
1 936
1 523
998
1 760
13480 1349
1
1 103
676
522
275
487
11765
3793
1
1
1 958
24
20
1
1228
1 881
865
1 194
272
546
1 650
36
1 387
1
1
2144
1
1 324
1
1
1
1
139
938
481
302
9293
1 945
1
1
1
48
1 9
1 262
1986
9181
1 825
440
986
172
1
658
1 505
102
1042
1 634
1 223
1
1 149
1873
295
284
1 628
1
597
728
13047
1
1 800
1
1
994
1639
967
263
390
1
1 859
755
1
505
1 944
763
1 792
1
1
1 613
707 619
1
105
972
631
388
439
802
1 976
700
1 250
1 938
1 481
1
223
1
2580
1
1 645
133
282
1 906
6875
221
42
772
6042 498
1
1 277
1
1 818
1 524
1 382
633
1
281
173
7899
1 553
1
9357
650
6444 577
1
938
1
1453
1 942
186
1 718
375
8657
144
9293
1
1 809
1 407
1
1
1 433
1
1 18
704
3577 1210
333
1
4231 1076
1
321
1
650
1
1274
8713
1
557
1336
1 940
1 815
1 772
746
10719
1161
1
1 398
15208 1459
1 638
992
15552 66
1 733
767
1 13
1 775
1
1
1690
1 855
619
805
1
1 533
64
394
16065
771
1
1
14922
1626
11218
9
4
769
1 295
1
1
1
528
1
10316
1 11
1481
492
1
1 86
1
1 57
2365 1283
90
930
1167
1 577
803
11882 1690
2040
1 344
10874
9223 1417
14063
544
6874
950
1 836
685
1
1
1
1265 1727
646
1 963
1
1
1 684
1 851
364
288
4208
5950
1 502
1 943
1 207
1 748
6186 431
227
10032
937
135
708
613
1
1
1 11
1
947
7997
14690 2101
1 142
1 254
1 134
1
514
1 591
9659 1674
7644
1
1 100
1 667
1
298
222
79
506
1
325
429
615
1
1683
648
1
10379 584
1
1
725
178
718
1 426
1
1
749
6256 2285
1
1 151
1 995
1 229
1 334
1
1 852
1 79
1 503
629
1 267
1231
1 227
1 567
481
567 944
9212
666
1206
1
1
602
949
1 545
1 854
9185 568
792
1711
13213
1 490
845
1355
628
83
1
1 121
9333
1 979
1
23
1 440
1 361
1 716
247
676
1 219
86
401
996
1
1
1
78
664
1
1 439
1
1
75
1 267
802
1 845
154
1 195
1
454
2552 1273
1 168
1 982
1
479
1 141
1 337
138
1
856
1 269
1 692
2614
130
225
1 17
1
1
1
8839 1064
1 202
1 524
1495
667
756
1
2362
1698
5421
408
733
535
9348 661
627
1 960
34
1 788
251
394
360
1 806
1540
587
1
44
221
1809
1 911
1 632
185
1
837
378
1
1883
10254
1 740
1
9886 2136
371
1 465
1 66
1 943
1125
1429
12393
7926
261
1
1688
1 619
4933 1142
3996 470
421
1
688
1
1673 906
1 776
1
1
1
1
1 418
1
1 646
132
1 789
901
1 615
1 275
1404
1
47
1
1 639
212
1051
1 670
909
1529
12164
1
353
723
2310
1 832
1 819
1
1 598
1
1
6355 181
6025
778
266
361
273
704
1
1 165
1 116
219
608
1 379
100
1 31
1
8407
1 431
11359 2155
1 629
162
1 987
1
1
1
1
1
1
1 444
558
1
622
627
9574 2835
6339
1 804
1
1
1 937
1
1 101
14028
8892 1537
1 933
1 796
1
1143
1
340
3404 650
4173
12804 929
1
1 511
1
833
1 505
8375
1175
5623
4254
1
1 959
121
4717
492
1 141
1 184
764
1 107
950
48
239
1
8390 1784
1
1453
1 841
7094
1485
1 237
1 597
1 767
557
898
1 168
1
1
1 772
435
1
1
11928
1
806
1
2040
974
327
1
13296
1 990
5421 1378
16
119
1
3904
1 518
891
1 596
1 293
476
7168 1524
1
1
8281
8247
1543
14231 823
1 683
1 281
204
453
3272
162
1 179
840
1
252
407
1
1662 1586
1
540
1
1602
1
1 357
585
669
1 823
962
1
1
1
1 78
1574
31
10141 2914
1 240
1 889
1
10194
1 355
654
1
1610
1
1
1
119
4426 1666
754
13234 1158
1 882
1
1
1 927
117
9422
307
1 606
1 998
1 778
1 952
744
14427 1615
1 63
1510
313
6891
1 887
397
641
1
522
1 995
1
476
905
1 706
741
1
1
894
1
1
1
1
416
1 611
5192 348
1
1 78
996
158
1 343
876
38
935
113
1129
1
691
449
569
701
8531 1149
1 590
963
998
9293
317
734
200
849
125
1
1
600
972
1
1 329
1 725
1
1 198
1 725
1 394
240
7194 1147
1
136
857
1
1
1 194
1 550
1 98
597
1
1 28
1 69
1841
800
673
1 284
1179
159
1
1
1
1 302
1
1
8164 1518
1 800
1
1
1
3614 567
1 81
1 600
991
2026
1634
1 968
5178 1567
2638
1 795
358
852
1
1 691
1477
274
1
1 859
463
10109
3514
1
1
501
647
14111 849
1
275
7475
1 915
2047
1
606
1 265
452
203
3355
1
1 257
1 868
1 900
9727
1 102
1
1 707
11450 748
1 180
440
2362
1 51
11283 409
1 597
1 136
1 419
2175
1290 1074
2140
993
1
887
1 318
4006
241
8375 1345
15683 1313
15111 2055
548
451
1
859
1 779
1
1
385
1
1
1 737
1
660
586
13590
5232
1148
7658 1886
3975 1417
1017
1 141
93
842
1 25
126
1
400
341
257
12941 265
857
830
4203 1276
325
1
8621 1698
767
1 458
15763 2536
1 766
601
1
1 282
1 799
1
1
1
1
137
1 106
736
655
1 290
800
359
1
658
1
1
1
555
604
1202
643
1
14736
1 985
1
1
348
1 49
4900 1162
1
1
2716
1
23
1 789
1
48
359
924
968
1 910
1 836
12069 636
2696
869
1
257
1
1467 1272
1
1
544
940
1
430
432
1 886
483
1
1
1 788
1
1
1
3591 948
8148 616
1
1
1
1 243
1
1
788
2152
1
696
850
772
8281
1
1 502
1 674
1 798
1 168
1100 1015
3456
1
1 145
101
3088 480
1
1 1000
1161
1 456
1 447
1
1
8682 1525
2824 1055
696
1
1
63
1 66
501
1
1 346
2897 730
15458
1961 308
198
1
1
14690 2101
101
173
1 619
1275
1727
763
687
585
718
1
304
734
834
1
619
1
14095 1800
1911
13115 2270
1 366
5880 725
1 338
483
1421
1
231
1689
267
1 516
23
923
1
543
1
7286
814
543
1 146
1
795
92
4194 965
13292 846
229
1
1 839
1
515
479
9372 1154
1
1
811
1
1
1 166
1 745
1 88
1 739
2
5525
1
177
14594
1 544
89
1 100
948
44
1 245
1
6027 1461
1
1
906
490
1 224
1 451
139
8713
1653
3006 262
1
1
1
1
1 61
1 139
1
587
1 398
393
1
1
725
1 790
1
1 186
1008
117
1
1
710
439
1
1
725
677
1
1 56
1 122
265
1
1 423
1 333
12189 1690
2576
1739
1 274
1
828
1
1 93
41
458
1 982
4775 1997
867
899
1332
1 496
1
5727
1
1 441
1
3328
1
6349 1224
1 399
5405
436
1 954
745
1
937
1
1 744
1 19
740
1350
33
1 477
17
589
618
1 648
743
1
14808 1549
1839
1 179
1
2824
1 556
1 930
536
601
1 870
1
1
23
270
10245 5494
1095
1 390
1 481
1
1
1 136
4443 1421
1 125
8812
1 349
1 784
1 380
1 838
1
635
1 296
751
1658
4268
11720
281
5537
1 391
636
819
8271 1100
14902 2054
4801 2396
977
1
80
1 552
480 1659
1
759
1 882
396
1067
664
411
1
1 100
5893 639
611
227
1 670
1
4323
1
1 684
1 763
495
1
669
1 939
973
333
480
1
1
638
1 168
902
1 885
1
1275 185
1
1
1
1 608
1 879
1 686
634
1
609
837
1
1 949
1 653
1
845
1 298
1 799
435
588
573
1
748
765
941
1
754
668 961
13161 363
8
1
1
1
321
1 441
1 713
6295 1591
2187
585
9182
1
13047 126
1 663
948
286
1 72
1
1 328
71
351 729
1
1 426
8583
1
2412
1009
1 791
16033 1519
1 942
1
278
12680 1211
1463
312
1169
1
1 922
1041
129
1
1
1 784
288
1
1 490
1
1
1 767
946
1 771
1 641
1
8959 1023
1
10268
328
2734
769
1
1
1
560
1
1
100
1 231
1657
1 686
1
1 77
535
1161
667
998
515
362
1 915
555
50
1 681
463
1 94
1
1
1
1 754
3825
1 148
940
862
7
1
1 173
7599 474
9508
1667
382
1
892
1 174
1
1 246
1
5707 1930
1
896
1 623
1 162
1 428
1690
1 680
435
1 54
1
31
1
9019 1164
1 24
669
1 185
707
816
514
1
574
1 966
1
265
1 355
1 699
5214 1048
670
1 460
1988
1 583
37
499
1
231
1
1
853
1 478
2246
97
5814 1242
1 512
468
1 322
1 136
1 537
13336 2089
362
762
72
1
1
1
1 592
334
1
120
241
1 381
1 273
2960
1
1 943
1
1
853
1 400
9798
1 138
828
921
918
1 904
1 139
1 267
1 639
6256
3476
1 448
1 1000
1 808
1 929
1
1 266
963
277
185
1
1 403
1 689
320
525
3046
8982 1430
1
632
1 502
7658
1 634
1 528
1 18
1 692
1
192
6341
258
1 247
9516 1000
229
1 509
1 415
778
1 76
3782
1
8326
252
1
354 1873
14850 1478
4903
6025
6341
1
1
1
647
1
1
8087
1
1064 349
1
1
1 742
11152 735
1283
1127
15
687
1
1 225
201
1 938
1
978
1 78
629
1 997
1 851
1
296 194
564
1
7149
1 468
281
374
1
4239
1
726
1 242
1
15060 1532
973
1
1
1 693
560
1
95
1 782
1969 395
1
1
1 316
1
1
673
1 636
1
800
526
1 602
97
1 444
1 544
37
1
1 880
1
1
519
1 694
979
816
11009
211
736
1 357
1 494
1
4932
1
1 121
2971 741
352
150
1
585
1
1 132
7816
1
100
1
1 694
28
1
1
1 218
189
942
854
1
11109
1625
1
1
868
1
8060 996
1 596
1 737
936
114
434
928
4240 533
1 682
1
3108
2384
1 435
283
1
125
9649
47
1 904
1 638
1
516
499
919
268
1
1
1
1 514
958
1
1
12839
1
1
5178
451
1 242
1
1
1 191
7906 1062
505
1 441
80
1 464
1
502
1
12497
1
1 753
499
1 952
1745
1
1
1 388
641
1
1 906
1
1
1
619
1
1
1
4443
344
5787
1
527
1 723
784
2623 1269
1 464
293
1
266
660
418
1 28
1 841
1 787
161
1316
306
6137
1 576
1573
2400
16325
2536
4681 1908
829
779
751
2662
1
1
1401
237
2011
510
687
777
327
1 379
254
10548
1 860
1 562
641
177
1 491
1 47
1 682
1
6650 1095
6610 1481
400
15017
1
1
527
1
7709
1
1
1
676
372
6875
9384 1361
5232 1181
1
3366
1 529
352
270
1
395
502
1 688
1
1
604
838
1
1
3461 673
2750
1 818
723
1 736
621
1658 704
992
1 532
716
1 345
1
462
594
1 336
1 157
1
1 811
1 476
632
1
510
1
6995
1
1
1
8407
1 720
12804
1
141
2188
2188 225
1
1345
1 144
1
1 228
1 117
1
16033 1519
1 690
751
4991 1357
1
1 643
267
1 970
881
1
1
1
1
632
503
1
7953 593
617
613
77
1
1 725
1
1
1
298
1
2554
1
1
1
1267
1
1
1 389
13878
863
1 431
707
13214
1
1
3006
1
3450
11262
14667 972
1
894
42
1 537
640
1
5721
1
324
913
1
527
1
1 75
1
1 882
1 49
1
1877
1 750
1
2390
9613
1
450
1 804
1 554
1 908
1 486
1
1417
1 295
1
131
1
914
288
1 792
1
1
507 1373
131
1 60
7709 1390
3461 673
1 668
1
1 75
6491 949
1
1
1 619
1 337
1
1
693
6875 509
369
828
503
1 197
1
194
794
2513 1497
1
1 362
857
91
986
1
1 416
719
1 293
1778
1 283
1 312
1
4705 1977
1 599
1 983
1
170
1
6578
6708
1
1 835
1 947
4644 1039
366
492
1 965
922
1 529
12
783
449
12637
5178
1
1
2932
1 312
1 542
1
1376
12804
1 726
671
1548 1298
1 602
1 754
3915 1434
1
14
1
5566 1684
111
768
895
1
1
630
1 328
8498 1244
1197
474
916
1 708
947
1397 1106
1
3
1 559
1 716
1
379
11492 1168
385
295
1 514
596
1
653
1 454
274
1
1 389
1
648
1 968
1
1
73
38
754
9691 1556
1
1
1
1
1
151
294
458 1147
1742
1665
471
1 859
1168
1
1 862
1
156
1 242
1 155
366
1
1 946
834
1722
1
161
1 532
175
620
1
696
5440
1 787
1039
1186
1 550
1440
1 54
1
1
641
570
1 944
1211
1
2393
6627 1009
1
365
872
3205
1
1
1 336
1 123
1
3285
1 313
1 108
1
462
928
1 427
1
1648 1141
1
3779
1
1 563
6445
1
1 663
1 971
1
1
1
1
1
1 964
3085
6887 291
1600
686
1
1 379
967
1
14874 1573
1759
1
1 799
1654
1
704
316
1 348
1 511
9508 700
1039
1 151
482
718
1 542
1 672
1
4188 1531
1
976
260
69
1
1 846
1170
10874
432
1 39
1684
1 592
1 820
8271 1100
1
1
9284 1346
1
1 121
1 710
2338 1810
1 946
1
9638
11417
1
630
1 112
1
8843 1354
602
1
1530
1 692
1
1166
1
12154
1 528
3597
1
3979
1 442
1 883
589
1141
1 3
6875
1
1
1
465
1 332
1
1155
821
775 510
1
314
1 398
1
951
895
1
9252
1 516
1
1 52
7894
1
585
1 491
1
11359 2155
7709 1951
1644
741
1689
1
1 54
1 832
1
393
1 949
818
690
29
10728 1534
119
1455
984
1 633
1 436
1
5135
1
1 657
162
1 681
1
1 754
1 157
1
1
1
1 46
7480 1798
1746 527
1155
1
1
1
1
1
1
1 500
271 1721
1
1
391
496
10868 242
113
1
1075
1
95
6222
1
1
1097
1 249
1 886
8871
7445
66
1 395
1
562
918
60
968
525
1 591
1 60
2038
1 551
1745
2847
308
9774 1278
1 102
1
9708 1880
1 124
5401 1704
5500 1349
1 698
998
1
14427
450
1432
1
1
1 160
1 90
1
1 438
210
3110
579
1 527
44
1 955
1
5159
4341
912
25
1 407
5
1 185
12395 2514
1
970
1 961
531
405
1
1
543
1463
788
927
354
1 849
1
1
1210
9182
9094
1 419
851
1
992
1 94
1 747
1 330
4785 927
4846
2728
1
6154 407
1
983
1 920
1503
281
51
4320
1
1
1 245
1
1
415
677
7911
1726
1 737
1
7553 504
1
902
515
1 192
1 199
1
1
1
452
94
542
11201
382
742
1 861
1
906
1
1
3375
1 650
736
1 751
356
1 551
1 465
1 103
3529
1 589
80
1 822
13335 3244
1
2855
323
1 892
102
457
281
1 75
1 66
8812
7286 1332
451
1
917
788
350
1 131
1
3243 1704
8069
1 350
10564
472
1 226
14695 839
1
4054 526
1
957
1
1
9476
630
177
12176
1 994
4709
596
577
1 801
1
1376
782
692
9659
1 222
1 474
476
835
442
930
1
1 323
1
1
1 287
1602
726
1 170
1
649
1 938
1
4775 1997
236
1
878
1
1 142
3378 1639
511
1
7709 1951
1 76
910
12416
262
1 415
440
1 592
1873
1 318
9194
864
11808
9120 2766
1745
1679
172 931
972 1391
1
1 412
1 423
2264
1 593
1 44
4450
1297
1 903
1
537
653
1
994
7647 1640
1
1
1 373
456
1 724
648
633
89
1 906
1083
1 536
11765 1386
994
1
292
1 864
6349 1224
1
42
12516
558
1436
1
1 524
1000
1
1 760
1 890
1
797
432
1
812
129
1 136
1 79
4971 1068
1 408
154
1
712
1
1685
1 921
1 351
1 162
518
1
1
1 194
7015
7088 1432
1
1
1 949
1 408
372
1
901
12226
490
12839 2728
98
1956 228
271
1 587
1 244
1
1
542
1 601
1893
1
878
1141
1
432
10261 119
223
1228
1345
1992
630
1 422
1
1
98
574
887
1436 1503
864
1 219
1 85
1
1 548
1 691
79
161
1 144
886
6317
131
1 452
1
1 93
1052
1
1
2443
13150
1
6393 867
1 244
119
233
551
1
870
14395 2907
232
342
11218
1 369
1 930
10261 547
1 147
3085
6578
1
629
209
1 520
151
1
1 47
1
485
113
1
1
1209
1 231
3075 911
2334
1 366
1423
1
1
14298
1 806
451
11395 3098
1 563
13335 3244
639
1 655
479
377
1
542
1
1 266
1
9933 1199
1228
7286
1634
1
1
626
2471 1051
1147
1 623
1 865
5178 1567
765
199
769
10343 458
2394 839
7830 944
1275 839
1
1 803
1
1006
1 653
1 614
879
1334
1
1
7472
1 908
1
1
2011 306
1 316
1
1
849
1 978
1 495
1 261
619
716
880
1 267
6135
1 29
1 102
493
1
2309
14395
875
1 886
1
1
2985 1031
997
1
1 405
288
649
1
11892 559
1
734
1 247
568
170
345
857
1
1 425
9375
793
1 362
13510
1
1336
1
1 408
1 976
1 129
808
116
656
1 57
1
257
11047
1963
1 573
1
238
1 749
11939 1550
996
1728
1 104
1
618
296
589
1 30
307
10022 1072
434
1 254
997
687
1
1529
631
6240
1 219
437
1 683
813
1 865
1
1
1
109
2726
1784
1
1
11841 1068
907
1
8682
1 605
472
1
256
17
1
1599
855
1093
5624 1464
7647
1 617
1
622
1 803
1 271
1
1 392
5547
1
1
5442
8871 1772
944
1
3137 1034
1808
1 941
1 45
425
1260
1 267
1 521
929
10966 769
13175 1223
5135 1739
1 123
2885 1083
6500 413
1 881
724
1 3
1401
1 365
1 557
15384
259
282
1711
7094 1315
443
569
577
1 875
1201
1 203
1
1 12
1
1564
1
444
565
1 408
593
2453
1548
1
1 230
2514
1534
463
1356
1
1
1 986
1 471
2018
1
1196 1745
404
483
306
1
1073
1015
1 647
1 409
1 607
70
900
1 501
9002
1 480
1 869
1
1 191
1
193
1027
14932 1498
1 389
1
291
1 590
13234 1158
1
1 804
1
1
285
1
11693
3021 1233
1 442
128
1 828
455
608
1 379
1
999
1
1
142
1166 1184
629
1
5999 1620
1
1
1 754
1 478
1825
223
2543
1
185
67
1
1 905
1
1
11552
1
1
11
1
1
565
1 945
1 743
1 863
1
15138
87
1745
1 813
1
1
784
1
1 142
596
1 836
5623 2204
294
466
782
1 398
1 732
644
4570
660
1
1 203
1
442
1 504
7851
862
1
834
948
961
1
10871 2506
9429 3224
854
1
1 658
1628
1
964
1 241
6612
1 120
464
766
608
1 459
9333
1020 1311
1
995
2880
676
337
1
660
634
1
15420
1 398
1416
1 471
1
7879 1588
14427
1 971
1 778
1 959
1 551
13627 958
1403
1 303
1
780
1 657
13
555
1
96
1 574
3285
1
1
6256 2285
7885
1 174
2311
2482 1408
1 23
970
69
914
1 592
3961 1020
1
1 745
3793
1 284
710
275
5721 766
232
1
1 199
1 235
94
1 591
178
1800
1 868
1095
1
8249 518
1 410
8089
8491
1
284
2047 1127
1 929
1 279
125
800
1440
187
11414
221
778
7298
957
9890 1902
11552 1342
1
1 427
1 200
1
1 23
14427 1801
1 376
512
1
1
6875 509
1
1396
1 127
1 440
1514
294
1 356
9419
1057
1
1
444
1 972
1560 669
23
1 42
631
1 13
709
1
1887
1
1
4580 1750
1 49
1 928
1 320
640
503
1 801
3413 1805
1
1 623
939
1
627
1 724
1
1
1 172
1
983
1249
598
11396 3272
1
422
14780 795
805
12395 2514
11396
2295 1190
2131
1
1164
1
1
1 1
441
7816
1
9052
1
1
12169
845
14746
1036
677
1
2705
1
639
665
1
1
663
1 594
7240 933
12393 754
838
9649
211
368
1 140
1 632
184
8491
56
1 472
1
506
1
1
1
1 633
1659
647
567
1
1 819
1 435
729
1 720
3597
1 812
1 227
13336 2089
1
901
6023
1
1
1 778
13359
1436
1 485
946
1
1 642
1
1 357
1
2669
1700
15592 3780
112
84
2208
441
1957
1020
1054
9185 568
44
1 185
1
14395
860
1831
1
954
1
12798
1
13397
1 333
1 50
2358 1643
1
1
724
1 645
1 850
1
1
1
1608
1 75
1 104
1 902
1
118
1 444
3280 1280
11359
1
825
1 825
1
1
875
1 128
1
1
5130 1573
1 329
1 49
1 217
9504 1138
958
396
571
1
9091 2040
5727 1111
5453
1
2791
403
1
1 797
1 896
135
115
1 740
1
1
1 221
1 406
1
1
1
324
1
1 93
1 833
1 521
801
599
1134
1 49
1
938
10458 1160
1452
1 131
1
577
1
1 316
1
1
1 792
1
1
775
698
1
1 464
1 799
10874
6912 1224
1
652
1
1
1 550
10975
1199
1 315
8583
1 756
3451 2503
970
1
3450
1
1
12739
1
1 633
73
311
432
921
2162
1 727
8700
5707 1930
10177 1221
788
1
126
1 852
10678 1377
1
1
4936
2189
73
11015 1757
1 754
1 663
389
1 581
13273
1
906
1
1
442
5166
1 973
1
889
6179
1 74
2136
8970
4619
1
1233
1 697
14594
863
1 168
589
1 722
1
1 485
1
1 188
330
560
1 277
1 571
11701
1 611
1
14424 1567
1963 720
898
812
1 481
1 124
1 158
727
136
1
836
1 654
1606
1
242
1 286
10113
1
1
876
772
1 461
1
1 656
190
1 596
1
549
1161
1
1
1 630
976
1
1
8204 2162
806
15017 2482
8054 2750
579
12161 1048
1
1 273
535
5164 790
77
193
1 358
1312
5601
1 881
1
203
340
1320
1
682
1 145
935
98
1 768
1
642
8324 1803
342
277
726
60
4325
4004
1 253
12443
7946
2463
1
940
1
1 794
1
1
1891
103
7600 2162
1
1 203
1
1 809
961
804
1
1248
1
1 587
1
1 724
951
1
1 953
6025 2134
1640
2992
1 295
13336
1
8713
898
1 647
11329 822
1434
1 307
12854 737
1
1
1
96
1
1
697
1 927
121
8396 1170
9722
4212 748
3078 1210
1 913
1 942
877
3378 1639
1 995
672
696
1 605
1 809
1 227
4533
7816
1
1
10022
1 621
883
8282
103
1 800
810
1
1 860
1 557
8164
2334
723
1
12854 737
4437
1 727
419
343
1 618
801
1 922
1 197
1
9091 2040
1
966
1
1
1
1 83
1
4619 1523
666
1 902
1 253
47 1222
436
68
3699 433
1 372
1168
1 843
1
252
8323
1
549
1
4753
1
221
1 260
1
7236 635
9389
1 591
1
98
1
1
1
10551 1551
1 37
1
9430
158
1 999
781
1
1 981
14312
50
787
10728 1534
1
359
1 403
649
678
16247 5845
9690 2215
1 56
1
828
1
1
1
1 97
1961 308
304
1
1 903
876
12009
654
770
8069
8204
1
1 47
1
5389
340
890
4727
1
539
4701
13132 1907
1 882
1 288
607
1 553
5155
2504
1
1
10194
1
128
1
1
666
1382
1 657
1
47 1222
1
1
3188
1
523
469
134
1 716
846
1
1 776
286
734
740
1 288
986
1
1 203
6738 1054
1 345
1 286
1 922
1
1 495
1 317
473
502
711
6339
1
1 371
567
1 305
1 343
7514 1089
1
660
1 268
1455
941
5603
7199
14050 1012
2309
4705 1977
241
360
1 744
13411
1
3937
193
1 954
5537
1
1
9118
1215
1 272
1 308
1 945
1
1
1
157
1
1
1 376
345
1 545
1
5758
9536
867
295
1079
1 510
723
1 4
15460 925
1 183
1 958
913
2358 1643
10966
9899 2104
1
8759
268
305
1275 781
1
1
1 84
2580 627
1 662
1
1
14746
1 320
1312
591
1
287
1 138
1 811
12009
1 646
4331
1
1936
5178 987
1 982
1 20
7793
887
549
400
1 786
819
745
75
1
782 743
13397 2176
1
1 701
30
1 47
601
722
693
1 453
1625
1
1
772
8583 759
440
1
1 730
1531
2338
1622
1
1
1 7
1
81
1
1 167
1376
1 321
3514
1
1
1
960
63
41
1 588
1 852
341
1 901
1 48
4341 818
1 533
414
1
1 432
1 218
536
267
515
117
1 203
400
1 622
8191 1551
1
685
13251
895
1
1930
8282 2293
5601 1385
481
2310
6333
1
163
1
1 339
9658 1485
1 495
1
1
185
244
1 130
14922 3026
795
10309 1957
1 313
1
1 941
7443
55
5623 2204
1088 966
1555
313
2384
1810
1
1
271
1
451
206
1
431
1 442
417
8621 2638
356
1529 802
1
2259
1 343
1 574
521
4398
1 998
1
9001
601
122
129
1315
1
1606
1 189
799
1 501
66
796
1 971
1 271
8799 1090
1
882
1
1
1531
1
1 431
1 46
1
9067 2292
736
3089
1 408
1 662
1 217
1 500
7906 1062
1 690
1
1 987
246
1 787
692
1300
13056 1831
1348
1
1 28
1 711
5530
41
1
1
1 776
11258 2267
62
472
15233
158
130
1
1
1
1 859
805
1
8823 2901
915
1 384
181
1476
1
56
1
1
10316
1 591
6099 2471
1 285
1
1006
1
1 37
1
10066 1481
1
75
1 116
6177
1
1
1 102
1
1
1 862
1 103
1
748
11370
1 520
1299
1 169
1503
1
1
7088 1432
1 499
4286 1153
1 592
1 103
676
1
1 650
2208
14514 2214
549
786
1 400
1
5635
11396 3819
1
1 133
3748 706
26
1
1
1862
1
148
1 263
1 246
1
1
705
1
1
1
1 428
1 328
1
1
1 383
8523 1683
1 783
523
1 445
1 213
1529
1 559
1 41
3591 948
489
1
1278
1 608
940
1 415
1
12214
249
489
281
7728
11405
591
1 564
10261 1530
1
1
3046
292
878
10905
1
5525
1
1 150
90
1
3143
1
1
293
1
392
677
1 739
1
533
1563
10852
697
9798
941
759
5888 1458
7268
819
602
14476
627 1440
1 256
1
2319
1
643
1 733
1 465
3
605
2330
15
1 872
1162
1
1 415
1 790
585
820
9067 2292
1 352
1
12646
1 899
332
259
2363 489
1 767
3814
1530
1
5753 1427
1
1643
623
664 843
267
1
1 983
3745
5500
306
1 693
1 520
1
985
14233 2448
1
1
12497 564
1 360
1 943
8936 658
8054
477
1 441
2091 316
1 500
1
1
1 554
1
10458
512
1 52
959
1 432
11643
1 669
1 726
1
9182 1887
1 797
2018
1 676
1
1 97
42
1
667
1
1570
1329
1870
1981 356
1739
16325
675
1
1
1 291
1 232
5401 1704
1 983
1
864
1
1 906
1 297
2373
492
14637 4944
3244
368
1
1 450
1 869
1 117
774
1 594
857
1 621
1853 493
321
807
567
1
1 399
9658
2844
1 503
1 494
1 304
867
919
837
635
1
1423
1 147
1
354
9593
978
1 150
3529
1 938
1437
1 689
1 269
156
1 274
1 133
9001
1598
1
441
1
1 149
490
1 881
8071
5965 1422
1 376
1 914
1 656
1
13183 1757
384
886
2057
1706
1
5227
203
1
8963 2187
1 492
1 716
1 467
348
11670 3049
1
1
1
642
1
536
1 279
1 108
1 163
506
1870
482
574
5868 968
9659 2311
14086 742
1
4791
1
1 629
1
1
1701
2855
1
346
1092
1
959
787
12162 2568
682
1
14535 220
3792
1
1
1068
251
81
553
806
1542
1
6306 1863
1 677
1750
6409 923
4800
850
13396
37
1 450
764
1
418
162
1551
1 780
1
13627
14514
291
1 531
7514 1089
1 336
1 30
1 554
131
1 65
533
1 89
1
1 879
11363 2409
61
1 602
33
197
161
730
1
764
759
1 471
12064 3046
1 102
1
367
1 943
1 792
1 145
787
1
4717 2400
11736
11363
870
1 490
1 857
1 901
1 609
834
9659 2311
740
1
1 493
65
410
4998
756
13952 2754
1
1
1408
1 997
966
1
8839 1064
61
1 52
1 21
239
867
1 6
1
6323 833
1
1 338
1
1 502
1 524
978
1 350
1
1 130
1910 1544
1 164
584
607
781
1
1
822
7277 1738
11212 485
1 771
3136
1
7472 931
7411
3904 852
1 372
6500
14233 2448
301
1040
10839 1841
448
1
760
622
745
30
15228
1560
928
3277
1
1000
1 623
13454 1094
4884
2057
12516
1
1 341
90
824
7175 2215
1
9
265
1 934
5277 392
1
1 61
907
247
1
1 743
1 377
1
2545
1 780
1
1 774
3296
423
1
1 984
10966 769
1 806
285
923
1244
46
8571 1911
11939
1 231
1 989
1 523
878
1
305
8820
972
717
706
9536
1 171
1 233
1 873
1 422
1 559
1 234
1
2286
121
1
10566
7600
136
15384 1208
1
721
1
243
8488
1 47
1 835
1 190
1437
4068
1 181
1
1632 1556
1
1
1031
1059
1
554
1 704
2090
1
1 736
1
690
908
10324 610
1
1 839
1 722
79
1 523
1 700
327
13150 1379
12171
1 152
1
305
4132
887
1 845
3575
1 332
493
1 115
1 729
1 142
1 632
7955 1779
55
836
470
660
1
1 182
2343
1 644
1
1 820
928
5967 1030
1 270
1 28
409
595
1
223
39
1 386
731
417
554
1
13732
670 560
1 41
1
1
1 122
1
1 141
1
1 809
520
1 340
793
10145 1019
16247 6140
1
1 699
1714
1
1
910
1
1
1 819
1 411
1 158
1
5
1
1
15458 905
480
481
676
1
1100
1164 1392
131
1 219
11992
13733
1 650
1
13260
676
1
54
1
1827
1 134
1 769
1 260
11129
816
1
1 427
1
1 655
1
1 686
912
1 404
3882 1607
13952
387
1 301
3014
2435 823
1228
7240
1
971
878
1 244
252
1
15154 3451
1
2312
914
12064 3046
8523
1
525
929
1
348
931 469
1 7
53
12389
8713 1654
11259
474
1
1
429
1 510
11537 872
1
1
1 766
1
1 167
1
9575
1 430
1 532
1441
1
6179 1477
1
1
13453 3185
1
777
5164 790
9100
14607
1 23
5354
1
606
1 79
1 554
5677
2261
1
8263
1 870
1
401
5740 923
1
1
872
1
1
1 441
41
888
5402
89
12504
516
1
1
249
1
1 323
782
1 855
644
1945 1714
1
2114
1
8280
1
1064
4995
1377
1 248
73
5013 1585
12171
12484
1
1
5525 1137
1 743
1 799
866
4709
1
787
5740 923
15966
1403
511
1 19
1
888
1
8526
11520 579
339
340
488
2655 1619
303
658
1128
462
828
5869 476
1 111
1 972
1
1 269
460
589
1
479
1
938
184
553
1644
11736
1095
1
7194
11467
10891
12941 1187
1 708
15032
630
1 856
4050 1361
861
304
323
126
2754
1 661
1 473
1
1
1427
655
1 410
1
595
1
1
1206
4944
350
272
1 247
1 165
14486
1 900
1 564
1016
1 779
1
1
1
102
657
1 427
1
2225
1 584
15252
9659
1
1 696
1061
1
1
1938
15138
1 467
50
1 175
16292 2415
1 234
145
161
3075 911
1 285
1570
950
726
1
8609
1 813
15955 1147
3210 263
8280
1 725
561
847
4341 1048
13121 1030
1 688
2376
426
1966
5796
9
265
4766
707
5
1
146
1689
1
1 663
1016
125
429
8212
1 631
1597
1
1 995
1
1039
766
12193
877
429
392
6203
1096 508
2464
375
463
276
1
1577 1213
1
83
1
843
1 826
1 603
1
202
1 801
912
1
265
2482
326
340
1 393
995
1 521
285
1 398
1 961
1577 1213
1
2362
1 898
1380 2242
1 510
15252 5013
3384 1586
1
145
1
900
348
1
3295
1224
1463
1 553
1 566
1
1
1 753
1
775
1 477
1
6426 1250
13455
12912 2442
2556
1
11396
1
941
187
1869
1127
648
1 950
1 93
11340 885
1811
1 600
736
1
11922
1 802
220 465
1222
1 850
1
895
1
1 81
554
655
1
257
304
1 214
1 396
12064 3046
1
290
8115 1437
1 343
1 557
1 639
2161
10966 769
610
1 141
1008
14111
282
1
919
333
201
10108
472
11396
1
1 498
1
987
5302
9684 2343
511
1
670
591
1 914
772
1 532
1 947
1975
1
1 367
3014
2309
579
10153 1097
1
1 373
1
111
1
11345
1 902
7791
1
1 637
1
1 894
849
1 878
701
930
14917 3064
2655 1698
6650 1095
1779
1 126
1
3792
1193
1 836
1544 250
1 359
1 329
10814 462
1018
549
14892
1007 1223
1 389
939
416
1
1 707
1
737
131
754
1 861
427
203
318
1754
1 646
1 387
1 610
1
1 119
1
11693 1252
289
11575
1 5
1 103
182
1883 1415
1 267
1
324
13535
1
7967
3089
1
15288
1
1
1 387
634
1 991
1
1 504
939
776
1 201
634
1
139
731
3890 2145
860
1 990
9516 1000
1556
148
1 586
1 25
1
14903
1 153
792
559
1407
911
1
1 347
1 57
3108 1158
1
629
1 810
1 735
1891
11819 1088
1 269
1 754
131
650
1
75
192
377
100
737
1 672
15660 1085
9964
8250
1
520
5631 402
1
9884 1886
719
1
1 917
1
11765
1 641
12162 1397
673
1 488
892
4703
1
1
200
274
3214 1082
898
1052
3394
1
1
1
1798
14690
1
670
1
11813 3610
790
680
8823 2901
1 274
2208
1 748
574
502
11357 476
452
1
1
1 353
6491
1
10113
12161
14214 3345
1 438
11655
10610
3089
1 276
522
1 135
1 983
1 668
373
11404 1454
1
324
16065 3745
775
1434 2317
3451
1
1 590
1
961
13863
1
1 698
1805
14594 2130
2775
761
1
2159
1590
1 820
10579 1531
844
1
1 109
1 818
395
3411 773
12189
4924 859
1
13272 1566
693
15387 4701
171
519
667
528
1
1 389
6082 1288
5750 716
1024
655 148
818
1 816
58
842
1 332
1
1
818
1
1 81
4901 1228
556
1
13063 1298
1 192
1
974
9
1 86
753
1
2552 1343
1 408
1 89
869
1
1 987
8328
6027
3143
1
1 465
1 194
9852
5178 1567
846
1698
349
1
1
1 598
1 39
2226
2057
1
862
3326
1 500
1
1 894
1 423
226
652
14535 220
2047
132
173
948
2245
978
1 122
1
1 381
1
1
1186
944
1
1 988
482
1 245
1 718
49
8888
542
1104
15843 2752
1 435
626
1
1 711
12
138 1376
3736 1335
909
1 4
14780 795
1 973
1
290
1
1560
2699
1
760
621
487
2623 1248
1798 925
14851 4766
14298
2897 1070
1
2109
899
1
898
877
1 434
1409
767
1 24
592
1
945
1 485
1045
1
1993
1 725
1 481
838
799
198
325
1
41
1 919
714
2366
1948
1
186
1 265
1
1 653
700
5880 725
1216
1
802
1 468
949
1
1 422
307
14050
1 607
1
1
596
1
1
1
1053
548
1 991
1
1
9800
587
1
1
1 427
1 693
1
1 948
13172
13880 1453
9235
7984
1 181
1
1 382
11709 865
630
979
1
1017
1 389
1 973
1 56
886
1149
675
8982
482
493
138
19
906
1 395
884
1 141
1
4341 1048
265
1
1
470
1 540
1 478
1
10530 2705
5310
3051
123
9292 390
1 596
9375 1073
13668
1
1 230
8138
1
731
737
1 478
1 285
16
597
458
1
13196 946
864
907
1 963
1 706
1
1 510
182
4548 1142
1
1 458
1
1
16460 6392
2435
310
2895 1097
1414
1 31
1
7816
1
2
1 182
7730
7246
1527
1298
701
1165
14418
507
705
1 900
1 496
1 375
1
145
882
8731
1 252
4076 1430
14667 972
1205
1492
1 533
1
2554
1 472
1
1 235
560
1339
10078
76
1 321
1937
4533 1100
1 875
7088 1432
3945
2114
277
765
1
60
367
295
1
703
14170 1527
1
1
2274
626
1742
13415 2312
12078 787
444
1 13
1
1
892
1 608
1
3455
263
1 121
1097
4788
3021 1233
39
8510
1458
1 783
902
134
6186 1136
1039
9684 2343
5302 1300
1 93
9223 1417
11533
104
196
87
342
1
4330 351
1 176
8039
1
187
561
191
1 934
1108
63
1064
1591
14175
125
11222 1923
9555 2080
1 740
1 147
1 269
6890
2184
2299
1 330
1 574
1
149
796
1 117
1
1
1551
3793
7043
1
5229
1 368
1 23
9018
338 554
1 300
1 872
1792
438
11201
12069
206
13272
1 880
2380
1
1 665
9649 1958
1
1069
1184
4341
2047 1540
1
1
1 307
541
1
95
1406
833
19
4852
1566
9926 1615
1
12099
216
1
927
1
8919
1 841
3870
488
14637
1566
925
82
1
1 783
425
147
828
1
1
1 993
10762
1
1 171
614
1142
79
463
480
4423 1405
940
1 31
489
7426
1 767
1046 1016
13183 1757
564
10469
10362 998
1 287
1
394
975
133
4873
7967
1
3400
1
1
15634 1853
1
657
480
1
696
1
1
1
1 767
856
185
1 630
1 386
11201 369
841
1
8531
6996
1
13588 316
127
839
1
842
1
1
1 761
10610 4703
1
1
97
1
870 726
861
725
7861 931
351
12153
3244
436
2456
840
1
8919 2558
1 4
1 230
765
460
1 562
1 948
1 250
16
1 602
1 172
463
390
1
7906 1062
1
4258
45
452
831
4120 1413
1 812
365
245
1 901
1
1 683
253
1
627 1440
953
1
8526 2591
1
1363
1
1 686
1 999
4681
1
854
1
379
1
9023
1201
1
1
395
909
492
168
949
1
1 377
1822
1 67
1
8207 1192
8871
7730
13215 2729
1 428
170
10509
386
1 292
1 398
7270 705
8834 2164
1
2366 1565
1348
867
1
5453
1 973
1
4998
1
1
12854
1 98
1
1 441
751
859
12419 4331
11395
1 439
923
1 140
780
1
912
673
1
1 103
1
1 280
9121 507
273
1
9375 1423
16065 4366
1 841
1
13895 2985
1
1 574
704
1
910
1 579
5006 1691
12635 1481
1
980
962
1 298
10530
689
957
1
61
1 423
1081
885 1271
1108
997
1
5178 987
1
753
1297
1
1297
1235
610
1442
1 366
1 748
730
1 304
1
1 659
14571 3945
1 165
1 756
1042
14594 3720
1092
1
11395 4279
509
1
1888
10928 1364
1
12214
6306 2214
950
344
16418 979
514
1
6917 2283
136
35
1 613
1 816
226
144
1
1 91
1
654
2264
10109 1095
8916
15660 1085
1 623
5624
9624 582
1
1
1 212
1 348
454
1
1
8531
1
4629
1
1 441
9067 2292
3049
1057
201
146
1
15554
1
1 36
1 144
1
391
1
2470
11963
1
780
1
499
1
1
1 940
1
258
1
16460 6392
1
1 640
50
8293
1
801
981
1 584
478
4480
53
2392
1184
1 518
1
373
8839 1064
3049
849
1
634
1 335
1 58
2047
1
4660
1 926
1
6277
11158
464
1
952
1
10564
1192 741
950
14637 4944
13
239
1798 925
1
1
1 315
1 961
543
2465
1 860
11244
1 872
12416 1529
1 689
219
990
1 463
10871 3659
1
2202 1515
903
1 51
1
2165
1858
969
1
415
695
1 937
440
3455
5155
1
1
1
463
1 706
1
16201 8938
1 374
464
3870
9223
1 765
1 466
1
3413
469
7
1
5124 1599
1
1
1953
1 346
1
888
1 764
1 427
1
1723
8407
1
12507
148
767
1 28
177 634
1 533
3049
9697
346
7443
1 374
13270 2556
1
716
1
1 961
1910 1544
1
1
12487 3098
14175
2694
1 300
16247 6140
1
3088
1 229
1154
14257 2220
5
1 801
117
1
114
861
1
1 114
1 943
425
6574 661
172
5677
1
739
1 613
13480
1654
1 542
1 795
1
1
1
726
1 880
667
9443 2184
794
1 544
247
424
1
287
4707
992
1 447
983
16460 6392
1 384
7986 711
1 831
10179
6295 1591
2668
1 998
489
5013
969
1 693
532
6025
1
277
1
11747
857
7986 711
531
1
1 337
1 338
1
147
1
1
1 219
1 898
97
1 531
1
519
1129
1
1
12269
1 450
13183
1 514
80
1
1 292
235
1
120
1
533
1
4580
1185
12516
723
10849
229
261
5842
1
2173
1 108
1
4637 1016
1
11471 1937
7675 1287
3205
4231 1076
15950 3262
1839
6734
6179
1
1
6015 1251
1 900
3046
1 7
10605 2073
1
2056
1
9024 599
1 371
7043
655
7126
7300 457
2442
1
14293
1
1
7642
1
10871 3659
649
3904
1
20
1 327
204
1 657
954
1
1852
1 870
3064
14298
1 442
754
5404 751
726
1
1 223
3601
995
1201
1 880
1 732
445
1
1 985
9125 726
382
708
1 82
250
1 265
674
924
848
1
624
1 796
1
826
2179
373
1 707
682
470
14214 7377
1 221
1
1
232
666
1254
1 186
15934
1191
1
5367 1110
1 301
1 638
3454
66
1
11396
2066
230
1 804
1
902
12130 1625
243
1 712
1
1 55
1
1
865
4239
1
1186
778
1 154
1
582
1 218
13507 1906
1 779
527
147
6968 742
1 290
1
1 673
1
11701 137
2565
4436 253
566
1
755
10928 1364
1 725
490
1 141
1 748
8702 1902
1
1
980
1
910 1376
905
1
3404
1
9728 171
1
8249
1
11212 485
9030 1181
10464 1837
1880
1 71
1 541
1
1
1
1896
130
1784
258
1 414
1
68
683
2047 1127
690
1
1
1
1 262
349
1085
659
1 38
1 798
1
11195 3064
1 579
14427
293
1571
1 506
736
1 676
440 543
1687
1
1 259
1 851
1 975
1 831
800
1 985
10316
1
1
1
16148
928 1461
1688
7809
3695 1209
1 568
722
1 850
154
949
4297
501
2019
1 381
723
1 472
34
1
1
205
9375 550
8271 1100
10551
1 947
1
1165
1 825
399
1 470
979
1 119
1
2268
1 756
1
1
214
1 326
1 487
1 638
638 935
8071 825
1
4523
1 427
13218
786
1 38
209
1
704
10465 933
1022
962
8046 1447
2738
1012
15880 801
4991 1357
1 237
11404 1454
1 748
4593
1421
2401 706
1
1723
1 986
1
682
1 895
1 962
1
16292 2415
957
1
264
1442 239
1 818
746 943
823
535
454
9833 1564
1
1
554 1447
11225 1533
636
1 261
2283
1
8556
3461
908
1
10360
1458
1
1 618
4180 1217
2985 1031
4548
1
1
850
775
1567
402
787
812
1 215
429
1127
1 142
1 957
5397 1176
1 129
1
1181
1
1
1 328
14330 3469
1 797
1
13849
649
1 649
1
3349 1332
758
393
820
1 704
1
260
1437
1 832
1 812
259
1684
1
4771 688
1
3491
1 572
1 611
1 877
1 29
1 72
1
742
229
176
1051
12216
7730
918
7043 892
1 199
1 645
480
312
1 780
1042
1 376
676
1 10
885
1 763
1
13895 2985
1
8507 941
1
717
1 593
1 241
632
1 624
16201 9462
1 293
2960
4419
1
1 29
1 68
390
168
1 326
1 61
10258 4641
1094
1268
4914
1 263
5160 1719
1 340
492
2359 1800
1007
834
129
1
775
11387 1141
1
1
1 1
1 312
1
11182 1157
67
1
1
14892
1 508
4306 844
4739 1011
1 561
1502
1
14476
1 218
1 206
818
1
9923 1046
10811 1896
1
1 180
1
5578 930
943
1
8531
84
1 484
355
23
1 303
1 108
9285
1
1688
1 260
1 393
566
1
5787
6635 3092
1 349
1 116
9641
10012 2833
1 853
10554 1017
1 403
261
814
1412
1
112
1 699
1511
2881 1326
400
14113
1 43
7077
1
1
1122
8657
642
2403
1
4614 1561
1 114
1
1
579
1 415
1785
1
4958 1191
14028
11556
3098
6224
1
1 143
294
1
2017
796
10460 1813
661 788
926
931
5554
6266
1
1698
795
383
5674
1197 751
1 292
397
1172 935
1
4033
3979 1375
13481
2054 278
1 887
1 901
1 479
818 664
1036
1 938
276
297
95
675
8556 2018
2789 523
1 761
819
1 480
1 616
1 587
1
13471
1
2200 690
1 54
1599
1 625
1
3454 2092
5469
2791 1356
1 703
7192
848
1 663
93
1 393
3945
1 146
1415
1
1
1 363
1376
1 633
430
1
1 349
1 793
1
823
14765
304
1 275
421
3579 1216
247
1
789
1249
1
1
1
1 784
5
3752 698
2264
11618
947
2261
1 10
1
551
1 473
1 580
1 813
7495
607
12788 1610
2584
14175 7346
12195 429
1
3445 495
1 610
847 1230
210
6696 1141
4901
1434
630
1 378
1 825
1201
1 922
9460 1845
42
16537 5385
633
1
1216
1 607
1919
759
1 566
1 133
10242 2763
10231 1065
1
426
2959 794
1
1 634
10344 2734
887
1 334
841
14054
707
1
1
1
1 881
15440 1898
910
764
1 719
1
14175 7346
234
1960
866
1 469
6612
1 744
4480 1570
1
683
14600
1
1577
1 988
688
14233
652
1572
1
1
1
1652
167
1
510
1
5124
167
659
8491
1
1
941
1434 2317
1 673
737
998
1
1 144
1 332
7194
701
1 362
578
11283
3741
480 1659
761
15111
1 323
388
14952 981
512
594
971
1 776
390
1
452
1 92
1 393
8878 1548
1
713
201
539
1 121
15500 1560
991
14086 1661
773
1 563
222
9757
704
2823
6588
937
171
1
1945 1714
1969 990
1
1
1
1 490
1 643
8707 1146
16148 1161
1009
1
10343
1048
1
1 895
1 589
1
1
1354
759
1
1
622
1
1
250
10849 4500
72
796
1
312
12472 3962
144
1176
4203
1 5
1
13732 2353
1 464
3952 1227
1
1
266
3423 1414
1215
1
1
1
8089 696
1
2650
3882
1
1
1 533
12977 1423
15660 2885
2241
12389
7830
5006 1691
1 670
883
488
1 563
1 427
141
1951
642
204
1
1
1 864
9131 1262
1
1
299
60
1
1 384
310
362
1
1
1470 498
1
1 193
1
1 912
1 86
836
810
440
500
10344
1 560
716
1 667
2651
11701 137
10464
1
1 308
1
1
1 257
1
2371
10610 4703
418
1 842
1
276
1
819
1 194
1
428
3461
16247
1
1108
1 157
3169 371
378
910
12189 1690
139
216
919
1619
14258 1904
1 569
1 29
1
1586
13467 2586
1 955
9926 1615
15228
850
1077
788
1 274
1 868
6162 735
1
3331
3205
875
239
250
1
673
10719
1 685
1
1
9389
1 277
15393 2169
859
1 58
1042
1
1 601
312
12516
1
8071
4899
1 951
1 119
864
5890 1127
1 897
1810
1994
567
79
1437
13084
1 880
1
192
1
5801 1292
577
1 272
1
1
552
186
259
1
8204
4630
1 253
1
12618
9390 894
1 833
1 165
1 133
13382 4026
1703
1
12009
321
299
1
1 804
14647 3429
1 736
1 900
928
2554
10985
1 825
1 977
3971
1
3404 591
741
1
265
575
325
1
13832
2179
1
1144
1
249
3551 1154
11765 1516
13372
4625 865
1
2763
2019
487
784
1
1
13627
141
1
1
1
1
719
8035
1676
1
1 514
475
3469
14175 7346
13442
5453
1
1
9285
1 918
582
1
510
1825
1 1000
13732
354
1 985
1
13276 3882
667
14808 1724
29
1 900
9798
1 689
11707
8908
3862 354
10050
704
366
415
348
7088 1432
1437
2353
1
1
14427 1801
1
1
1 251
1 520
1 557
1 766
10891
1 664
14644 3816
923
235
143
1
6082
1 374
1 337
6917 1196
1
1 398
1
409
10261 1530
1403
1
2417 1110
1
11077 883
1162
641
1361 1352
10905
6911 2139
998
14539
159
1 637
2194 865
1
54
1
1 979
1 125
13832 1873
2915
390
14769
453
2268
1 898
966
1 551
7250 652
1 995
6137
1
7242 1254
4753 1013
9094
1 887
1
1140 525
338
587
1
3798
1
3838
9555 2080
2068
2329 1554
1
1 600
2120
798
1 723
676
11711 1479
839
1
1 247
13196 946
1
842
11900
1
1902
1 360
109 210
660
33
1 637
851
1 985
10499 327
4331
13461
1
150
1531
1677
2162
1 551
1
927
1 728
1
1
1168
453
2496
962
687
1 804
1
7821
6240 1472
832
1
1
702
1
150
861
1 305
5707 1930
22
1 367
4370
4373
812
376
13305 2997
2804
1
569
302
1 972
1
1 958
1 191
1
7601 1598
1192
12267
1
8713
1 247
1
110
2498 2585
2552 2531
189 270
1
138
1
938
595
4718 136
300
1
2465
1 58
369
14594
1 826
1 274
520
1688
470
1
8290
1 857
11765 1516
960
1 612
12161
1 563
295
13627 1441
10022 1643
1 614
1 712
1 184
4341
1 327
1 324
1513
885
1
1
4427 650
1
15288 3805
1013
1361
1
755
1 832
863
14672 2311
1 134
903
1135
11312 391
887
252
1502
1 398
8772
2536
622
16015
1
699
475
4015
3088 480
935
232
920
5735
1 596
10309 1957
9555 2080
2323
403
1 361
16247 7588
480
14607
14
2131
107
2338
1652
9913
4239
1870
729 624
8185 3561
432
1522
1
967
501
5646 706
15129
720
1
892
1
657
1
9109 392
1 946
9450
1
6612 1824
1 810
1 479
14369 1411
1
1
1
13193
10369
855
14914
1 718
6082 1288
2959 828
14856
201
878
1 37
2609
1 647
13304 1077
237
1904
1316
12245 1939
1
13471 3094
697
2041
3752 698
661
1 873
1 423
6023 1031
649
1 809
1
1
1 889
3782 853
14634
10136
1 291
5404
1
2766
1
6063 1581
2225
1
686
474
1
1615
2885
7513 1684
7588
9041 705
95
1
1
10194 1173
12516
9978
133
1
8216
6994 1907
1 689
851
1 654
954
1
6554
1159
1 187
363
860
1
4581
6500 413
12415 2019
665
